${PATTERN}${PATTERN}${PATTERN}${PATTERN}${PATTERN}${PATTERN}${PATTERN}${PATTERN}${PATTERN} org.yaml.snakeyaml.scanner.ScannerException: mapping values are not allowed here
 in 'reader', line 8, column 14:
            druid: 
                 ^

	at org.yaml.snakeyaml.scanner.ScannerImpl.fetchValue(ScannerImpl.java:870) ~[snakeyaml-1.23.jar:?]
	at org.yaml.snakeyaml.scanner.ScannerImpl.fetchMoreTokens(ScannerImpl.java:358) ~[snakeyaml-1.23.jar:?]
	at org.yaml.snakeyaml.scanner.ScannerImpl.checkToken(ScannerImpl.java:227) ~[snakeyaml-1.23.jar:?]
	at org.yaml.snakeyaml.parser.ParserImpl$ParseBlockMappingKey.produce(ParserImpl.java:558) ~[snakeyaml-1.23.jar:?]
	at org.yaml.snakeyaml.parser.ParserImpl.peekEvent(ParserImpl.java:158) ~[snakeyaml-1.23.jar:?]
	at org.yaml.snakeyaml.parser.ParserImpl.checkEvent(ParserImpl.java:148) ~[snakeyaml-1.23.jar:?]
	at org.yaml.snakeyaml.composer.Composer.composeMappingNode(Composer.java:214) ~[snakeyaml-1.23.jar:?]
	at org.yaml.snakeyaml.composer.Composer.composeNode(Composer.java:144) ~[snakeyaml-1.23.jar:?]
	at org.yaml.snakeyaml.composer.Composer.getNode(Composer.java:85) ~[snakeyaml-1.23.jar:?]
	at org.yaml.snakeyaml.constructor.BaseConstructor.getData(BaseConstructor.java:123) ~[snakeyaml-1.23.jar:?]
	at org.yaml.snakeyaml.Yaml$1.next(Yaml.java:547) ~[snakeyaml-1.23.jar:?]
	at org.springframework.beans.factory.config.YamlProcessor.process(YamlProcessor.java:161) ~[spring-beans-5.1.5.RELEASE.jar:5.1.5.RELEASE]
	at org.springframework.beans.factory.config.YamlProcessor.process(YamlProcessor.java:134) ~[spring-beans-5.1.5.RELEASE.jar:5.1.5.RELEASE]
	at org.springframework.beans.factory.config.YamlPropertiesFactoryBean.createProperties(YamlPropertiesFactoryBean.java:135) ~[spring-beans-5.1.5.RELEASE.jar:5.1.5.RELEASE]
	at org.springframework.beans.factory.config.YamlPropertiesFactoryBean.getObject(YamlPropertiesFactoryBean.java:115) ~[spring-beans-5.1.5.RELEASE.jar:5.1.5.RELEASE]
	at com.alibaba.cloud.nacos.client.NacosPropertySourceBuilder.loadNacosData(NacosPropertySourceBuilder.java:100) [spring-cloud-alibaba-nacos-config-2.1.0.RELEASE.jar:2.1.0.RELEASE]
	at com.alibaba.cloud.nacos.client.NacosPropertySourceBuilder.build(NacosPropertySourceBuilder.java:75) [spring-cloud-alibaba-nacos-config-2.1.0.RELEASE.jar:2.1.0.RELEASE]
	at com.alibaba.cloud.nacos.client.NacosPropertySourceLocator.loadNacosDataIfPresent(NacosPropertySourceLocator.java:179) [spring-cloud-alibaba-nacos-config-2.1.0.RELEASE.jar:2.1.0.RELEASE]
	at com.alibaba.cloud.nacos.client.NacosPropertySourceLocator.loadExtConfiguration(NacosPropertySourceLocator.java:129) [spring-cloud-alibaba-nacos-config-2.1.0.RELEASE.jar:2.1.0.RELEASE]
	at com.alibaba.cloud.nacos.client.NacosPropertySourceLocator.locate(NacosPropertySourceLocator.java:87) [spring-cloud-alibaba-nacos-config-2.1.0.RELEASE.jar:2.1.0.RELEASE]
	at org.springframework.cloud.bootstrap.config.PropertySourceBootstrapConfiguration.initialize(PropertySourceBootstrapConfiguration.java:94) [spring-cloud-context-2.1.0.RELEASE.jar:2.1.0.RELEASE]
	at org.springframework.boot.SpringApplication.applyInitializers(SpringApplication.java:649) [spring-boot-2.1.3.RELEASE.jar:2.1.3.RELEASE]
	at org.springframework.boot.SpringApplication.prepareContext(SpringApplication.java:373) [spring-boot-2.1.3.RELEASE.jar:2.1.3.RELEASE]
	at org.springframework.boot.SpringApplication.run(SpringApplication.java:314) [spring-boot-2.1.3.RELEASE.jar:2.1.3.RELEASE]
	at org.springframework.boot.SpringApplication.run(SpringApplication.java:1260) [spring-boot-2.1.3.RELEASE.jar:2.1.3.RELEASE]
	at org.springframework.boot.SpringApplication.run(SpringApplication.java:1248) [spring-boot-2.1.3.RELEASE.jar:2.1.3.RELEASE]
	at com.shanjupay.merchant.MerchantBootstrap.main(MerchantBootstrap.java:16) [classes/:?]
${PATTERN}${PATTERN}${PATTERN}${PATTERN}${PATTERN}${PATTERN}${PATTERN}${PATTERN}${PATTERN}${PATTERN}${PATTERN}${PATTERN}${PATTERN}${PATTERN}${PATTERN}${PATTERN}${PATTERN}${PATTERN}${PATTERN}${PATTERN}${PATTERN}${PATTERN}${PATTERN}${PATTERN}${PATTERN}${PATTERN}${PATTERN}${PATTERN}${PATTERN}${PATTERN}${PATTERN}${PATTERN}${PATTERN}${PATTERN}${PATTERN}${PATTERN}${PATTERN}${PATTERN}${PATTERN}${PATTERN}${PATTERN}${PATTERN}${PATTERN}${PATTERN}${PATTERN}${PATTERN}${PATTERN}${PATTERN}${PATTERN}${PATTERN}${PATTERN}${PATTERN}${PATTERN}${PATTERN}${PATTERN}${PATTERN}${PATTERN}${PATTERN}${PATTERN}${PATTERN}${PATTERN}${PATTERN}${PATTERN}${PATTERN}${PATTERN}${PATTERN}${PATTERN}${PATTERN}${PATTERN}${PATTERN}${PATTERN}${PATTERN}${PATTERN}${PATTERN}${PATTERN}${PATTERN}${PATTERN}${PATTERN}${PATTERN}${PATTERN}${PATTERN}${PATTERN}${PATTERN}${PATTERN}${PATTERN}${PATTERN}${PATTERN}${PATTERN}${PATTERN}${PATTERN}${PATTERN}${PATTERN}${PATTERN}${PATTERN}${PATTERN}${PATTERN}${PATTERN}${PATTERN}${PATTERN}${PATTERN}${PATTERN}${PATTERN}${PATTERN}${PATTERN}${PATTERN} org.apache.dubbo.remoting.RemotingException: client(url: dubbo://10.18.19.38:20891/com.alibaba.cloud.dubbo.service.DubboMetadataService?anyhost=true&application=merchant-service&bind.ip=10.18.19.38&bind.port=20891&check=false&codec=dubbo&deprecated=false&dubbo=2.0.2&dynamic=true&generic=true&group=merchant-application&heartbeat=60000&interface=com.alibaba.cloud.dubbo.service.DubboMetadataService&lazy=false&methods=getAllServiceKeys,getServiceRestMetadata,getExportedURLs,getAllExportedURLs&pid=1533&qos.enable=false&qos.port=22240&register=true&register.ip=10.18.19.38&release=2.7.3&remote.application=merchant-application&retries=-1&revision=2.1.0.RELEASE&side=consumer&sticky=false&timeout=90000&timestamp=1635990336153&version=1.0.0) failed to connect to server /10.18.19.38:20891, error message is:Connection refused: /10.18.19.38:20891
	at org.apache.dubbo.remoting.transport.netty4.NettyClient.doConnect(NettyClient.java:166) ~[dubbo-2.7.3.jar:2.7.3]
	at org.apache.dubbo.remoting.transport.AbstractClient.connect(AbstractClient.java:190) ~[dubbo-2.7.3.jar:2.7.3]
	at org.apache.dubbo.remoting.transport.AbstractClient.<init>(AbstractClient.java:69) ~[dubbo-2.7.3.jar:2.7.3]
	at org.apache.dubbo.remoting.transport.netty4.NettyClient.<init>(NettyClient.java:80) ~[dubbo-2.7.3.jar:2.7.3]
	at org.apache.dubbo.remoting.transport.netty4.NettyTransporter.connect(NettyTransporter.java:40) ~[dubbo-2.7.3.jar:2.7.3]
	at org.apache.dubbo.remoting.Transporter$Adaptive.connect(Transporter$Adaptive.java) ~[dubbo-2.7.3.jar:2.7.3]
	at org.apache.dubbo.remoting.Transporters.connect(Transporters.java:75) ~[dubbo-2.7.3.jar:2.7.3]
	at org.apache.dubbo.remoting.exchange.support.header.HeaderExchanger.connect(HeaderExchanger.java:39) ~[dubbo-2.7.3.jar:2.7.3]
	at org.apache.dubbo.remoting.exchange.Exchangers.connect(Exchangers.java:109) ~[dubbo-2.7.3.jar:2.7.3]
	at org.apache.dubbo.rpc.protocol.dubbo.DubboProtocol.initClient(DubboProtocol.java:595) ~[dubbo-2.7.3.jar:2.7.3]
	at org.apache.dubbo.rpc.protocol.dubbo.DubboProtocol.buildReferenceCountExchangeClient(DubboProtocol.java:563) ~[dubbo-2.7.3.jar:2.7.3]
	at org.apache.dubbo.rpc.protocol.dubbo.DubboProtocol.buildReferenceCountExchangeClientList(DubboProtocol.java:550) ~[dubbo-2.7.3.jar:2.7.3]
	at org.apache.dubbo.rpc.protocol.dubbo.DubboProtocol.getSharedClient(DubboProtocol.java:475) ~[dubbo-2.7.3.jar:2.7.3]
	at org.apache.dubbo.rpc.protocol.dubbo.DubboProtocol.getClients(DubboProtocol.java:430) ~[dubbo-2.7.3.jar:2.7.3]
	at org.apache.dubbo.rpc.protocol.dubbo.DubboProtocol.protocolBindingRefer(DubboProtocol.java:407) ~[dubbo-2.7.3.jar:2.7.3]
	at org.apache.dubbo.rpc.protocol.AbstractProtocol.refer(AbstractProtocol.java:91) ~[dubbo-2.7.3.jar:2.7.3]
	at org.apache.dubbo.qos.protocol.QosProtocolWrapper.refer(QosProtocolWrapper.java:72) ~[dubbo-2.7.3.jar:2.7.3]
	at org.apache.dubbo.rpc.protocol.ProtocolFilterWrapper.refer(ProtocolFilterWrapper.java:130) ~[dubbo-2.7.3.jar:2.7.3]
	at org.apache.dubbo.rpc.protocol.ProtocolListenerWrapper.refer(ProtocolListenerWrapper.java:71) ~[dubbo-2.7.3.jar:2.7.3]
	at org.apache.dubbo.rpc.Protocol$Adaptive.refer(Protocol$Adaptive.java) ~[dubbo-2.7.3.jar:2.7.3]
	at org.apache.dubbo.registry.integration.RegistryDirectory.toInvokers(RegistryDirectory.java:423) ~[dubbo-2.7.3.jar:2.7.3]
	at org.apache.dubbo.registry.integration.RegistryDirectory.refreshInvoker(RegistryDirectory.java:280) ~[dubbo-2.7.3.jar:2.7.3]
	at org.apache.dubbo.registry.integration.RegistryDirectory.refreshOverrideAndInvoker(RegistryDirectory.java:239) ~[dubbo-2.7.3.jar:2.7.3]
	at org.apache.dubbo.registry.integration.RegistryDirectory.notify(RegistryDirectory.java:233) ~[dubbo-2.7.3.jar:2.7.3]
	at com.alibaba.cloud.dubbo.registry.AbstractSpringCloudRegistry.subscribeDubboMetadataServiceURLs(AbstractSpringCloudRegistry.java:343) ~[spring-cloud-alibaba-dubbo-2.1.0.RELEASE.jar:2.1.0.RELEASE]
	at com.alibaba.cloud.dubbo.registry.AbstractSpringCloudRegistry.doSubscribe(AbstractSpringCloudRegistry.java:160) ~[spring-cloud-alibaba-dubbo-2.1.0.RELEASE.jar:2.1.0.RELEASE]
	at org.apache.dubbo.registry.support.FailbackRegistry.subscribe(FailbackRegistry.java:295) ~[dubbo-2.7.3.jar:2.7.3]
	at org.apache.dubbo.registry.integration.RegistryDirectory.subscribe(RegistryDirectory.java:172) ~[dubbo-2.7.3.jar:2.7.3]
	at org.apache.dubbo.registry.integration.RegistryProtocol.doRefer(RegistryProtocol.java:411) ~[dubbo-2.7.3.jar:2.7.3]
	at org.apache.dubbo.registry.integration.RegistryProtocol.refer(RegistryProtocol.java:392) ~[dubbo-2.7.3.jar:2.7.3]
	at org.apache.dubbo.qos.protocol.QosProtocolWrapper.refer(QosProtocolWrapper.java:70) ~[dubbo-2.7.3.jar:2.7.3]
	at org.apache.dubbo.rpc.protocol.ProtocolFilterWrapper.refer(ProtocolFilterWrapper.java:128) ~[dubbo-2.7.3.jar:2.7.3]
	at org.apache.dubbo.rpc.protocol.ProtocolListenerWrapper.refer(ProtocolListenerWrapper.java:69) ~[dubbo-2.7.3.jar:2.7.3]
	at org.apache.dubbo.rpc.Protocol$Adaptive.refer(Protocol$Adaptive.java) ~[dubbo-2.7.3.jar:2.7.3]
	at org.apache.dubbo.config.ReferenceConfig.createProxy(ReferenceConfig.java:401) ~[dubbo-2.7.3.jar:2.7.3]
	at org.apache.dubbo.config.ReferenceConfig.init(ReferenceConfig.java:329) ~[dubbo-2.7.3.jar:2.7.3]
	at org.apache.dubbo.config.ReferenceConfig.get(ReferenceConfig.java:250) ~[dubbo-2.7.3.jar:2.7.3]
	at com.alibaba.cloud.dubbo.service.DubboGenericServiceFactory.create(DubboGenericServiceFactory.java:80) ~[spring-cloud-alibaba-dubbo-2.1.0.RELEASE.jar:2.1.0.RELEASE]
	at com.alibaba.cloud.dubbo.service.DubboMetadataServiceInvocationHandler.<init>(DubboMetadataServiceInvocationHandler.java:41) ~[spring-cloud-alibaba-dubbo-2.1.0.RELEASE.jar:2.1.0.RELEASE]
	at com.alibaba.cloud.dubbo.service.DubboMetadataServiceProxy.newProxy(DubboMetadataServiceProxy.java:83) ~[spring-cloud-alibaba-dubbo-2.1.0.RELEASE.jar:2.1.0.RELEASE]
	at com.alibaba.cloud.dubbo.service.DubboMetadataServiceProxy.lambda$initProxy$0(DubboMetadataServiceProxy.java:52) ~[spring-cloud-alibaba-dubbo-2.1.0.RELEASE.jar:2.1.0.RELEASE]
	at java.util.concurrent.ConcurrentHashMap.computeIfAbsent(ConcurrentHashMap.java:1660) ~[?:1.8.0_312]
	at com.alibaba.cloud.dubbo.service.DubboMetadataServiceProxy.initProxy(DubboMetadataServiceProxy.java:51) ~[spring-cloud-alibaba-dubbo-2.1.0.RELEASE.jar:2.1.0.RELEASE]
	at com.alibaba.cloud.dubbo.metadata.repository.DubboServiceMetadataRepository.initDubboMetadataServiceProxy(DubboServiceMetadataRepository.java:640) ~[spring-cloud-alibaba-dubbo-2.1.0.RELEASE.jar:2.1.0.RELEASE]
	at com.alibaba.cloud.dubbo.metadata.repository.DubboServiceMetadataRepository.lambda$null$4(DubboServiceMetadataRepository.java:619) ~[spring-cloud-alibaba-dubbo-2.1.0.RELEASE.jar:2.1.0.RELEASE]
	at java.util.ArrayList.forEach(ArrayList.java:1259) ~[?:1.8.0_312]
	at com.alibaba.cloud.dubbo.metadata.repository.DubboServiceMetadataRepository.lambda$initSubscribedDubboMetadataService$5(DubboServiceMetadataRepository.java:615) ~[spring-cloud-alibaba-dubbo-2.1.0.RELEASE.jar:2.1.0.RELEASE]
	at java.util.Optional.ifPresent(Optional.java:159) ~[?:1.8.0_312]
	at com.alibaba.cloud.dubbo.metadata.repository.DubboServiceMetadataRepository.initSubscribedDubboMetadataService(DubboServiceMetadataRepository.java:614) ~[spring-cloud-alibaba-dubbo-2.1.0.RELEASE.jar:2.1.0.RELEASE]
	at com.alibaba.cloud.dubbo.metadata.repository.DubboServiceMetadataRepository.initializeMetadata(DubboServiceMetadataRepository.java:286) ~[spring-cloud-alibaba-dubbo-2.1.0.RELEASE.jar:2.1.0.RELEASE]
	at java.lang.Iterable.forEach(Iterable.java:75) [?:1.8.0_312]
	at com.alibaba.cloud.dubbo.metadata.repository.DubboServiceMetadataRepository.initializeMetadata(DubboServiceMetadataRepository.java:260) [spring-cloud-alibaba-dubbo-2.1.0.RELEASE.jar:2.1.0.RELEASE]
	at com.alibaba.cloud.dubbo.metadata.repository.DubboServiceMetadataRepository.afterSingletonsInstantiated(DubboServiceMetadataRepository.java:253) [spring-cloud-alibaba-dubbo-2.1.0.RELEASE.jar:2.1.0.RELEASE]
	at com.alibaba.cloud.dubbo.metadata.repository.DubboServiceMetadataRepository$$FastClassBySpringCGLIB$$4ef4b7bd.invoke(<generated>) [spring-cloud-alibaba-dubbo-2.1.0.RELEASE.jar:2.1.0.RELEASE]
	at org.springframework.cglib.proxy.MethodProxy.invoke(MethodProxy.java:218) [spring-core-5.1.5.RELEASE.jar:5.1.5.RELEASE]
	at org.springframework.aop.framework.CglibAopProxy$CglibMethodInvocation.invokeJoinpoint(CglibAopProxy.java:749) [spring-aop-5.1.5.RELEASE.jar:5.1.5.RELEASE]
	at org.springframework.aop.framework.ReflectiveMethodInvocation.proceed(ReflectiveMethodInvocation.java:163) [spring-aop-5.1.5.RELEASE.jar:5.1.5.RELEASE]
	at org.springframework.dao.support.PersistenceExceptionTranslationInterceptor.invoke(PersistenceExceptionTranslationInterceptor.java:139) [spring-tx-5.1.5.RELEASE.jar:5.1.5.RELEASE]
	at org.springframework.aop.framework.ReflectiveMethodInvocation.proceed(ReflectiveMethodInvocation.java:186) [spring-aop-5.1.5.RELEASE.jar:5.1.5.RELEASE]
	at org.springframework.aop.framework.CglibAopProxy$DynamicAdvisedInterceptor.intercept(CglibAopProxy.java:688) [spring-aop-5.1.5.RELEASE.jar:5.1.5.RELEASE]
	at com.alibaba.cloud.dubbo.metadata.repository.DubboServiceMetadataRepository$$EnhancerBySpringCGLIB$$c4bbeeba.afterSingletonsInstantiated(<generated>) [spring-cloud-alibaba-dubbo-2.1.0.RELEASE.jar:2.1.0.RELEASE]
	at org.springframework.beans.factory.support.DefaultListableBeanFactory.preInstantiateSingletons(DefaultListableBeanFactory.java:866) [spring-beans-5.1.5.RELEASE.jar:5.1.5.RELEASE]
	at org.springframework.context.support.AbstractApplicationContext.finishBeanFactoryInitialization(AbstractApplicationContext.java:877) [spring-context-5.1.5.RELEASE.jar:5.1.5.RELEASE]
	at org.springframework.context.support.AbstractApplicationContext.refresh(AbstractApplicationContext.java:549) [spring-context-5.1.5.RELEASE.jar:5.1.5.RELEASE]
	at org.springframework.boot.web.servlet.context.ServletWebServerApplicationContext.refresh(ServletWebServerApplicationContext.java:142) [spring-boot-2.1.3.RELEASE.jar:2.1.3.RELEASE]
	at org.springframework.boot.SpringApplication.refresh(SpringApplication.java:775) [spring-boot-2.1.3.RELEASE.jar:2.1.3.RELEASE]
	at org.springframework.boot.SpringApplication.refreshContext(SpringApplication.java:397) [spring-boot-2.1.3.RELEASE.jar:2.1.3.RELEASE]
	at org.springframework.boot.SpringApplication.run(SpringApplication.java:316) [spring-boot-2.1.3.RELEASE.jar:2.1.3.RELEASE]
	at org.springframework.boot.SpringApplication.run(SpringApplication.java:1260) [spring-boot-2.1.3.RELEASE.jar:2.1.3.RELEASE]
	at org.springframework.boot.SpringApplication.run(SpringApplication.java:1248) [spring-boot-2.1.3.RELEASE.jar:2.1.3.RELEASE]
	at com.shanjupay.merchant.MerchantBootstrap.main(MerchantBootstrap.java:16) [classes/:?]
Caused by: io.netty.channel.AbstractChannel$AnnotatedConnectException: Connection refused: /10.18.19.38:20891
	at sun.nio.ch.SocketChannelImpl.checkConnect(Native Method) ~[?:1.8.0_312]
	at sun.nio.ch.SocketChannelImpl.finishConnect(SocketChannelImpl.java:716) ~[?:1.8.0_312]
	at io.netty.channel.socket.nio.NioSocketChannel.doFinishConnect(NioSocketChannel.java:327) ~[netty-all-4.1.33.Final.jar:4.1.33.Final]
	at io.netty.channel.nio.AbstractNioChannel$AbstractNioUnsafe.finishConnect(AbstractNioChannel.java:340) ~[netty-all-4.1.33.Final.jar:4.1.33.Final]
	at io.netty.channel.nio.NioEventLoop.processSelectedKey(NioEventLoop.java:665) ~[netty-all-4.1.33.Final.jar:4.1.33.Final]
	at io.netty.channel.nio.NioEventLoop.processSelectedKeysOptimized(NioEventLoop.java:612) ~[netty-all-4.1.33.Final.jar:4.1.33.Final]
	at io.netty.channel.nio.NioEventLoop.processSelectedKeys(NioEventLoop.java:529) ~[netty-all-4.1.33.Final.jar:4.1.33.Final]
	at io.netty.channel.nio.NioEventLoop.run(NioEventLoop.java:491) ~[netty-all-4.1.33.Final.jar:4.1.33.Final]
	at io.netty.util.concurrent.SingleThreadEventExecutor$5.run(SingleThreadEventExecutor.java:905) ~[netty-all-4.1.33.Final.jar:4.1.33.Final]
	at io.netty.util.concurrent.FastThreadLocalRunnable.run(FastThreadLocalRunnable.java:30) ~[netty-all-4.1.33.Final.jar:4.1.33.Final]
	at java.lang.Thread.run(Thread.java:748) ~[?:1.8.0_312]
Caused by: java.net.ConnectException: Connection refused
	at sun.nio.ch.SocketChannelImpl.checkConnect(Native Method) ~[?:1.8.0_312]
	at sun.nio.ch.SocketChannelImpl.finishConnect(SocketChannelImpl.java:716) ~[?:1.8.0_312]
	at io.netty.channel.socket.nio.NioSocketChannel.doFinishConnect(NioSocketChannel.java:327) ~[netty-all-4.1.33.Final.jar:4.1.33.Final]
	at io.netty.channel.nio.AbstractNioChannel$AbstractNioUnsafe.finishConnect(AbstractNioChannel.java:340) ~[netty-all-4.1.33.Final.jar:4.1.33.Final]
	at io.netty.channel.nio.NioEventLoop.processSelectedKey(NioEventLoop.java:665) ~[netty-all-4.1.33.Final.jar:4.1.33.Final]
	at io.netty.channel.nio.NioEventLoop.processSelectedKeysOptimized(NioEventLoop.java:612) ~[netty-all-4.1.33.Final.jar:4.1.33.Final]
	at io.netty.channel.nio.NioEventLoop.processSelectedKeys(NioEventLoop.java:529) ~[netty-all-4.1.33.Final.jar:4.1.33.Final]
	at io.netty.channel.nio.NioEventLoop.run(NioEventLoop.java:491) ~[netty-all-4.1.33.Final.jar:4.1.33.Final]
	at io.netty.util.concurrent.SingleThreadEventExecutor$5.run(SingleThreadEventExecutor.java:905) ~[netty-all-4.1.33.Final.jar:4.1.33.Final]
	at io.netty.util.concurrent.FastThreadLocalRunnable.run(FastThreadLocalRunnable.java:30) ~[netty-all-4.1.33.Final.jar:4.1.33.Final]
	at java.lang.Thread.run(Thread.java:748) ~[?:1.8.0_312]
${PATTERN}${PATTERN}${PATTERN}${PATTERN}${PATTERN}${PATTERN}${PATTERN} org.apache.dubbo.rpc.RpcException: No provider available in [invoker :interface org.apache.dubbo.rpc.service.GenericService -> spring-cloud://localhost:9090/org.apache.dubbo.registry.RegistryService?anyhost=true&application=merchant-service&bind.ip=10.18.19.38&bind.port=20891&check=false&deprecated=false&dubbo=2.0.2&dynamic=true&generic=true&group=merchant-application&interface=com.alibaba.cloud.dubbo.service.DubboMetadataService&lazy=false&methods=getAllServiceKeys,getServiceRestMetadata,getExportedURLs,getAllExportedURLs&pid=1533&qos.enable=false&qos.port=22240&register=true&register.ip=10.18.19.38&release=2.7.3&remote.application=merchant-application&retries=-1&revision=2.1.0.RELEASE&side=consumer&sticky=false&timeout=90000&timestamp=1635990743978&version=1.0.0,directory: org.apache.dubbo.registry.integration.RegistryDirectory@74d22ddd, invoker :interface org.apache.dubbo.rpc.service.GenericService -> nacos://127.0.0.1:8848/org.apache.dubbo.registry.RegistryService?application=merchant-service&check=false&dubbo=2.0.2&generic=true&group=merchant-application&interface=com.alibaba.cloud.dubbo.service.DubboMetadataService&lazy=false&pid=1533&qos.enable=false&qos.port=22240&register.ip=10.18.19.38&release=2.7.3&retries=-1&side=consumer&sticky=false&timeout=90000&timestamp=1635990743978&version=1.0.0,directory: org.apache.dubbo.registry.integration.RegistryDirectory@4cd7e993]
	at org.apache.dubbo.rpc.cluster.support.RegistryAwareClusterInvoker.doInvoke(RegistryAwareClusterInvoker.java:59) ~[dubbo-2.7.3.jar:2.7.3]
	at org.apache.dubbo.rpc.cluster.support.AbstractClusterInvoker.invoke(AbstractClusterInvoker.java:248) ~[dubbo-2.7.3.jar:2.7.3]
	at org.apache.dubbo.rpc.cluster.support.wrapper.MockClusterInvoker.invoke(MockClusterInvoker.java:78) ~[dubbo-2.7.3.jar:2.7.3]
	at org.apache.dubbo.rpc.proxy.InvokerInvocationHandler.invoke(InvokerInvocationHandler.java:55) ~[dubbo-2.7.3.jar:2.7.3]
	at org.apache.dubbo.common.bytecode.proxy0.$invoke(proxy0.java) ~[dubbo-2.7.3.jar:2.7.3]
	at com.alibaba.cloud.dubbo.service.DubboMetadataServiceInvocationHandler.invoke(DubboMetadataServiceInvocationHandler.java:49) ~[spring-cloud-alibaba-dubbo-2.1.0.RELEASE.jar:2.1.0.RELEASE]
	at com.sun.proxy.$Proxy143.getServiceRestMetadata(Unknown Source) ~[?:?]
	at com.alibaba.cloud.dubbo.metadata.repository.DubboServiceMetadataRepository.getServiceRestMetadataSet(DubboServiceMetadataRepository.java:591) ~[spring-cloud-alibaba-dubbo-2.1.0.RELEASE.jar:2.1.0.RELEASE]
	at com.alibaba.cloud.dubbo.metadata.repository.DubboServiceMetadataRepository.initDubboRestServiceMetadataRepository(DubboServiceMetadataRepository.java:479) ~[spring-cloud-alibaba-dubbo-2.1.0.RELEASE.jar:2.1.0.RELEASE]
	at com.alibaba.cloud.dubbo.metadata.repository.DubboServiceMetadataRepository.initializeMetadata(DubboServiceMetadataRepository.java:287) ~[spring-cloud-alibaba-dubbo-2.1.0.RELEASE.jar:2.1.0.RELEASE]
	at java.lang.Iterable.forEach(Iterable.java:75) [?:1.8.0_312]
	at com.alibaba.cloud.dubbo.metadata.repository.DubboServiceMetadataRepository.initializeMetadata(DubboServiceMetadataRepository.java:260) [spring-cloud-alibaba-dubbo-2.1.0.RELEASE.jar:2.1.0.RELEASE]
	at com.alibaba.cloud.dubbo.metadata.repository.DubboServiceMetadataRepository.afterSingletonsInstantiated(DubboServiceMetadataRepository.java:253) [spring-cloud-alibaba-dubbo-2.1.0.RELEASE.jar:2.1.0.RELEASE]
	at com.alibaba.cloud.dubbo.metadata.repository.DubboServiceMetadataRepository$$FastClassBySpringCGLIB$$4ef4b7bd.invoke(<generated>) [spring-cloud-alibaba-dubbo-2.1.0.RELEASE.jar:2.1.0.RELEASE]
	at org.springframework.cglib.proxy.MethodProxy.invoke(MethodProxy.java:218) [spring-core-5.1.5.RELEASE.jar:5.1.5.RELEASE]
	at org.springframework.aop.framework.CglibAopProxy$CglibMethodInvocation.invokeJoinpoint(CglibAopProxy.java:749) [spring-aop-5.1.5.RELEASE.jar:5.1.5.RELEASE]
	at org.springframework.aop.framework.ReflectiveMethodInvocation.proceed(ReflectiveMethodInvocation.java:163) [spring-aop-5.1.5.RELEASE.jar:5.1.5.RELEASE]
	at org.springframework.dao.support.PersistenceExceptionTranslationInterceptor.invoke(PersistenceExceptionTranslationInterceptor.java:139) [spring-tx-5.1.5.RELEASE.jar:5.1.5.RELEASE]
	at org.springframework.aop.framework.ReflectiveMethodInvocation.proceed(ReflectiveMethodInvocation.java:186) [spring-aop-5.1.5.RELEASE.jar:5.1.5.RELEASE]
	at org.springframework.aop.framework.CglibAopProxy$DynamicAdvisedInterceptor.intercept(CglibAopProxy.java:688) [spring-aop-5.1.5.RELEASE.jar:5.1.5.RELEASE]
	at com.alibaba.cloud.dubbo.metadata.repository.DubboServiceMetadataRepository$$EnhancerBySpringCGLIB$$c4bbeeba.afterSingletonsInstantiated(<generated>) [spring-cloud-alibaba-dubbo-2.1.0.RELEASE.jar:2.1.0.RELEASE]
	at org.springframework.beans.factory.support.DefaultListableBeanFactory.preInstantiateSingletons(DefaultListableBeanFactory.java:866) [spring-beans-5.1.5.RELEASE.jar:5.1.5.RELEASE]
	at org.springframework.context.support.AbstractApplicationContext.finishBeanFactoryInitialization(AbstractApplicationContext.java:877) [spring-context-5.1.5.RELEASE.jar:5.1.5.RELEASE]
	at org.springframework.context.support.AbstractApplicationContext.refresh(AbstractApplicationContext.java:549) [spring-context-5.1.5.RELEASE.jar:5.1.5.RELEASE]
	at org.springframework.boot.web.servlet.context.ServletWebServerApplicationContext.refresh(ServletWebServerApplicationContext.java:142) [spring-boot-2.1.3.RELEASE.jar:2.1.3.RELEASE]
	at org.springframework.boot.SpringApplication.refresh(SpringApplication.java:775) [spring-boot-2.1.3.RELEASE.jar:2.1.3.RELEASE]
	at org.springframework.boot.SpringApplication.refreshContext(SpringApplication.java:397) [spring-boot-2.1.3.RELEASE.jar:2.1.3.RELEASE]
	at org.springframework.boot.SpringApplication.run(SpringApplication.java:316) [spring-boot-2.1.3.RELEASE.jar:2.1.3.RELEASE]
	at org.springframework.boot.SpringApplication.run(SpringApplication.java:1260) [spring-boot-2.1.3.RELEASE.jar:2.1.3.RELEASE]
	at org.springframework.boot.SpringApplication.run(SpringApplication.java:1248) [spring-boot-2.1.3.RELEASE.jar:2.1.3.RELEASE]
	at com.shanjupay.merchant.MerchantBootstrap.main(MerchantBootstrap.java:16) [classes/:?]
${PATTERN}${PATTERN}${PATTERN}${PATTERN}${PATTERN}${PATTERN}${PATTERN}${PATTERN}${PATTERN}${PATTERN}${PATTERN}${PATTERN}${PATTERN}${PATTERN}${PATTERN} org.apache.dubbo.rpc.RpcException: No provider available in [invoker :interface org.apache.dubbo.rpc.service.GenericService -> spring-cloud://localhost:9090/org.apache.dubbo.registry.RegistryService?anyhost=true&application=merchant-service&bind.ip=10.18.19.38&bind.port=20891&check=false&deprecated=false&dubbo=2.0.2&dynamic=true&generic=true&group=merchant-application&interface=com.alibaba.cloud.dubbo.service.DubboMetadataService&lazy=false&methods=getAllServiceKeys,getServiceRestMetadata,getExportedURLs,getAllExportedURLs&pid=1533&qos.enable=false&qos.port=22240&register=true&register.ip=10.18.19.38&release=2.7.3&remote.application=merchant-application&retries=-1&revision=2.1.0.RELEASE&side=consumer&sticky=false&timeout=90000&timestamp=1635990743978&version=1.0.0,directory: org.apache.dubbo.registry.integration.RegistryDirectory@74d22ddd, invoker :interface org.apache.dubbo.rpc.service.GenericService -> nacos://127.0.0.1:8848/org.apache.dubbo.registry.RegistryService?application=merchant-service&check=false&dubbo=2.0.2&generic=true&group=merchant-application&interface=com.alibaba.cloud.dubbo.service.DubboMetadataService&lazy=false&pid=1533&qos.enable=false&qos.port=22240&register.ip=10.18.19.38&release=2.7.3&retries=-1&side=consumer&sticky=false&timeout=90000&timestamp=1635990743978&version=1.0.0,directory: org.apache.dubbo.registry.integration.RegistryDirectory@4cd7e993]
	at org.apache.dubbo.rpc.cluster.support.RegistryAwareClusterInvoker.doInvoke(RegistryAwareClusterInvoker.java:59) ~[dubbo-2.7.3.jar:2.7.3]
	at org.apache.dubbo.rpc.cluster.support.AbstractClusterInvoker.invoke(AbstractClusterInvoker.java:248) ~[dubbo-2.7.3.jar:2.7.3]
	at org.apache.dubbo.rpc.cluster.support.wrapper.MockClusterInvoker.invoke(MockClusterInvoker.java:78) ~[dubbo-2.7.3.jar:2.7.3]
	at org.apache.dubbo.rpc.proxy.InvokerInvocationHandler.invoke(InvokerInvocationHandler.java:55) ~[dubbo-2.7.3.jar:2.7.3]
	at org.apache.dubbo.common.bytecode.proxy0.$invoke(proxy0.java) ~[dubbo-2.7.3.jar:2.7.3]
	at com.alibaba.cloud.dubbo.service.DubboMetadataServiceInvocationHandler.invoke(DubboMetadataServiceInvocationHandler.java:49) ~[spring-cloud-alibaba-dubbo-2.1.0.RELEASE.jar:2.1.0.RELEASE]
	at com.sun.proxy.$Proxy143.getExportedURLs(Unknown Source) ~[?:?]
	at com.alibaba.cloud.dubbo.registry.AbstractSpringCloudRegistry.getExportedURLs(AbstractSpringCloudRegistry.java:328) ~[spring-cloud-alibaba-dubbo-2.1.0.RELEASE.jar:2.1.0.RELEASE]
	at com.alibaba.cloud.dubbo.registry.AbstractSpringCloudRegistry.subscribeDubboServiceURL(AbstractSpringCloudRegistry.java:260) ~[spring-cloud-alibaba-dubbo-2.1.0.RELEASE.jar:2.1.0.RELEASE]
	at com.alibaba.cloud.dubbo.registry.AbstractSpringCloudRegistry.lambda$doSubscribeDubboServiceURLs$0(AbstractSpringCloudRegistry.java:204) ~[spring-cloud-alibaba-dubbo-2.1.0.RELEASE.jar:2.1.0.RELEASE]
	at java.lang.Iterable.forEach(Iterable.java:75) [?:1.8.0_312]
	at java.util.Collections$UnmodifiableCollection.forEach(Collections.java:1082) [?:1.8.0_312]
	at com.alibaba.cloud.dubbo.registry.AbstractSpringCloudRegistry.doSubscribeDubboServiceURLs(AbstractSpringCloudRegistry.java:204) [spring-cloud-alibaba-dubbo-2.1.0.RELEASE.jar:2.1.0.RELEASE]
	at com.alibaba.cloud.dubbo.registry.AbstractSpringCloudRegistry.subscribeDubboServiceURLs(AbstractSpringCloudRegistry.java:169) [spring-cloud-alibaba-dubbo-2.1.0.RELEASE.jar:2.1.0.RELEASE]
	at com.alibaba.cloud.dubbo.registry.AbstractSpringCloudRegistry.doSubscribe(AbstractSpringCloudRegistry.java:163) [spring-cloud-alibaba-dubbo-2.1.0.RELEASE.jar:2.1.0.RELEASE]
	at org.apache.dubbo.registry.support.FailbackRegistry.subscribe(FailbackRegistry.java:295) [dubbo-2.7.3.jar:2.7.3]
	at org.apache.dubbo.registry.integration.RegistryProtocol.export(RegistryProtocol.java:224) [dubbo-2.7.3.jar:2.7.3]
	at org.apache.dubbo.qos.protocol.QosProtocolWrapper.export(QosProtocolWrapper.java:61) [dubbo-2.7.3.jar:2.7.3]
	at org.apache.dubbo.rpc.protocol.ProtocolFilterWrapper.export(ProtocolFilterWrapper.java:120) [dubbo-2.7.3.jar:2.7.3]
	at org.apache.dubbo.rpc.protocol.ProtocolListenerWrapper.export(ProtocolListenerWrapper.java:59) [dubbo-2.7.3.jar:2.7.3]
	at org.apache.dubbo.rpc.Protocol$Adaptive.export(Protocol$Adaptive.java) [dubbo-2.7.3.jar:2.7.3]
	at org.apache.dubbo.config.ServiceConfig.doExportUrlsFor1Protocol(ServiceConfig.java:607) [dubbo-2.7.3.jar:2.7.3]
	at org.apache.dubbo.config.ServiceConfig.doExportUrls(ServiceConfig.java:457) [dubbo-2.7.3.jar:2.7.3]
	at org.apache.dubbo.config.ServiceConfig.doExport(ServiceConfig.java:415) [dubbo-2.7.3.jar:2.7.3]
	at org.apache.dubbo.config.ServiceConfig.export(ServiceConfig.java:378) [dubbo-2.7.3.jar:2.7.3]
	at org.apache.dubbo.config.spring.ServiceBean.export(ServiceBean.java:336) [dubbo-2.7.3.jar:2.7.3]
	at org.apache.dubbo.config.spring.ServiceBean.onApplicationEvent(ServiceBean.java:114) [dubbo-2.7.3.jar:2.7.3]
	at org.apache.dubbo.config.spring.ServiceBean.onApplicationEvent(ServiceBean.java:60) [dubbo-2.7.3.jar:2.7.3]
	at org.springframework.context.event.SimpleApplicationEventMulticaster.doInvokeListener(SimpleApplicationEventMulticaster.java:172) [spring-context-5.1.5.RELEASE.jar:5.1.5.RELEASE]
	at org.springframework.context.event.SimpleApplicationEventMulticaster.invokeListener(SimpleApplicationEventMulticaster.java:165) [spring-context-5.1.5.RELEASE.jar:5.1.5.RELEASE]
	at org.springframework.context.event.SimpleApplicationEventMulticaster.multicastEvent(SimpleApplicationEventMulticaster.java:139) [spring-context-5.1.5.RELEASE.jar:5.1.5.RELEASE]
	at org.springframework.context.support.AbstractApplicationContext.publishEvent(AbstractApplicationContext.java:402) [spring-context-5.1.5.RELEASE.jar:5.1.5.RELEASE]
	at org.springframework.context.support.AbstractApplicationContext.publishEvent(AbstractApplicationContext.java:359) [spring-context-5.1.5.RELEASE.jar:5.1.5.RELEASE]
	at org.springframework.context.support.AbstractApplicationContext.finishRefresh(AbstractApplicationContext.java:896) [spring-context-5.1.5.RELEASE.jar:5.1.5.RELEASE]
	at org.springframework.boot.web.servlet.context.ServletWebServerApplicationContext.finishRefresh(ServletWebServerApplicationContext.java:163) [spring-boot-2.1.3.RELEASE.jar:2.1.3.RELEASE]
	at org.springframework.context.support.AbstractApplicationContext.refresh(AbstractApplicationContext.java:552) [spring-context-5.1.5.RELEASE.jar:5.1.5.RELEASE]
	at org.springframework.boot.web.servlet.context.ServletWebServerApplicationContext.refresh(ServletWebServerApplicationContext.java:142) [spring-boot-2.1.3.RELEASE.jar:2.1.3.RELEASE]
	at org.springframework.boot.SpringApplication.refresh(SpringApplication.java:775) [spring-boot-2.1.3.RELEASE.jar:2.1.3.RELEASE]
	at org.springframework.boot.SpringApplication.refreshContext(SpringApplication.java:397) [spring-boot-2.1.3.RELEASE.jar:2.1.3.RELEASE]
	at org.springframework.boot.SpringApplication.run(SpringApplication.java:316) [spring-boot-2.1.3.RELEASE.jar:2.1.3.RELEASE]
	at org.springframework.boot.SpringApplication.run(SpringApplication.java:1260) [spring-boot-2.1.3.RELEASE.jar:2.1.3.RELEASE]
	at org.springframework.boot.SpringApplication.run(SpringApplication.java:1248) [spring-boot-2.1.3.RELEASE.jar:2.1.3.RELEASE]
	at com.shanjupay.merchant.MerchantBootstrap.main(MerchantBootstrap.java:16) [classes/:?]
${PATTERN}${PATTERN}${PATTERN}${PATTERN}${PATTERN}${PATTERN}${PATTERN}${PATTERN}${PATTERN}${PATTERN}${PATTERN}${PATTERN}${PATTERN}${PATTERN}${PATTERN}${PATTERN}${PATTERN}${PATTERN}${PATTERN}${PATTERN}${PATTERN}${PATTERN}${PATTERN}${PATTERN}${PATTERN}${PATTERN}${PATTERN} org.apache.dubbo.rpc.RpcException: No provider available in [invoker :interface org.apache.dubbo.rpc.service.GenericService -> spring-cloud://localhost:9090/org.apache.dubbo.registry.RegistryService?anyhost=true&application=merchant-service&bind.ip=10.18.19.38&bind.port=20891&check=false&deprecated=false&dubbo=2.0.2&dynamic=true&generic=true&group=merchant-application&interface=com.alibaba.cloud.dubbo.service.DubboMetadataService&lazy=false&methods=getAllServiceKeys,getServiceRestMetadata,getExportedURLs,getAllExportedURLs&pid=1533&qos.enable=false&qos.port=22240&register=true&register.ip=10.18.19.38&release=2.7.3&remote.application=merchant-application&retries=-1&revision=2.1.0.RELEASE&side=consumer&sticky=false&timeout=90000&timestamp=1635990743978&version=1.0.0,directory: org.apache.dubbo.registry.integration.RegistryDirectory@74d22ddd, invoker :interface org.apache.dubbo.rpc.service.GenericService -> nacos://127.0.0.1:8848/org.apache.dubbo.registry.RegistryService?anyhost=true&application=merchant-service&category=providers&check=false&deprecated=false&dubbo=2.0.2&dynamic=true&generic=true&group=merchant-application&interface=com.alibaba.cloud.dubbo.service.DubboMetadataService&lazy=false&methods=getAllServiceKeys,getServiceRestMetadata,getExportedURLs,getAllExportedURLs&path=com.alibaba.cloud.dubbo.service.DubboMetadataService&pid=1533&protocol=dubbo&qos.enable=false&qos.port=22240&register=true&register.ip=10.18.19.38&release=2.7.3&remote.application=merchant-application&retries=-1&revision=2.1.0.RELEASE&side=consumer&sticky=false&timeout=90000&timestamp=1635990743978&version=1.0.0,directory: org.apache.dubbo.registry.integration.RegistryDirectory@4cd7e993]
	at org.apache.dubbo.rpc.cluster.support.RegistryAwareClusterInvoker.doInvoke(RegistryAwareClusterInvoker.java:59) ~[dubbo-2.7.3.jar:2.7.3]
	at org.apache.dubbo.rpc.cluster.support.AbstractClusterInvoker.invoke(AbstractClusterInvoker.java:248) ~[dubbo-2.7.3.jar:2.7.3]
	at org.apache.dubbo.rpc.cluster.support.wrapper.MockClusterInvoker.invoke(MockClusterInvoker.java:78) ~[dubbo-2.7.3.jar:2.7.3]
	at org.apache.dubbo.rpc.proxy.InvokerInvocationHandler.invoke(InvokerInvocationHandler.java:55) ~[dubbo-2.7.3.jar:2.7.3]
	at org.apache.dubbo.common.bytecode.proxy0.$invoke(proxy0.java) ~[dubbo-2.7.3.jar:2.7.3]
	at com.alibaba.cloud.dubbo.service.DubboMetadataServiceInvocationHandler.invoke(DubboMetadataServiceInvocationHandler.java:49) ~[spring-cloud-alibaba-dubbo-2.1.0.RELEASE.jar:2.1.0.RELEASE]
	at com.sun.proxy.$Proxy143.getExportedURLs(Unknown Source) ~[?:?]
	at com.alibaba.cloud.dubbo.registry.AbstractSpringCloudRegistry.getExportedURLs(AbstractSpringCloudRegistry.java:328) ~[spring-cloud-alibaba-dubbo-2.1.0.RELEASE.jar:2.1.0.RELEASE]
	at com.alibaba.cloud.dubbo.registry.AbstractSpringCloudRegistry.subscribeDubboServiceURL(AbstractSpringCloudRegistry.java:260) ~[spring-cloud-alibaba-dubbo-2.1.0.RELEASE.jar:2.1.0.RELEASE]
	at com.alibaba.cloud.dubbo.registry.AbstractSpringCloudRegistry$1.onApplicationEvent(AbstractSpringCloudRegistry.java:193) ~[spring-cloud-alibaba-dubbo-2.1.0.RELEASE.jar:2.1.0.RELEASE]
	at com.alibaba.cloud.dubbo.registry.AbstractSpringCloudRegistry$1.onApplicationEvent(AbstractSpringCloudRegistry.java:186) ~[spring-cloud-alibaba-dubbo-2.1.0.RELEASE.jar:2.1.0.RELEASE]
	at org.springframework.context.event.SimpleApplicationEventMulticaster.doInvokeListener(SimpleApplicationEventMulticaster.java:172) ~[spring-context-5.1.5.RELEASE.jar:5.1.5.RELEASE]
	at org.springframework.context.event.SimpleApplicationEventMulticaster.invokeListener(SimpleApplicationEventMulticaster.java:165) ~[spring-context-5.1.5.RELEASE.jar:5.1.5.RELEASE]
	at org.springframework.context.event.SimpleApplicationEventMulticaster.multicastEvent(SimpleApplicationEventMulticaster.java:139) ~[spring-context-5.1.5.RELEASE.jar:5.1.5.RELEASE]
	at org.springframework.context.support.AbstractApplicationContext.publishEvent(AbstractApplicationContext.java:402) ~[spring-context-5.1.5.RELEASE.jar:5.1.5.RELEASE]
	at org.springframework.context.support.AbstractApplicationContext.publishEvent(AbstractApplicationContext.java:359) ~[spring-context-5.1.5.RELEASE.jar:5.1.5.RELEASE]
	at com.alibaba.cloud.dubbo.autoconfigure.DubboServiceDiscoveryAutoConfiguration.dispatchServiceInstancesChangedEvent(DubboServiceDiscoveryAutoConfiguration.java:161) ~[spring-cloud-alibaba-dubbo-2.1.0.RELEASE.jar:2.1.0.RELEASE]
	at com.alibaba.cloud.dubbo.autoconfigure.DubboServiceDiscoveryAutoConfiguration.access$200(DubboServiceDiscoveryAutoConfiguration.java:107) ~[spring-cloud-alibaba-dubbo-2.1.0.RELEASE.jar:2.1.0.RELEASE]
	at com.alibaba.cloud.dubbo.autoconfigure.DubboServiceDiscoveryAutoConfiguration$NacosConfiguration.lambda$subscribeEventListener$1(DubboServiceDiscoveryAutoConfiguration.java:541) ~[spring-cloud-alibaba-dubbo-2.1.0.RELEASE.jar:2.1.0.RELEASE]
	at com.alibaba.nacos.client.naming.core.EventDispatcher$Notifier.run(EventDispatcher.java:128) [nacos-client-1.1.1.jar:?]
	at java.util.concurrent.ThreadPoolExecutor.runWorker(ThreadPoolExecutor.java:1149) [?:1.8.0_312]
	at java.util.concurrent.ThreadPoolExecutor$Worker.run(ThreadPoolExecutor.java:624) [?:1.8.0_312]
	at java.lang.Thread.run(Thread.java:748) [?:1.8.0_312]
${PATTERN}${PATTERN}${PATTERN}${PATTERN}${PATTERN}${PATTERN}${PATTERN}${PATTERN}${PATTERN}${PATTERN}${PATTERN}${PATTERN}${PATTERN}${PATTERN}${PATTERN}${PATTERN}${PATTERN}${PATTERN}${PATTERN}${PATTERN}${PATTERN}${PATTERN}${PATTERN}${PATTERN}${PATTERN}${PATTERN}${PATTERN}${PATTERN}${PATTERN}${PATTERN}${PATTERN}${PATTERN} org.yaml.snakeyaml.scanner.ScannerException: mapping values are not allowed here
 in 'reader', line 8, column 14:
            druid: 
                 ^

	at org.yaml.snakeyaml.scanner.ScannerImpl.fetchValue(ScannerImpl.java:870) ~[snakeyaml-1.23.jar:?]
	at org.yaml.snakeyaml.scanner.ScannerImpl.fetchMoreTokens(ScannerImpl.java:358) ~[snakeyaml-1.23.jar:?]
	at org.yaml.snakeyaml.scanner.ScannerImpl.checkToken(ScannerImpl.java:227) ~[snakeyaml-1.23.jar:?]
	at org.yaml.snakeyaml.parser.ParserImpl$ParseBlockMappingKey.produce(ParserImpl.java:558) ~[snakeyaml-1.23.jar:?]
	at org.yaml.snakeyaml.parser.ParserImpl.peekEvent(ParserImpl.java:158) ~[snakeyaml-1.23.jar:?]
	at org.yaml.snakeyaml.parser.ParserImpl.checkEvent(ParserImpl.java:148) ~[snakeyaml-1.23.jar:?]
	at org.yaml.snakeyaml.composer.Composer.composeMappingNode(Composer.java:214) ~[snakeyaml-1.23.jar:?]
	at org.yaml.snakeyaml.composer.Composer.composeNode(Composer.java:144) ~[snakeyaml-1.23.jar:?]
	at org.yaml.snakeyaml.composer.Composer.getNode(Composer.java:85) ~[snakeyaml-1.23.jar:?]
	at org.yaml.snakeyaml.constructor.BaseConstructor.getData(BaseConstructor.java:123) ~[snakeyaml-1.23.jar:?]
	at org.yaml.snakeyaml.Yaml$1.next(Yaml.java:547) ~[snakeyaml-1.23.jar:?]
	at org.springframework.beans.factory.config.YamlProcessor.process(YamlProcessor.java:161) ~[spring-beans-5.1.5.RELEASE.jar:5.1.5.RELEASE]
	at org.springframework.beans.factory.config.YamlProcessor.process(YamlProcessor.java:134) ~[spring-beans-5.1.5.RELEASE.jar:5.1.5.RELEASE]
	at org.springframework.beans.factory.config.YamlPropertiesFactoryBean.createProperties(YamlPropertiesFactoryBean.java:135) ~[spring-beans-5.1.5.RELEASE.jar:5.1.5.RELEASE]
	at org.springframework.beans.factory.config.YamlPropertiesFactoryBean.getObject(YamlPropertiesFactoryBean.java:115) ~[spring-beans-5.1.5.RELEASE.jar:5.1.5.RELEASE]
	at com.alibaba.cloud.nacos.client.NacosPropertySourceBuilder.loadNacosData(NacosPropertySourceBuilder.java:100) [spring-cloud-alibaba-nacos-config-2.1.0.RELEASE.jar:2.1.0.RELEASE]
	at com.alibaba.cloud.nacos.client.NacosPropertySourceBuilder.build(NacosPropertySourceBuilder.java:75) [spring-cloud-alibaba-nacos-config-2.1.0.RELEASE.jar:2.1.0.RELEASE]
	at com.alibaba.cloud.nacos.client.NacosPropertySourceLocator.loadNacosDataIfPresent(NacosPropertySourceLocator.java:179) [spring-cloud-alibaba-nacos-config-2.1.0.RELEASE.jar:2.1.0.RELEASE]
	at com.alibaba.cloud.nacos.client.NacosPropertySourceLocator.loadExtConfiguration(NacosPropertySourceLocator.java:129) [spring-cloud-alibaba-nacos-config-2.1.0.RELEASE.jar:2.1.0.RELEASE]
	at com.alibaba.cloud.nacos.client.NacosPropertySourceLocator.locate(NacosPropertySourceLocator.java:87) [spring-cloud-alibaba-nacos-config-2.1.0.RELEASE.jar:2.1.0.RELEASE]
	at org.springframework.cloud.bootstrap.config.PropertySourceBootstrapConfiguration.initialize(PropertySourceBootstrapConfiguration.java:94) [spring-cloud-context-2.1.0.RELEASE.jar:2.1.0.RELEASE]
	at org.springframework.boot.SpringApplication.applyInitializers(SpringApplication.java:649) [spring-boot-2.1.3.RELEASE.jar:2.1.3.RELEASE]
	at org.springframework.boot.SpringApplication.prepareContext(SpringApplication.java:373) [spring-boot-2.1.3.RELEASE.jar:2.1.3.RELEASE]
	at org.springframework.boot.SpringApplication.run(SpringApplication.java:314) [spring-boot-2.1.3.RELEASE.jar:2.1.3.RELEASE]
	at org.springframework.boot.SpringApplication.run(SpringApplication.java:1260) [spring-boot-2.1.3.RELEASE.jar:2.1.3.RELEASE]
	at org.springframework.boot.SpringApplication.run(SpringApplication.java:1248) [spring-boot-2.1.3.RELEASE.jar:2.1.3.RELEASE]
	at com.shanjupay.merchant.MerchantBootstrap.main(MerchantBootstrap.java:16) [classes/:?]
${PATTERN}${PATTERN}${PATTERN}${PATTERN}${PATTERN}${PATTERN}${PATTERN}${PATTERN}${PATTERN}${PATTERN}${PATTERN}${PATTERN}${PATTERN}${PATTERN}${PATTERN}${PATTERN}${PATTERN}${PATTERN}${PATTERN}${PATTERN}${PATTERN}${PATTERN}${PATTERN}${PATTERN}${PATTERN}${PATTERN}${PATTERN}${PATTERN}${PATTERN}${PATTERN}${PATTERN}${PATTERN}${PATTERN}${PATTERN}${PATTERN}${PATTERN}${PATTERN}${PATTERN}${PATTERN}${PATTERN}${PATTERN}${PATTERN}${PATTERN}${PATTERN}${PATTERN}${PATTERN}${PATTERN}${PATTERN}${PATTERN}${PATTERN}${PATTERN}${PATTERN}${PATTERN}${PATTERN}${PATTERN}${PATTERN}${PATTERN}${PATTERN}${PATTERN}${PATTERN}${PATTERN}${PATTERN}${PATTERN}${PATTERN}${PATTERN}${PATTERN}${PATTERN}${PATTERN}${PATTERN}${PATTERN}${PATTERN}${PATTERN}${PATTERN}${PATTERN}${PATTERN}${PATTERN}${PATTERN}${PATTERN}${PATTERN}${PATTERN}${PATTERN}${PATTERN}${PATTERN}${PATTERN}${PATTERN}${PATTERN}${PATTERN}${PATTERN}${PATTERN}${PATTERN}${PATTERN}${PATTERN}${PATTERN}${PATTERN}${PATTERN}${PATTERN}${PATTERN}${PATTERN}${PATTERN}${PATTERN}${PATTERN}${PATTERN}${PATTERN}${PATTERN}${PATTERN} org.apache.dubbo.remoting.RemotingException: client(url: dubbo://10.18.19.38:20891/com.alibaba.cloud.dubbo.service.DubboMetadataService?anyhost=true&application=merchant-service&bind.ip=10.18.19.38&bind.port=20891&check=false&codec=dubbo&deprecated=false&dubbo=2.0.2&dynamic=true&generic=true&group=merchant-application&heartbeat=60000&interface=com.alibaba.cloud.dubbo.service.DubboMetadataService&lazy=false&methods=getAllServiceKeys,getServiceRestMetadata,getExportedURLs,getAllExportedURLs&pid=1570&qos.enable=false&qos.port=22240&register=true&register.ip=10.18.19.38&release=2.7.3&remote.application=merchant-application&retries=-1&revision=2.1.0.RELEASE&side=consumer&sticky=false&timeout=90000&timestamp=1635990745254&version=1.0.0) failed to connect to server /10.18.19.38:20891, error message is:Connection refused: /10.18.19.38:20891
	at org.apache.dubbo.remoting.transport.netty4.NettyClient.doConnect(NettyClient.java:166) ~[dubbo-2.7.3.jar:2.7.3]
	at org.apache.dubbo.remoting.transport.AbstractClient.connect(AbstractClient.java:190) ~[dubbo-2.7.3.jar:2.7.3]
	at org.apache.dubbo.remoting.transport.AbstractClient.<init>(AbstractClient.java:69) ~[dubbo-2.7.3.jar:2.7.3]
	at org.apache.dubbo.remoting.transport.netty4.NettyClient.<init>(NettyClient.java:80) ~[dubbo-2.7.3.jar:2.7.3]
	at org.apache.dubbo.remoting.transport.netty4.NettyTransporter.connect(NettyTransporter.java:40) ~[dubbo-2.7.3.jar:2.7.3]
	at org.apache.dubbo.remoting.Transporter$Adaptive.connect(Transporter$Adaptive.java) ~[dubbo-2.7.3.jar:2.7.3]
	at org.apache.dubbo.remoting.Transporters.connect(Transporters.java:75) ~[dubbo-2.7.3.jar:2.7.3]
	at org.apache.dubbo.remoting.exchange.support.header.HeaderExchanger.connect(HeaderExchanger.java:39) ~[dubbo-2.7.3.jar:2.7.3]
	at org.apache.dubbo.remoting.exchange.Exchangers.connect(Exchangers.java:109) ~[dubbo-2.7.3.jar:2.7.3]
	at org.apache.dubbo.rpc.protocol.dubbo.DubboProtocol.initClient(DubboProtocol.java:595) ~[dubbo-2.7.3.jar:2.7.3]
	at org.apache.dubbo.rpc.protocol.dubbo.DubboProtocol.buildReferenceCountExchangeClient(DubboProtocol.java:563) ~[dubbo-2.7.3.jar:2.7.3]
	at org.apache.dubbo.rpc.protocol.dubbo.DubboProtocol.buildReferenceCountExchangeClientList(DubboProtocol.java:550) ~[dubbo-2.7.3.jar:2.7.3]
	at org.apache.dubbo.rpc.protocol.dubbo.DubboProtocol.getSharedClient(DubboProtocol.java:475) ~[dubbo-2.7.3.jar:2.7.3]
	at org.apache.dubbo.rpc.protocol.dubbo.DubboProtocol.getClients(DubboProtocol.java:430) ~[dubbo-2.7.3.jar:2.7.3]
	at org.apache.dubbo.rpc.protocol.dubbo.DubboProtocol.protocolBindingRefer(DubboProtocol.java:407) ~[dubbo-2.7.3.jar:2.7.3]
	at org.apache.dubbo.rpc.protocol.AbstractProtocol.refer(AbstractProtocol.java:91) ~[dubbo-2.7.3.jar:2.7.3]
	at org.apache.dubbo.rpc.protocol.ProtocolListenerWrapper.refer(ProtocolListenerWrapper.java:71) ~[dubbo-2.7.3.jar:2.7.3]
	at org.apache.dubbo.rpc.protocol.ProtocolFilterWrapper.refer(ProtocolFilterWrapper.java:130) ~[dubbo-2.7.3.jar:2.7.3]
	at org.apache.dubbo.qos.protocol.QosProtocolWrapper.refer(QosProtocolWrapper.java:72) ~[dubbo-2.7.3.jar:2.7.3]
	at org.apache.dubbo.rpc.Protocol$Adaptive.refer(Protocol$Adaptive.java) ~[dubbo-2.7.3.jar:2.7.3]
	at org.apache.dubbo.registry.integration.RegistryDirectory.toInvokers(RegistryDirectory.java:423) ~[dubbo-2.7.3.jar:2.7.3]
	at org.apache.dubbo.registry.integration.RegistryDirectory.refreshInvoker(RegistryDirectory.java:280) ~[dubbo-2.7.3.jar:2.7.3]
	at org.apache.dubbo.registry.integration.RegistryDirectory.refreshOverrideAndInvoker(RegistryDirectory.java:239) ~[dubbo-2.7.3.jar:2.7.3]
	at org.apache.dubbo.registry.integration.RegistryDirectory.notify(RegistryDirectory.java:233) ~[dubbo-2.7.3.jar:2.7.3]
	at com.alibaba.cloud.dubbo.registry.AbstractSpringCloudRegistry.subscribeDubboMetadataServiceURLs(AbstractSpringCloudRegistry.java:343) ~[spring-cloud-alibaba-dubbo-2.1.0.RELEASE.jar:2.1.0.RELEASE]
	at com.alibaba.cloud.dubbo.registry.AbstractSpringCloudRegistry.doSubscribe(AbstractSpringCloudRegistry.java:160) ~[spring-cloud-alibaba-dubbo-2.1.0.RELEASE.jar:2.1.0.RELEASE]
	at org.apache.dubbo.registry.support.FailbackRegistry.subscribe(FailbackRegistry.java:295) ~[dubbo-2.7.3.jar:2.7.3]
	at org.apache.dubbo.registry.integration.RegistryDirectory.subscribe(RegistryDirectory.java:172) ~[dubbo-2.7.3.jar:2.7.3]
	at org.apache.dubbo.registry.integration.RegistryProtocol.doRefer(RegistryProtocol.java:411) ~[dubbo-2.7.3.jar:2.7.3]
	at org.apache.dubbo.registry.integration.RegistryProtocol.refer(RegistryProtocol.java:392) ~[dubbo-2.7.3.jar:2.7.3]
	at org.apache.dubbo.rpc.protocol.ProtocolListenerWrapper.refer(ProtocolListenerWrapper.java:69) ~[dubbo-2.7.3.jar:2.7.3]
	at org.apache.dubbo.rpc.protocol.ProtocolFilterWrapper.refer(ProtocolFilterWrapper.java:128) ~[dubbo-2.7.3.jar:2.7.3]
	at org.apache.dubbo.qos.protocol.QosProtocolWrapper.refer(QosProtocolWrapper.java:70) ~[dubbo-2.7.3.jar:2.7.3]
	at org.apache.dubbo.rpc.Protocol$Adaptive.refer(Protocol$Adaptive.java) ~[dubbo-2.7.3.jar:2.7.3]
	at org.apache.dubbo.config.ReferenceConfig.createProxy(ReferenceConfig.java:401) ~[dubbo-2.7.3.jar:2.7.3]
	at org.apache.dubbo.config.ReferenceConfig.init(ReferenceConfig.java:329) ~[dubbo-2.7.3.jar:2.7.3]
	at org.apache.dubbo.config.ReferenceConfig.get(ReferenceConfig.java:250) ~[dubbo-2.7.3.jar:2.7.3]
	at com.alibaba.cloud.dubbo.service.DubboGenericServiceFactory.create(DubboGenericServiceFactory.java:80) ~[spring-cloud-alibaba-dubbo-2.1.0.RELEASE.jar:2.1.0.RELEASE]
	at com.alibaba.cloud.dubbo.service.DubboMetadataServiceInvocationHandler.<init>(DubboMetadataServiceInvocationHandler.java:41) ~[spring-cloud-alibaba-dubbo-2.1.0.RELEASE.jar:2.1.0.RELEASE]
	at com.alibaba.cloud.dubbo.service.DubboMetadataServiceProxy.newProxy(DubboMetadataServiceProxy.java:83) ~[spring-cloud-alibaba-dubbo-2.1.0.RELEASE.jar:2.1.0.RELEASE]
	at com.alibaba.cloud.dubbo.service.DubboMetadataServiceProxy.lambda$initProxy$0(DubboMetadataServiceProxy.java:52) ~[spring-cloud-alibaba-dubbo-2.1.0.RELEASE.jar:2.1.0.RELEASE]
	at java.util.concurrent.ConcurrentHashMap.computeIfAbsent(ConcurrentHashMap.java:1660) ~[?:1.8.0_312]
	at com.alibaba.cloud.dubbo.service.DubboMetadataServiceProxy.initProxy(DubboMetadataServiceProxy.java:51) ~[spring-cloud-alibaba-dubbo-2.1.0.RELEASE.jar:2.1.0.RELEASE]
	at com.alibaba.cloud.dubbo.metadata.repository.DubboServiceMetadataRepository.initDubboMetadataServiceProxy(DubboServiceMetadataRepository.java:640) ~[spring-cloud-alibaba-dubbo-2.1.0.RELEASE.jar:2.1.0.RELEASE]
	at com.alibaba.cloud.dubbo.metadata.repository.DubboServiceMetadataRepository.lambda$null$4(DubboServiceMetadataRepository.java:619) ~[spring-cloud-alibaba-dubbo-2.1.0.RELEASE.jar:2.1.0.RELEASE]
	at java.util.ArrayList.forEach(ArrayList.java:1259) ~[?:1.8.0_312]
	at com.alibaba.cloud.dubbo.metadata.repository.DubboServiceMetadataRepository.lambda$initSubscribedDubboMetadataService$5(DubboServiceMetadataRepository.java:615) ~[spring-cloud-alibaba-dubbo-2.1.0.RELEASE.jar:2.1.0.RELEASE]
	at java.util.Optional.ifPresent(Optional.java:159) ~[?:1.8.0_312]
	at com.alibaba.cloud.dubbo.metadata.repository.DubboServiceMetadataRepository.initSubscribedDubboMetadataService(DubboServiceMetadataRepository.java:614) ~[spring-cloud-alibaba-dubbo-2.1.0.RELEASE.jar:2.1.0.RELEASE]
	at com.alibaba.cloud.dubbo.metadata.repository.DubboServiceMetadataRepository.initializeMetadata(DubboServiceMetadataRepository.java:286) ~[spring-cloud-alibaba-dubbo-2.1.0.RELEASE.jar:2.1.0.RELEASE]
	at java.lang.Iterable.forEach(Iterable.java:75) [?:1.8.0_312]
	at com.alibaba.cloud.dubbo.metadata.repository.DubboServiceMetadataRepository.initializeMetadata(DubboServiceMetadataRepository.java:260) [spring-cloud-alibaba-dubbo-2.1.0.RELEASE.jar:2.1.0.RELEASE]
	at com.alibaba.cloud.dubbo.metadata.repository.DubboServiceMetadataRepository.afterSingletonsInstantiated(DubboServiceMetadataRepository.java:253) [spring-cloud-alibaba-dubbo-2.1.0.RELEASE.jar:2.1.0.RELEASE]
	at com.alibaba.cloud.dubbo.metadata.repository.DubboServiceMetadataRepository$$FastClassBySpringCGLIB$$4ef4b7bd.invoke(<generated>) [spring-cloud-alibaba-dubbo-2.1.0.RELEASE.jar:2.1.0.RELEASE]
	at org.springframework.cglib.proxy.MethodProxy.invoke(MethodProxy.java:218) [spring-core-5.1.5.RELEASE.jar:5.1.5.RELEASE]
	at org.springframework.aop.framework.CglibAopProxy$CglibMethodInvocation.invokeJoinpoint(CglibAopProxy.java:749) [spring-aop-5.1.5.RELEASE.jar:5.1.5.RELEASE]
	at org.springframework.aop.framework.ReflectiveMethodInvocation.proceed(ReflectiveMethodInvocation.java:163) [spring-aop-5.1.5.RELEASE.jar:5.1.5.RELEASE]
	at org.springframework.dao.support.PersistenceExceptionTranslationInterceptor.invoke(PersistenceExceptionTranslationInterceptor.java:139) [spring-tx-5.1.5.RELEASE.jar:5.1.5.RELEASE]
	at org.springframework.aop.framework.ReflectiveMethodInvocation.proceed(ReflectiveMethodInvocation.java:186) [spring-aop-5.1.5.RELEASE.jar:5.1.5.RELEASE]
	at org.springframework.aop.framework.CglibAopProxy$DynamicAdvisedInterceptor.intercept(CglibAopProxy.java:688) [spring-aop-5.1.5.RELEASE.jar:5.1.5.RELEASE]
	at com.alibaba.cloud.dubbo.metadata.repository.DubboServiceMetadataRepository$$EnhancerBySpringCGLIB$$1daa042e.afterSingletonsInstantiated(<generated>) [spring-cloud-alibaba-dubbo-2.1.0.RELEASE.jar:2.1.0.RELEASE]
	at org.springframework.beans.factory.support.DefaultListableBeanFactory.preInstantiateSingletons(DefaultListableBeanFactory.java:866) [spring-beans-5.1.5.RELEASE.jar:5.1.5.RELEASE]
	at org.springframework.context.support.AbstractApplicationContext.finishBeanFactoryInitialization(AbstractApplicationContext.java:877) [spring-context-5.1.5.RELEASE.jar:5.1.5.RELEASE]
	at org.springframework.context.support.AbstractApplicationContext.refresh(AbstractApplicationContext.java:549) [spring-context-5.1.5.RELEASE.jar:5.1.5.RELEASE]
	at org.springframework.boot.web.servlet.context.ServletWebServerApplicationContext.refresh(ServletWebServerApplicationContext.java:142) [spring-boot-2.1.3.RELEASE.jar:2.1.3.RELEASE]
	at org.springframework.boot.SpringApplication.refresh(SpringApplication.java:775) [spring-boot-2.1.3.RELEASE.jar:2.1.3.RELEASE]
	at org.springframework.boot.SpringApplication.refreshContext(SpringApplication.java:397) [spring-boot-2.1.3.RELEASE.jar:2.1.3.RELEASE]
	at org.springframework.boot.SpringApplication.run(SpringApplication.java:316) [spring-boot-2.1.3.RELEASE.jar:2.1.3.RELEASE]
	at org.springframework.boot.SpringApplication.run(SpringApplication.java:1260) [spring-boot-2.1.3.RELEASE.jar:2.1.3.RELEASE]
	at org.springframework.boot.SpringApplication.run(SpringApplication.java:1248) [spring-boot-2.1.3.RELEASE.jar:2.1.3.RELEASE]
	at com.shanjupay.merchant.MerchantBootstrap.main(MerchantBootstrap.java:16) [classes/:?]
Caused by: io.netty.channel.AbstractChannel$AnnotatedConnectException: Connection refused: /10.18.19.38:20891
	at sun.nio.ch.SocketChannelImpl.checkConnect(Native Method) ~[?:1.8.0_312]
	at sun.nio.ch.SocketChannelImpl.finishConnect(SocketChannelImpl.java:716) ~[?:1.8.0_312]
	at io.netty.channel.socket.nio.NioSocketChannel.doFinishConnect(NioSocketChannel.java:327) ~[netty-all-4.1.33.Final.jar:4.1.33.Final]
	at io.netty.channel.nio.AbstractNioChannel$AbstractNioUnsafe.finishConnect(AbstractNioChannel.java:340) ~[netty-all-4.1.33.Final.jar:4.1.33.Final]
	at io.netty.channel.nio.NioEventLoop.processSelectedKey(NioEventLoop.java:665) ~[netty-all-4.1.33.Final.jar:4.1.33.Final]
	at io.netty.channel.nio.NioEventLoop.processSelectedKeysOptimized(NioEventLoop.java:612) ~[netty-all-4.1.33.Final.jar:4.1.33.Final]
	at io.netty.channel.nio.NioEventLoop.processSelectedKeys(NioEventLoop.java:529) ~[netty-all-4.1.33.Final.jar:4.1.33.Final]
	at io.netty.channel.nio.NioEventLoop.run(NioEventLoop.java:491) ~[netty-all-4.1.33.Final.jar:4.1.33.Final]
	at io.netty.util.concurrent.SingleThreadEventExecutor$5.run(SingleThreadEventExecutor.java:905) ~[netty-all-4.1.33.Final.jar:4.1.33.Final]
	at io.netty.util.concurrent.FastThreadLocalRunnable.run(FastThreadLocalRunnable.java:30) ~[netty-all-4.1.33.Final.jar:4.1.33.Final]
	at java.lang.Thread.run(Thread.java:748) ~[?:1.8.0_312]
Caused by: java.net.ConnectException: Connection refused
	at sun.nio.ch.SocketChannelImpl.checkConnect(Native Method) ~[?:1.8.0_312]
	at sun.nio.ch.SocketChannelImpl.finishConnect(SocketChannelImpl.java:716) ~[?:1.8.0_312]
	at io.netty.channel.socket.nio.NioSocketChannel.doFinishConnect(NioSocketChannel.java:327) ~[netty-all-4.1.33.Final.jar:4.1.33.Final]
	at io.netty.channel.nio.AbstractNioChannel$AbstractNioUnsafe.finishConnect(AbstractNioChannel.java:340) ~[netty-all-4.1.33.Final.jar:4.1.33.Final]
	at io.netty.channel.nio.NioEventLoop.processSelectedKey(NioEventLoop.java:665) ~[netty-all-4.1.33.Final.jar:4.1.33.Final]
	at io.netty.channel.nio.NioEventLoop.processSelectedKeysOptimized(NioEventLoop.java:612) ~[netty-all-4.1.33.Final.jar:4.1.33.Final]
	at io.netty.channel.nio.NioEventLoop.processSelectedKeys(NioEventLoop.java:529) ~[netty-all-4.1.33.Final.jar:4.1.33.Final]
	at io.netty.channel.nio.NioEventLoop.run(NioEventLoop.java:491) ~[netty-all-4.1.33.Final.jar:4.1.33.Final]
	at io.netty.util.concurrent.SingleThreadEventExecutor$5.run(SingleThreadEventExecutor.java:905) ~[netty-all-4.1.33.Final.jar:4.1.33.Final]
	at io.netty.util.concurrent.FastThreadLocalRunnable.run(FastThreadLocalRunnable.java:30) ~[netty-all-4.1.33.Final.jar:4.1.33.Final]
	at java.lang.Thread.run(Thread.java:748) ~[?:1.8.0_312]
${PATTERN}${PATTERN}${PATTERN}${PATTERN}${PATTERN}${PATTERN}${PATTERN} org.apache.dubbo.rpc.RpcException: No provider available in [invoker :interface org.apache.dubbo.rpc.service.GenericService -> spring-cloud://localhost:9090/org.apache.dubbo.registry.RegistryService?anyhost=true&application=merchant-service&bind.ip=10.18.19.38&bind.port=20891&check=false&deprecated=false&dubbo=2.0.2&dynamic=true&generic=true&group=merchant-application&interface=com.alibaba.cloud.dubbo.service.DubboMetadataService&lazy=false&methods=getAllServiceKeys,getServiceRestMetadata,getExportedURLs,getAllExportedURLs&pid=1570&qos.enable=false&qos.port=22240&register=true&register.ip=10.18.19.38&release=2.7.3&remote.application=merchant-application&retries=-1&revision=2.1.0.RELEASE&side=consumer&sticky=false&timeout=90000&timestamp=1635990823292&version=1.0.0,directory: org.apache.dubbo.registry.integration.RegistryDirectory@26a45089, invoker :interface org.apache.dubbo.rpc.service.GenericService -> nacos://127.0.0.1:8848/org.apache.dubbo.registry.RegistryService?application=merchant-service&check=false&dubbo=2.0.2&generic=true&group=merchant-application&interface=com.alibaba.cloud.dubbo.service.DubboMetadataService&lazy=false&pid=1570&qos.enable=false&qos.port=22240&register.ip=10.18.19.38&release=2.7.3&retries=-1&side=consumer&sticky=false&timeout=90000&timestamp=1635990823292&version=1.0.0,directory: org.apache.dubbo.registry.integration.RegistryDirectory@194224ca]
	at org.apache.dubbo.rpc.cluster.support.RegistryAwareClusterInvoker.doInvoke(RegistryAwareClusterInvoker.java:59) ~[dubbo-2.7.3.jar:2.7.3]
	at org.apache.dubbo.rpc.cluster.support.AbstractClusterInvoker.invoke(AbstractClusterInvoker.java:248) ~[dubbo-2.7.3.jar:2.7.3]
	at org.apache.dubbo.rpc.cluster.support.wrapper.MockClusterInvoker.invoke(MockClusterInvoker.java:78) ~[dubbo-2.7.3.jar:2.7.3]
	at org.apache.dubbo.rpc.proxy.InvokerInvocationHandler.invoke(InvokerInvocationHandler.java:55) ~[dubbo-2.7.3.jar:2.7.3]
	at org.apache.dubbo.common.bytecode.proxy0.$invoke(proxy0.java) ~[dubbo-2.7.3.jar:2.7.3]
	at com.alibaba.cloud.dubbo.service.DubboMetadataServiceInvocationHandler.invoke(DubboMetadataServiceInvocationHandler.java:49) ~[spring-cloud-alibaba-dubbo-2.1.0.RELEASE.jar:2.1.0.RELEASE]
	at com.sun.proxy.$Proxy143.getServiceRestMetadata(Unknown Source) ~[?:?]
	at com.alibaba.cloud.dubbo.metadata.repository.DubboServiceMetadataRepository.getServiceRestMetadataSet(DubboServiceMetadataRepository.java:591) ~[spring-cloud-alibaba-dubbo-2.1.0.RELEASE.jar:2.1.0.RELEASE]
	at com.alibaba.cloud.dubbo.metadata.repository.DubboServiceMetadataRepository.initDubboRestServiceMetadataRepository(DubboServiceMetadataRepository.java:479) ~[spring-cloud-alibaba-dubbo-2.1.0.RELEASE.jar:2.1.0.RELEASE]
	at com.alibaba.cloud.dubbo.metadata.repository.DubboServiceMetadataRepository.initializeMetadata(DubboServiceMetadataRepository.java:287) ~[spring-cloud-alibaba-dubbo-2.1.0.RELEASE.jar:2.1.0.RELEASE]
	at java.lang.Iterable.forEach(Iterable.java:75) [?:1.8.0_312]
	at com.alibaba.cloud.dubbo.metadata.repository.DubboServiceMetadataRepository.initializeMetadata(DubboServiceMetadataRepository.java:260) [spring-cloud-alibaba-dubbo-2.1.0.RELEASE.jar:2.1.0.RELEASE]
	at com.alibaba.cloud.dubbo.metadata.repository.DubboServiceMetadataRepository.afterSingletonsInstantiated(DubboServiceMetadataRepository.java:253) [spring-cloud-alibaba-dubbo-2.1.0.RELEASE.jar:2.1.0.RELEASE]
	at com.alibaba.cloud.dubbo.metadata.repository.DubboServiceMetadataRepository$$FastClassBySpringCGLIB$$4ef4b7bd.invoke(<generated>) [spring-cloud-alibaba-dubbo-2.1.0.RELEASE.jar:2.1.0.RELEASE]
	at org.springframework.cglib.proxy.MethodProxy.invoke(MethodProxy.java:218) [spring-core-5.1.5.RELEASE.jar:5.1.5.RELEASE]
	at org.springframework.aop.framework.CglibAopProxy$CglibMethodInvocation.invokeJoinpoint(CglibAopProxy.java:749) [spring-aop-5.1.5.RELEASE.jar:5.1.5.RELEASE]
	at org.springframework.aop.framework.ReflectiveMethodInvocation.proceed(ReflectiveMethodInvocation.java:163) [spring-aop-5.1.5.RELEASE.jar:5.1.5.RELEASE]
	at org.springframework.dao.support.PersistenceExceptionTranslationInterceptor.invoke(PersistenceExceptionTranslationInterceptor.java:139) [spring-tx-5.1.5.RELEASE.jar:5.1.5.RELEASE]
	at org.springframework.aop.framework.ReflectiveMethodInvocation.proceed(ReflectiveMethodInvocation.java:186) [spring-aop-5.1.5.RELEASE.jar:5.1.5.RELEASE]
	at org.springframework.aop.framework.CglibAopProxy$DynamicAdvisedInterceptor.intercept(CglibAopProxy.java:688) [spring-aop-5.1.5.RELEASE.jar:5.1.5.RELEASE]
	at com.alibaba.cloud.dubbo.metadata.repository.DubboServiceMetadataRepository$$EnhancerBySpringCGLIB$$1daa042e.afterSingletonsInstantiated(<generated>) [spring-cloud-alibaba-dubbo-2.1.0.RELEASE.jar:2.1.0.RELEASE]
	at org.springframework.beans.factory.support.DefaultListableBeanFactory.preInstantiateSingletons(DefaultListableBeanFactory.java:866) [spring-beans-5.1.5.RELEASE.jar:5.1.5.RELEASE]
	at org.springframework.context.support.AbstractApplicationContext.finishBeanFactoryInitialization(AbstractApplicationContext.java:877) [spring-context-5.1.5.RELEASE.jar:5.1.5.RELEASE]
	at org.springframework.context.support.AbstractApplicationContext.refresh(AbstractApplicationContext.java:549) [spring-context-5.1.5.RELEASE.jar:5.1.5.RELEASE]
	at org.springframework.boot.web.servlet.context.ServletWebServerApplicationContext.refresh(ServletWebServerApplicationContext.java:142) [spring-boot-2.1.3.RELEASE.jar:2.1.3.RELEASE]
	at org.springframework.boot.SpringApplication.refresh(SpringApplication.java:775) [spring-boot-2.1.3.RELEASE.jar:2.1.3.RELEASE]
	at org.springframework.boot.SpringApplication.refreshContext(SpringApplication.java:397) [spring-boot-2.1.3.RELEASE.jar:2.1.3.RELEASE]
	at org.springframework.boot.SpringApplication.run(SpringApplication.java:316) [spring-boot-2.1.3.RELEASE.jar:2.1.3.RELEASE]
	at org.springframework.boot.SpringApplication.run(SpringApplication.java:1260) [spring-boot-2.1.3.RELEASE.jar:2.1.3.RELEASE]
	at org.springframework.boot.SpringApplication.run(SpringApplication.java:1248) [spring-boot-2.1.3.RELEASE.jar:2.1.3.RELEASE]
	at com.shanjupay.merchant.MerchantBootstrap.main(MerchantBootstrap.java:16) [classes/:?]
${PATTERN}${PATTERN}${PATTERN}${PATTERN}${PATTERN}${PATTERN}${PATTERN}${PATTERN}${PATTERN}${PATTERN}${PATTERN}${PATTERN}${PATTERN}${PATTERN}${PATTERN} org.apache.dubbo.rpc.RpcException: No provider available in [invoker :interface org.apache.dubbo.rpc.service.GenericService -> spring-cloud://localhost:9090/org.apache.dubbo.registry.RegistryService?anyhost=true&application=merchant-service&bind.ip=10.18.19.38&bind.port=20891&check=false&deprecated=false&dubbo=2.0.2&dynamic=true&generic=true&group=merchant-application&interface=com.alibaba.cloud.dubbo.service.DubboMetadataService&lazy=false&methods=getAllServiceKeys,getServiceRestMetadata,getExportedURLs,getAllExportedURLs&pid=1570&qos.enable=false&qos.port=22240&register=true&register.ip=10.18.19.38&release=2.7.3&remote.application=merchant-application&retries=-1&revision=2.1.0.RELEASE&side=consumer&sticky=false&timeout=90000&timestamp=1635990823292&version=1.0.0,directory: org.apache.dubbo.registry.integration.RegistryDirectory@26a45089, invoker :interface org.apache.dubbo.rpc.service.GenericService -> nacos://127.0.0.1:8848/org.apache.dubbo.registry.RegistryService?application=merchant-service&check=false&dubbo=2.0.2&generic=true&group=merchant-application&interface=com.alibaba.cloud.dubbo.service.DubboMetadataService&lazy=false&pid=1570&qos.enable=false&qos.port=22240&register.ip=10.18.19.38&release=2.7.3&retries=-1&side=consumer&sticky=false&timeout=90000&timestamp=1635990823292&version=1.0.0,directory: org.apache.dubbo.registry.integration.RegistryDirectory@194224ca]
	at org.apache.dubbo.rpc.cluster.support.RegistryAwareClusterInvoker.doInvoke(RegistryAwareClusterInvoker.java:59) ~[dubbo-2.7.3.jar:2.7.3]
	at org.apache.dubbo.rpc.cluster.support.AbstractClusterInvoker.invoke(AbstractClusterInvoker.java:248) ~[dubbo-2.7.3.jar:2.7.3]
	at org.apache.dubbo.rpc.cluster.support.wrapper.MockClusterInvoker.invoke(MockClusterInvoker.java:78) ~[dubbo-2.7.3.jar:2.7.3]
	at org.apache.dubbo.rpc.proxy.InvokerInvocationHandler.invoke(InvokerInvocationHandler.java:55) ~[dubbo-2.7.3.jar:2.7.3]
	at org.apache.dubbo.common.bytecode.proxy0.$invoke(proxy0.java) ~[dubbo-2.7.3.jar:2.7.3]
	at com.alibaba.cloud.dubbo.service.DubboMetadataServiceInvocationHandler.invoke(DubboMetadataServiceInvocationHandler.java:49) ~[spring-cloud-alibaba-dubbo-2.1.0.RELEASE.jar:2.1.0.RELEASE]
	at com.sun.proxy.$Proxy143.getExportedURLs(Unknown Source) ~[?:?]
	at com.alibaba.cloud.dubbo.registry.AbstractSpringCloudRegistry.getExportedURLs(AbstractSpringCloudRegistry.java:328) ~[spring-cloud-alibaba-dubbo-2.1.0.RELEASE.jar:2.1.0.RELEASE]
	at com.alibaba.cloud.dubbo.registry.AbstractSpringCloudRegistry.subscribeDubboServiceURL(AbstractSpringCloudRegistry.java:260) ~[spring-cloud-alibaba-dubbo-2.1.0.RELEASE.jar:2.1.0.RELEASE]
	at com.alibaba.cloud.dubbo.registry.AbstractSpringCloudRegistry.lambda$doSubscribeDubboServiceURLs$0(AbstractSpringCloudRegistry.java:204) ~[spring-cloud-alibaba-dubbo-2.1.0.RELEASE.jar:2.1.0.RELEASE]
	at java.lang.Iterable.forEach(Iterable.java:75) [?:1.8.0_312]
	at java.util.Collections$UnmodifiableCollection.forEach(Collections.java:1082) [?:1.8.0_312]
	at com.alibaba.cloud.dubbo.registry.AbstractSpringCloudRegistry.doSubscribeDubboServiceURLs(AbstractSpringCloudRegistry.java:204) [spring-cloud-alibaba-dubbo-2.1.0.RELEASE.jar:2.1.0.RELEASE]
	at com.alibaba.cloud.dubbo.registry.AbstractSpringCloudRegistry.subscribeDubboServiceURLs(AbstractSpringCloudRegistry.java:169) [spring-cloud-alibaba-dubbo-2.1.0.RELEASE.jar:2.1.0.RELEASE]
	at com.alibaba.cloud.dubbo.registry.AbstractSpringCloudRegistry.doSubscribe(AbstractSpringCloudRegistry.java:163) [spring-cloud-alibaba-dubbo-2.1.0.RELEASE.jar:2.1.0.RELEASE]
	at org.apache.dubbo.registry.support.FailbackRegistry.subscribe(FailbackRegistry.java:295) [dubbo-2.7.3.jar:2.7.3]
	at org.apache.dubbo.registry.integration.RegistryProtocol.export(RegistryProtocol.java:224) [dubbo-2.7.3.jar:2.7.3]
	at org.apache.dubbo.rpc.protocol.ProtocolListenerWrapper.export(ProtocolListenerWrapper.java:59) [dubbo-2.7.3.jar:2.7.3]
	at org.apache.dubbo.rpc.protocol.ProtocolFilterWrapper.export(ProtocolFilterWrapper.java:120) [dubbo-2.7.3.jar:2.7.3]
	at org.apache.dubbo.qos.protocol.QosProtocolWrapper.export(QosProtocolWrapper.java:61) [dubbo-2.7.3.jar:2.7.3]
	at org.apache.dubbo.rpc.Protocol$Adaptive.export(Protocol$Adaptive.java) [dubbo-2.7.3.jar:2.7.3]
	at org.apache.dubbo.config.ServiceConfig.doExportUrlsFor1Protocol(ServiceConfig.java:607) [dubbo-2.7.3.jar:2.7.3]
	at org.apache.dubbo.config.ServiceConfig.doExportUrls(ServiceConfig.java:457) [dubbo-2.7.3.jar:2.7.3]
	at org.apache.dubbo.config.ServiceConfig.doExport(ServiceConfig.java:415) [dubbo-2.7.3.jar:2.7.3]
	at org.apache.dubbo.config.ServiceConfig.export(ServiceConfig.java:378) [dubbo-2.7.3.jar:2.7.3]
	at org.apache.dubbo.config.spring.ServiceBean.export(ServiceBean.java:336) [dubbo-2.7.3.jar:2.7.3]
	at org.apache.dubbo.config.spring.ServiceBean.onApplicationEvent(ServiceBean.java:114) [dubbo-2.7.3.jar:2.7.3]
	at org.apache.dubbo.config.spring.ServiceBean.onApplicationEvent(ServiceBean.java:60) [dubbo-2.7.3.jar:2.7.3]
	at org.springframework.context.event.SimpleApplicationEventMulticaster.doInvokeListener(SimpleApplicationEventMulticaster.java:172) [spring-context-5.1.5.RELEASE.jar:5.1.5.RELEASE]
	at org.springframework.context.event.SimpleApplicationEventMulticaster.invokeListener(SimpleApplicationEventMulticaster.java:165) [spring-context-5.1.5.RELEASE.jar:5.1.5.RELEASE]
	at org.springframework.context.event.SimpleApplicationEventMulticaster.multicastEvent(SimpleApplicationEventMulticaster.java:139) [spring-context-5.1.5.RELEASE.jar:5.1.5.RELEASE]
	at org.springframework.context.support.AbstractApplicationContext.publishEvent(AbstractApplicationContext.java:402) [spring-context-5.1.5.RELEASE.jar:5.1.5.RELEASE]
	at org.springframework.context.support.AbstractApplicationContext.publishEvent(AbstractApplicationContext.java:359) [spring-context-5.1.5.RELEASE.jar:5.1.5.RELEASE]
	at org.springframework.context.support.AbstractApplicationContext.finishRefresh(AbstractApplicationContext.java:896) [spring-context-5.1.5.RELEASE.jar:5.1.5.RELEASE]
	at org.springframework.boot.web.servlet.context.ServletWebServerApplicationContext.finishRefresh(ServletWebServerApplicationContext.java:163) [spring-boot-2.1.3.RELEASE.jar:2.1.3.RELEASE]
	at org.springframework.context.support.AbstractApplicationContext.refresh(AbstractApplicationContext.java:552) [spring-context-5.1.5.RELEASE.jar:5.1.5.RELEASE]
	at org.springframework.boot.web.servlet.context.ServletWebServerApplicationContext.refresh(ServletWebServerApplicationContext.java:142) [spring-boot-2.1.3.RELEASE.jar:2.1.3.RELEASE]
	at org.springframework.boot.SpringApplication.refresh(SpringApplication.java:775) [spring-boot-2.1.3.RELEASE.jar:2.1.3.RELEASE]
	at org.springframework.boot.SpringApplication.refreshContext(SpringApplication.java:397) [spring-boot-2.1.3.RELEASE.jar:2.1.3.RELEASE]
	at org.springframework.boot.SpringApplication.run(SpringApplication.java:316) [spring-boot-2.1.3.RELEASE.jar:2.1.3.RELEASE]
	at org.springframework.boot.SpringApplication.run(SpringApplication.java:1260) [spring-boot-2.1.3.RELEASE.jar:2.1.3.RELEASE]
	at org.springframework.boot.SpringApplication.run(SpringApplication.java:1248) [spring-boot-2.1.3.RELEASE.jar:2.1.3.RELEASE]
	at com.shanjupay.merchant.MerchantBootstrap.main(MerchantBootstrap.java:16) [classes/:?]
${PATTERN}${PATTERN}${PATTERN}${PATTERN}${PATTERN}${PATTERN}${PATTERN}${PATTERN}${PATTERN}${PATTERN}${PATTERN}${PATTERN}${PATTERN}${PATTERN}${PATTERN}${PATTERN}${PATTERN}${PATTERN}${PATTERN}${PATTERN}${PATTERN}${PATTERN}${PATTERN}${PATTERN}${PATTERN}${PATTERN}${PATTERN} org.apache.dubbo.rpc.RpcException: No provider available in [invoker :interface org.apache.dubbo.rpc.service.GenericService -> spring-cloud://localhost:9090/org.apache.dubbo.registry.RegistryService?anyhost=true&application=merchant-service&bind.ip=10.18.19.38&bind.port=20891&check=false&deprecated=false&dubbo=2.0.2&dynamic=true&generic=true&group=merchant-application&interface=com.alibaba.cloud.dubbo.service.DubboMetadataService&lazy=false&methods=getAllServiceKeys,getServiceRestMetadata,getExportedURLs,getAllExportedURLs&pid=1570&qos.enable=false&qos.port=22240&register=true&register.ip=10.18.19.38&release=2.7.3&remote.application=merchant-application&retries=-1&revision=2.1.0.RELEASE&side=consumer&sticky=false&timeout=90000&timestamp=1635990823292&version=1.0.0,directory: org.apache.dubbo.registry.integration.RegistryDirectory@26a45089, invoker :interface org.apache.dubbo.rpc.service.GenericService -> nacos://127.0.0.1:8848/org.apache.dubbo.registry.RegistryService?anyhost=true&application=merchant-service&category=providers&check=false&deprecated=false&dubbo=2.0.2&dynamic=true&generic=true&group=merchant-application&interface=com.alibaba.cloud.dubbo.service.DubboMetadataService&lazy=false&methods=getAllServiceKeys,getServiceRestMetadata,getExportedURLs,getAllExportedURLs&path=com.alibaba.cloud.dubbo.service.DubboMetadataService&pid=1570&protocol=dubbo&qos.enable=false&qos.port=22240&register=true&register.ip=10.18.19.38&release=2.7.3&remote.application=merchant-application&retries=-1&revision=2.1.0.RELEASE&side=consumer&sticky=false&timeout=90000&timestamp=1635990823292&version=1.0.0,directory: org.apache.dubbo.registry.integration.RegistryDirectory@194224ca]
	at org.apache.dubbo.rpc.cluster.support.RegistryAwareClusterInvoker.doInvoke(RegistryAwareClusterInvoker.java:59) ~[dubbo-2.7.3.jar:2.7.3]
	at org.apache.dubbo.rpc.cluster.support.AbstractClusterInvoker.invoke(AbstractClusterInvoker.java:248) ~[dubbo-2.7.3.jar:2.7.3]
	at org.apache.dubbo.rpc.cluster.support.wrapper.MockClusterInvoker.invoke(MockClusterInvoker.java:78) ~[dubbo-2.7.3.jar:2.7.3]
	at org.apache.dubbo.rpc.proxy.InvokerInvocationHandler.invoke(InvokerInvocationHandler.java:55) ~[dubbo-2.7.3.jar:2.7.3]
	at org.apache.dubbo.common.bytecode.proxy0.$invoke(proxy0.java) ~[dubbo-2.7.3.jar:2.7.3]
	at com.alibaba.cloud.dubbo.service.DubboMetadataServiceInvocationHandler.invoke(DubboMetadataServiceInvocationHandler.java:49) ~[spring-cloud-alibaba-dubbo-2.1.0.RELEASE.jar:2.1.0.RELEASE]
	at com.sun.proxy.$Proxy143.getExportedURLs(Unknown Source) ~[?:?]
	at com.alibaba.cloud.dubbo.registry.AbstractSpringCloudRegistry.getExportedURLs(AbstractSpringCloudRegistry.java:328) ~[spring-cloud-alibaba-dubbo-2.1.0.RELEASE.jar:2.1.0.RELEASE]
	at com.alibaba.cloud.dubbo.registry.AbstractSpringCloudRegistry.subscribeDubboServiceURL(AbstractSpringCloudRegistry.java:260) ~[spring-cloud-alibaba-dubbo-2.1.0.RELEASE.jar:2.1.0.RELEASE]
	at com.alibaba.cloud.dubbo.registry.AbstractSpringCloudRegistry$1.onApplicationEvent(AbstractSpringCloudRegistry.java:193) ~[spring-cloud-alibaba-dubbo-2.1.0.RELEASE.jar:2.1.0.RELEASE]
	at com.alibaba.cloud.dubbo.registry.AbstractSpringCloudRegistry$1.onApplicationEvent(AbstractSpringCloudRegistry.java:186) ~[spring-cloud-alibaba-dubbo-2.1.0.RELEASE.jar:2.1.0.RELEASE]
	at org.springframework.context.event.SimpleApplicationEventMulticaster.doInvokeListener(SimpleApplicationEventMulticaster.java:172) ~[spring-context-5.1.5.RELEASE.jar:5.1.5.RELEASE]
	at org.springframework.context.event.SimpleApplicationEventMulticaster.invokeListener(SimpleApplicationEventMulticaster.java:165) ~[spring-context-5.1.5.RELEASE.jar:5.1.5.RELEASE]
	at org.springframework.context.event.SimpleApplicationEventMulticaster.multicastEvent(SimpleApplicationEventMulticaster.java:139) ~[spring-context-5.1.5.RELEASE.jar:5.1.5.RELEASE]
	at org.springframework.context.support.AbstractApplicationContext.publishEvent(AbstractApplicationContext.java:402) ~[spring-context-5.1.5.RELEASE.jar:5.1.5.RELEASE]
	at org.springframework.context.support.AbstractApplicationContext.publishEvent(AbstractApplicationContext.java:359) ~[spring-context-5.1.5.RELEASE.jar:5.1.5.RELEASE]
	at com.alibaba.cloud.dubbo.autoconfigure.DubboServiceDiscoveryAutoConfiguration.dispatchServiceInstancesChangedEvent(DubboServiceDiscoveryAutoConfiguration.java:161) ~[spring-cloud-alibaba-dubbo-2.1.0.RELEASE.jar:2.1.0.RELEASE]
	at com.alibaba.cloud.dubbo.autoconfigure.DubboServiceDiscoveryAutoConfiguration.access$200(DubboServiceDiscoveryAutoConfiguration.java:107) ~[spring-cloud-alibaba-dubbo-2.1.0.RELEASE.jar:2.1.0.RELEASE]
	at com.alibaba.cloud.dubbo.autoconfigure.DubboServiceDiscoveryAutoConfiguration$NacosConfiguration.lambda$subscribeEventListener$1(DubboServiceDiscoveryAutoConfiguration.java:541) ~[spring-cloud-alibaba-dubbo-2.1.0.RELEASE.jar:2.1.0.RELEASE]
	at com.alibaba.nacos.client.naming.core.EventDispatcher$Notifier.run(EventDispatcher.java:128) [nacos-client-1.1.1.jar:?]
	at java.util.concurrent.ThreadPoolExecutor.runWorker(ThreadPoolExecutor.java:1149) [?:1.8.0_312]
	at java.util.concurrent.ThreadPoolExecutor$Worker.run(ThreadPoolExecutor.java:624) [?:1.8.0_312]
	at java.lang.Thread.run(Thread.java:748) [?:1.8.0_312]
${PATTERN}${PATTERN}${PATTERN}${PATTERN}${PATTERN}${PATTERN}${PATTERN}${PATTERN}${PATTERN}${PATTERN}${PATTERN}${PATTERN}${PATTERN}${PATTERN}${PATTERN}${PATTERN}${PATTERN}${PATTERN}${PATTERN}${PATTERN}${PATTERN}${PATTERN}${PATTERN}${PATTERN}${PATTERN}${PATTERN}${PATTERN}${PATTERN}${PATTERN}${PATTERN}${PATTERN}${PATTERN}${PATTERN}${PATTERN}${PATTERN}${PATTERN}${PATTERN}${PATTERN}${PATTERN}${PATTERN}${PATTERN}${PATTERN}${PATTERN}${PATTERN} org.yaml.snakeyaml.scanner.ScannerException: mapping values are not allowed here
 in 'reader', line 8, column 14:
            druid: 
                 ^

	at org.yaml.snakeyaml.scanner.ScannerImpl.fetchValue(ScannerImpl.java:870) ~[snakeyaml-1.23.jar:?]
	at org.yaml.snakeyaml.scanner.ScannerImpl.fetchMoreTokens(ScannerImpl.java:358) ~[snakeyaml-1.23.jar:?]
	at org.yaml.snakeyaml.scanner.ScannerImpl.checkToken(ScannerImpl.java:227) ~[snakeyaml-1.23.jar:?]
	at org.yaml.snakeyaml.parser.ParserImpl$ParseBlockMappingKey.produce(ParserImpl.java:558) ~[snakeyaml-1.23.jar:?]
	at org.yaml.snakeyaml.parser.ParserImpl.peekEvent(ParserImpl.java:158) ~[snakeyaml-1.23.jar:?]
	at org.yaml.snakeyaml.parser.ParserImpl.checkEvent(ParserImpl.java:148) ~[snakeyaml-1.23.jar:?]
	at org.yaml.snakeyaml.composer.Composer.composeMappingNode(Composer.java:214) ~[snakeyaml-1.23.jar:?]
	at org.yaml.snakeyaml.composer.Composer.composeNode(Composer.java:144) ~[snakeyaml-1.23.jar:?]
	at org.yaml.snakeyaml.composer.Composer.getNode(Composer.java:85) ~[snakeyaml-1.23.jar:?]
	at org.yaml.snakeyaml.constructor.BaseConstructor.getData(BaseConstructor.java:123) ~[snakeyaml-1.23.jar:?]
	at org.yaml.snakeyaml.Yaml$1.next(Yaml.java:547) ~[snakeyaml-1.23.jar:?]
	at org.springframework.beans.factory.config.YamlProcessor.process(YamlProcessor.java:161) ~[spring-beans-5.1.5.RELEASE.jar:5.1.5.RELEASE]
	at org.springframework.beans.factory.config.YamlProcessor.process(YamlProcessor.java:134) ~[spring-beans-5.1.5.RELEASE.jar:5.1.5.RELEASE]
	at org.springframework.beans.factory.config.YamlPropertiesFactoryBean.createProperties(YamlPropertiesFactoryBean.java:135) ~[spring-beans-5.1.5.RELEASE.jar:5.1.5.RELEASE]
	at org.springframework.beans.factory.config.YamlPropertiesFactoryBean.getObject(YamlPropertiesFactoryBean.java:115) ~[spring-beans-5.1.5.RELEASE.jar:5.1.5.RELEASE]
	at com.alibaba.cloud.nacos.client.NacosPropertySourceBuilder.loadNacosData(NacosPropertySourceBuilder.java:100) [spring-cloud-alibaba-nacos-config-2.1.0.RELEASE.jar:2.1.0.RELEASE]
	at com.alibaba.cloud.nacos.client.NacosPropertySourceBuilder.build(NacosPropertySourceBuilder.java:75) [spring-cloud-alibaba-nacos-config-2.1.0.RELEASE.jar:2.1.0.RELEASE]
	at com.alibaba.cloud.nacos.client.NacosPropertySourceLocator.loadNacosDataIfPresent(NacosPropertySourceLocator.java:179) [spring-cloud-alibaba-nacos-config-2.1.0.RELEASE.jar:2.1.0.RELEASE]
	at com.alibaba.cloud.nacos.client.NacosPropertySourceLocator.loadExtConfiguration(NacosPropertySourceLocator.java:129) [spring-cloud-alibaba-nacos-config-2.1.0.RELEASE.jar:2.1.0.RELEASE]
	at com.alibaba.cloud.nacos.client.NacosPropertySourceLocator.locate(NacosPropertySourceLocator.java:87) [spring-cloud-alibaba-nacos-config-2.1.0.RELEASE.jar:2.1.0.RELEASE]
	at org.springframework.cloud.bootstrap.config.PropertySourceBootstrapConfiguration.initialize(PropertySourceBootstrapConfiguration.java:94) [spring-cloud-context-2.1.0.RELEASE.jar:2.1.0.RELEASE]
	at org.springframework.boot.SpringApplication.applyInitializers(SpringApplication.java:649) [spring-boot-2.1.3.RELEASE.jar:2.1.3.RELEASE]
	at org.springframework.boot.SpringApplication.prepareContext(SpringApplication.java:373) [spring-boot-2.1.3.RELEASE.jar:2.1.3.RELEASE]
	at org.springframework.boot.SpringApplication.run(SpringApplication.java:314) [spring-boot-2.1.3.RELEASE.jar:2.1.3.RELEASE]
	at org.springframework.boot.SpringApplication.run(SpringApplication.java:1260) [spring-boot-2.1.3.RELEASE.jar:2.1.3.RELEASE]
	at org.springframework.boot.SpringApplication.run(SpringApplication.java:1248) [spring-boot-2.1.3.RELEASE.jar:2.1.3.RELEASE]
	at com.shanjupay.merchant.MerchantBootstrap.main(MerchantBootstrap.java:16) [classes/:?]
${PATTERN}${PATTERN}${PATTERN}${PATTERN}${PATTERN}${PATTERN}${PATTERN}${PATTERN}${PATTERN}${PATTERN}${PATTERN}${PATTERN}${PATTERN}${PATTERN}${PATTERN}${PATTERN}${PATTERN}${PATTERN}${PATTERN}${PATTERN}${PATTERN}${PATTERN}${PATTERN}${PATTERN}${PATTERN}${PATTERN}${PATTERN}${PATTERN}${PATTERN}${PATTERN}${PATTERN}${PATTERN}${PATTERN}${PATTERN}${PATTERN}${PATTERN}${PATTERN}${PATTERN}${PATTERN}${PATTERN}${PATTERN}${PATTERN}${PATTERN}${PATTERN}${PATTERN}${PATTERN}${PATTERN}${PATTERN}${PATTERN}${PATTERN}${PATTERN}${PATTERN}${PATTERN}${PATTERN}${PATTERN}${PATTERN}${PATTERN}${PATTERN}${PATTERN}${PATTERN}${PATTERN}${PATTERN}${PATTERN}${PATTERN}${PATTERN}${PATTERN}${PATTERN}${PATTERN}${PATTERN}${PATTERN}${PATTERN}${PATTERN}${PATTERN}${PATTERN}${PATTERN}${PATTERN}${PATTERN}${PATTERN}${PATTERN}${PATTERN}${PATTERN}${PATTERN}${PATTERN}${PATTERN}${PATTERN}${PATTERN}${PATTERN}${PATTERN}${PATTERN}${PATTERN}${PATTERN}${PATTERN}${PATTERN}${PATTERN}${PATTERN}${PATTERN}${PATTERN}${PATTERN}${PATTERN}${PATTERN}${PATTERN}${PATTERN}${PATTERN}${PATTERN}${PATTERN}${PATTERN}${PATTERN}${PATTERN}${PATTERN}${PATTERN}${PATTERN}${PATTERN}${PATTERN}${PATTERN}${PATTERN}${PATTERN}${PATTERN}${PATTERN}${PATTERN}${PATTERN}${PATTERN}${PATTERN}${PATTERN}${PATTERN}${PATTERN}${PATTERN}${PATTERN}${PATTERN}${PATTERN}${PATTERN}${PATTERN}${PATTERN}${PATTERN}${PATTERN}${PATTERN}${PATTERN}${PATTERN}${PATTERN}${PATTERN}${PATTERN}${PATTERN}${PATTERN}${PATTERN}${PATTERN}${PATTERN}${PATTERN}${PATTERN}${PATTERN}${PATTERN}${PATTERN}${PATTERN}${PATTERN}${PATTERN}${PATTERN}${PATTERN}${PATTERN}${PATTERN}${PATTERN}${PATTERN}${PATTERN}${PATTERN}${PATTERN}${PATTERN}${PATTERN}${PATTERN}${PATTERN}${PATTERN}${PATTERN}${PATTERN}