[${project.name}][${env:SERVER_PORT}] 2021-11-01 10:53:56,732 [32mINFO[m [main][AbstractTestContextBootstrapper.java:308] - Neither @ContextConfiguration nor @ContextHierarchy found for test class [com.shanjupay.merchant.RestTemplateTest], using SpringBootContextLoader
[${project.name}][${env:SERVER_PORT}] 2021-11-01 10:53:56,738 [32mINFO[m [main][AbstractContextLoader.java:264] - Could not detect default resource locations for test class [com.shanjupay.merchant.RestTemplateTest]: no resource found for suffixes {-context.xml, Context.groovy}.
[${project.name}][${env:SERVER_PORT}] 2021-11-01 10:53:56,812 [32mINFO[m [main][AbstractTestContextBootstrapper.java:248] - Loaded default TestExecutionListener class names from location [META-INF/spring.factories]: [org.springframework.boot.test.mock.mockito.MockitoTestExecutionListener, org.springframework.boot.test.mock.mockito.ResetMocksTestExecutionListener, org.springframework.boot.test.autoconfigure.restdocs.RestDocsTestExecutionListener, org.springframework.boot.test.autoconfigure.web.client.MockRestServiceServerResetTestExecutionListener, org.springframework.boot.test.autoconfigure.web.servlet.MockMvcPrintOnlyOnFailureTestExecutionListener, org.springframework.boot.test.autoconfigure.web.servlet.WebDriverTestExecutionListener, org.springframework.test.context.web.ServletTestExecutionListener, org.springframework.test.context.support.DirtiesContextBeforeModesTestExecutionListener, org.springframework.test.context.support.DependencyInjectionTestExecutionListener, org.springframework.test.context.support.DirtiesContextTestExecutionListener, org.springframework.test.context.transaction.TransactionalTestExecutionListener, org.springframework.test.context.jdbc.SqlScriptsTestExecutionListener]
[${project.name}][${env:SERVER_PORT}] 2021-11-01 10:53:56,819 [32mINFO[m [main][AbstractTestContextBootstrapper.java:177] - Using TestExecutionListeners: [org.springframework.test.context.web.ServletTestExecutionListener@48bb62, org.springframework.test.context.support.DirtiesContextBeforeModesTestExecutionListener@353352b6, org.springframework.boot.test.mock.mockito.MockitoTestExecutionListener@4681c175, org.springframework.boot.test.autoconfigure.SpringBootDependencyInjectionTestExecutionListener@57a78e3, org.springframework.test.context.support.DirtiesContextTestExecutionListener@402c4085, org.springframework.boot.test.mock.mockito.ResetMocksTestExecutionListener@6fa51cd4, org.springframework.boot.test.autoconfigure.restdocs.RestDocsTestExecutionListener@2767e23c, org.springframework.boot.test.autoconfigure.web.client.MockRestServiceServerResetTestExecutionListener@710c2b53, org.springframework.boot.test.autoconfigure.web.servlet.MockMvcPrintOnlyOnFailureTestExecutionListener@5386659f, org.springframework.boot.test.autoconfigure.web.servlet.WebDriverTestExecutionListener@14028087]
[${project.name}][${env:SERVER_PORT}] 2021-11-01 10:53:56,987 [32mINFO[m [main][:] - using logger: org.apache.dubbo.common.logger.slf4j.Slf4jLoggerAdapter
[${project.name}][${env:SERVER_PORT}] 2021-11-01 10:53:56,989 [32mINFO[m [main][WelcomeLogoApplicationListener.java:63] - 

 :: Dubbo Spring Boot (v2.7.1) : https://github.com/apache/incubator-dubbo-spring-boot-project
 :: Dubbo (v2.7.3) : https://github.com/apache/incubator-dubbo
 :: Discuss group : dev@dubbo.apache.org

[${project.name}][${env:SERVER_PORT}] 2021-11-01 10:53:57,011 [32mINFO[m [main][OverrideDubboConfigApplicationListener.java:68] - Dubbo Config was overridden by externalized configuration {dubbo.application.name=merchant-application, dubbo.application.qos-enable=false, dubbo.application.qos.port=22310, dubbo.config.multiple=true, dubbo.consumer.check=false, dubbo.consumer.retries=-1, dubbo.consumer.timeout=3000, dubbo.protocol.name=dubbo, dubbo.protocol.port=20891, dubbo.registry.address=nacos://127.0.0.1:8848, dubbo.scan.base-packages=com.shanjupay}
[${project.name}][${env:SERVER_PORT}] 2021-11-01 10:53:57,307 [32mINFO[m [main][PostProcessorRegistrationDelegate.java:330] - Bean 'org.springframework.cloud.autoconfigure.ConfigurationPropertiesRebinderAutoConfiguration' of type [org.springframework.cloud.autoconfigure.ConfigurationPropertiesRebinderAutoConfiguration$$EnhancerBySpringCGLIB$$f7e93f8e] is not eligible for getting processed by all BeanPostProcessors (for example: not eligible for auto-proxying)
[${project.name}][${env:SERVER_PORT}] 2021-11-01 10:53:57,367 [32mINFO[m [pool-3-thread-1][AwaitingNonWebApplicationListener.java:140] -  [Dubbo] Current Spring Boot Application is await...
[${project.name}][${env:SERVER_PORT}] 2021-11-01 10:53:57,393 [32mINFO[m [main][OverrideDubboConfigApplicationListener.java:68] - Dubbo Config was overridden by externalized configuration {dubbo.application.name=merchant-application, dubbo.application.qos-enable=false, dubbo.application.qos.port=22310, dubbo.config.multiple=true, dubbo.consumer.check=false, dubbo.consumer.retries=-1, dubbo.consumer.timeout=3000, dubbo.protocol.name=dubbo, dubbo.protocol.port=20891, dubbo.registry.address=nacos://127.0.0.1:8848, dubbo.scan.base-packages=com.shanjupay}
[${project.name}][${env:SERVER_PORT}] 2021-11-01 10:53:57,484 [32mINFO[m [main][NacosPropertySourceBuilder.java:87] - Loading nacos data, dataId: 'spring-boot-http.yaml', group: 'COMMON_GROUP'
[${project.name}][${env:SERVER_PORT}] 2021-11-01 10:53:57,490 [32mINFO[m [main][NacosPropertySourceBuilder.java:87] - Loading nacos data, dataId: 'merchant-application.yaml', group: 'SHANJUPAY_GROUP'
[${project.name}][${env:SERVER_PORT}] 2021-11-01 10:53:57,491 [32mINFO[m [main][PropertySourceBootstrapConfiguration.java:98] - Located property source: CompositePropertySource {name='NACOS', propertySources=[NacosPropertySource {name='merchant-application.yaml'}, NacosPropertySource {name='spring-boot-http.yaml'}]}
[${project.name}][${env:SERVER_PORT}] 2021-11-01 10:53:57,513 [32mINFO[m [main][SpringApplication.java:675] - No active profile set, falling back to default profiles: default
[${project.name}][${env:SERVER_PORT}] 2021-11-01 10:53:57,545 [32mINFO[m [main][StartupInfoLogger.java:59] - Started RestTemplateTest in 0.686 seconds (JVM running for 1.318)
[${project.name}][${env:SERVER_PORT}] 2021-11-01 10:53:57,556 [1;31mERROR[m [main][TestContextManager.java:250] - Caught exception while allowing TestExecutionListener [org.springframework.boot.test.autoconfigure.SpringBootDependencyInjectionTestExecutionListener@57a78e3] to prepare test instance [com.shanjupay.merchant.RestTemplateTest@28782602]
org.springframework.beans.factory.UnsatisfiedDependencyException: Error creating bean with name 'com.shanjupay.merchant.RestTemplateTest': Unsatisfied dependency expressed through field 'restTemplate'; nested exception is org.springframework.beans.factory.NoSuchBeanDefinitionException: No qualifying bean of type 'org.springframework.web.client.RestTemplate' available: expected at least 1 bean which qualifies as autowire candidate. Dependency annotations: {@org.springframework.beans.factory.annotation.Autowired(required=true)}
	at org.springframework.beans.factory.annotation.AutowiredAnnotationBeanPostProcessor$AutowiredFieldElement.inject(AutowiredAnnotationBeanPostProcessor.java:596)
	at org.springframework.beans.factory.annotation.InjectionMetadata.inject(InjectionMetadata.java:90)
	at org.springframework.beans.factory.annotation.AutowiredAnnotationBeanPostProcessor.postProcessProperties(AutowiredAnnotationBeanPostProcessor.java:374)
	at org.springframework.beans.factory.support.AbstractAutowireCapableBeanFactory.populateBean(AbstractAutowireCapableBeanFactory.java:1395)
	at org.springframework.beans.factory.support.AbstractAutowireCapableBeanFactory.autowireBeanProperties(AbstractAutowireCapableBeanFactory.java:391)
	at org.springframework.test.context.support.DependencyInjectionTestExecutionListener.injectDependencies(DependencyInjectionTestExecutionListener.java:119)
	at org.springframework.test.context.support.DependencyInjectionTestExecutionListener.prepareTestInstance(DependencyInjectionTestExecutionListener.java:83)
	at org.springframework.boot.test.autoconfigure.SpringBootDependencyInjectionTestExecutionListener.prepareTestInstance(SpringBootDependencyInjectionTestExecutionListener.java:44)
	at org.springframework.test.context.TestContextManager.prepareTestInstance(TestContextManager.java:246)
	at org.springframework.test.context.junit4.SpringJUnit4ClassRunner.createTest(SpringJUnit4ClassRunner.java:227)
	at org.springframework.test.context.junit4.SpringJUnit4ClassRunner$1.runReflectiveCall(SpringJUnit4ClassRunner.java:289)
	at org.junit.internal.runners.model.ReflectiveCallable.run(ReflectiveCallable.java:12)
	at org.springframework.test.context.junit4.SpringJUnit4ClassRunner.methodBlock(SpringJUnit4ClassRunner.java:291)
	at org.springframework.test.context.junit4.SpringJUnit4ClassRunner.runChild(SpringJUnit4ClassRunner.java:246)
	at org.springframework.test.context.junit4.SpringJUnit4ClassRunner.runChild(SpringJUnit4ClassRunner.java:97)
	at org.junit.runners.ParentRunner$3.run(ParentRunner.java:290)
	at org.junit.runners.ParentRunner$1.schedule(ParentRunner.java:71)
	at org.junit.runners.ParentRunner.runChildren(ParentRunner.java:288)
	at org.junit.runners.ParentRunner.access$000(ParentRunner.java:58)
	at org.junit.runners.ParentRunner$2.evaluate(ParentRunner.java:268)
	at org.springframework.test.context.junit4.statements.RunBeforeTestClassCallbacks.evaluate(RunBeforeTestClassCallbacks.java:61)
	at org.springframework.test.context.junit4.statements.RunAfterTestClassCallbacks.evaluate(RunAfterTestClassCallbacks.java:70)
	at org.junit.runners.ParentRunner.run(ParentRunner.java:363)
	at org.springframework.test.context.junit4.SpringJUnit4ClassRunner.run(SpringJUnit4ClassRunner.java:190)
	at org.junit.runner.JUnitCore.run(JUnitCore.java:137)
	at com.intellij.junit4.JUnit4IdeaTestRunner.startRunnerWithArgs(JUnit4IdeaTestRunner.java:69)
	at com.intellij.rt.junit.IdeaTestRunner$Repeater.startRunnerWithArgs(IdeaTestRunner.java:33)
	at com.intellij.rt.junit.JUnitStarter.prepareStreamsAndStart(JUnitStarter.java:235)
	at com.intellij.rt.junit.JUnitStarter.main(JUnitStarter.java:54)
Caused by: org.springframework.beans.factory.NoSuchBeanDefinitionException: No qualifying bean of type 'org.springframework.web.client.RestTemplate' available: expected at least 1 bean which qualifies as autowire candidate. Dependency annotations: {@org.springframework.beans.factory.annotation.Autowired(required=true)}
	at org.springframework.beans.factory.support.DefaultListableBeanFactory.raiseNoMatchingBeanFound(DefaultListableBeanFactory.java:1654)
	at org.springframework.beans.factory.support.DefaultListableBeanFactory.doResolveDependency(DefaultListableBeanFactory.java:1213)
	at org.springframework.beans.factory.support.DefaultListableBeanFactory.resolveDependency(DefaultListableBeanFactory.java:1167)
	at org.springframework.beans.factory.annotation.AutowiredAnnotationBeanPostProcessor$AutowiredFieldElement.inject(AutowiredAnnotationBeanPostProcessor.java:593)
	... 28 more
[${project.name}][${env:SERVER_PORT}] 2021-11-01 10:53:57,563 [32mINFO[m [Thread-5][AwaitingNonWebApplicationListener.java:155] -  [Dubbo] Current Spring Boot Application is about to shutdown...
[${project.name}][${env:SERVER_PORT}] 2021-11-01 10:54:16,340 [32mINFO[m [main][AbstractTestContextBootstrapper.java:308] - Neither @ContextConfiguration nor @ContextHierarchy found for test class [com.shanjupay.merchant.RestTemplateTest], using SpringBootContextLoader
[${project.name}][${env:SERVER_PORT}] 2021-11-01 10:54:16,346 [32mINFO[m [main][AbstractContextLoader.java:264] - Could not detect default resource locations for test class [com.shanjupay.merchant.RestTemplateTest]: no resource found for suffixes {-context.xml, Context.groovy}.
[${project.name}][${env:SERVER_PORT}] 2021-11-01 10:54:16,347 [32mINFO[m [main][AnnotationConfigContextLoaderUtils.java:83] - Could not detect default configuration classes for test class [com.shanjupay.merchant.RestTemplateTest]: RestTemplateTest does not declare any static, non-private, non-final, nested classes annotated with @Configuration.
[${project.name}][${env:SERVER_PORT}] 2021-11-01 10:54:16,412 [32mINFO[m [main][SpringBootTestContextBootstrapper.java:247] - Found @SpringBootConfiguration com.shanjupay.merchant.MerchantApplicationBootstrap for test class com.shanjupay.merchant.RestTemplateTest
[${project.name}][${env:SERVER_PORT}] 2021-11-01 10:54:16,457 [32mINFO[m [main][AbstractTestContextBootstrapper.java:248] - Loaded default TestExecutionListener class names from location [META-INF/spring.factories]: [org.springframework.boot.test.mock.mockito.MockitoTestExecutionListener, org.springframework.boot.test.mock.mockito.ResetMocksTestExecutionListener, org.springframework.boot.test.autoconfigure.restdocs.RestDocsTestExecutionListener, org.springframework.boot.test.autoconfigure.web.client.MockRestServiceServerResetTestExecutionListener, org.springframework.boot.test.autoconfigure.web.servlet.MockMvcPrintOnlyOnFailureTestExecutionListener, org.springframework.boot.test.autoconfigure.web.servlet.WebDriverTestExecutionListener, org.springframework.test.context.web.ServletTestExecutionListener, org.springframework.test.context.support.DirtiesContextBeforeModesTestExecutionListener, org.springframework.test.context.support.DependencyInjectionTestExecutionListener, org.springframework.test.context.support.DirtiesContextTestExecutionListener, org.springframework.test.context.transaction.TransactionalTestExecutionListener, org.springframework.test.context.jdbc.SqlScriptsTestExecutionListener]
[${project.name}][${env:SERVER_PORT}] 2021-11-01 10:54:16,464 [32mINFO[m [main][AbstractTestContextBootstrapper.java:177] - Using TestExecutionListeners: [org.springframework.test.context.web.ServletTestExecutionListener@7486b455, org.springframework.test.context.support.DirtiesContextBeforeModesTestExecutionListener@660acfb, org.springframework.boot.test.mock.mockito.MockitoTestExecutionListener@5d908d47, org.springframework.boot.test.autoconfigure.SpringBootDependencyInjectionTestExecutionListener@5efa40fe, org.springframework.test.context.support.DirtiesContextTestExecutionListener@1f9f6368, org.springframework.boot.test.mock.mockito.ResetMocksTestExecutionListener@1c9b0314, org.springframework.boot.test.autoconfigure.restdocs.RestDocsTestExecutionListener@45385f75, org.springframework.boot.test.autoconfigure.web.client.MockRestServiceServerResetTestExecutionListener@49c90a9c, org.springframework.boot.test.autoconfigure.web.servlet.MockMvcPrintOnlyOnFailureTestExecutionListener@2d29b4ee, org.springframework.boot.test.autoconfigure.web.servlet.WebDriverTestExecutionListener@69ee81fc]
[${project.name}][${env:SERVER_PORT}] 2021-11-01 10:54:16,665 [32mINFO[m [main][:] - using logger: org.apache.dubbo.common.logger.slf4j.Slf4jLoggerAdapter
[${project.name}][${env:SERVER_PORT}] 2021-11-01 10:54:16,668 [32mINFO[m [main][WelcomeLogoApplicationListener.java:63] - 

 :: Dubbo Spring Boot (v2.7.1) : https://github.com/apache/incubator-dubbo-spring-boot-project
 :: Dubbo (v2.7.3) : https://github.com/apache/incubator-dubbo
 :: Discuss group : dev@dubbo.apache.org

[${project.name}][${env:SERVER_PORT}] 2021-11-01 10:54:16,672 [32mINFO[m [main][OverrideDubboConfigApplicationListener.java:68] - Dubbo Config was overridden by externalized configuration {dubbo.application.name=merchant-application, dubbo.application.qos-enable=false, dubbo.application.qos.port=22310, dubbo.config.multiple=true, dubbo.consumer.check=false, dubbo.consumer.retries=-1, dubbo.consumer.timeout=3000, dubbo.protocol.name=dubbo, dubbo.protocol.port=20891, dubbo.registry.address=nacos://127.0.0.1:8848, dubbo.scan.base-packages=com.shanjupay}
[${project.name}][${env:SERVER_PORT}] 2021-11-01 10:54:16,914 [32mINFO[m [main][PostProcessorRegistrationDelegate.java:330] - Bean 'org.springframework.cloud.autoconfigure.ConfigurationPropertiesRebinderAutoConfiguration' of type [org.springframework.cloud.autoconfigure.ConfigurationPropertiesRebinderAutoConfiguration$$EnhancerBySpringCGLIB$$f889487d] is not eligible for getting processed by all BeanPostProcessors (for example: not eligible for auto-proxying)
[${project.name}][${env:SERVER_PORT}] 2021-11-01 10:54:16,971 [32mINFO[m [pool-3-thread-1][AwaitingNonWebApplicationListener.java:140] -  [Dubbo] Current Spring Boot Application is await...
[${project.name}][${env:SERVER_PORT}] 2021-11-01 10:54:17,004 [32mINFO[m [main][OverrideDubboConfigApplicationListener.java:68] - Dubbo Config was overridden by externalized configuration {dubbo.application.name=merchant-application, dubbo.application.qos-enable=false, dubbo.application.qos.port=22310, dubbo.config.multiple=true, dubbo.consumer.check=false, dubbo.consumer.retries=-1, dubbo.consumer.timeout=3000, dubbo.protocol.name=dubbo, dubbo.protocol.port=20891, dubbo.registry.address=nacos://127.0.0.1:8848, dubbo.scan.base-packages=com.shanjupay}
[${project.name}][${env:SERVER_PORT}] 2021-11-01 10:54:17,088 [32mINFO[m [main][NacosPropertySourceBuilder.java:87] - Loading nacos data, dataId: 'spring-boot-http.yaml', group: 'COMMON_GROUP'
[${project.name}][${env:SERVER_PORT}] 2021-11-01 10:54:17,094 [32mINFO[m [main][NacosPropertySourceBuilder.java:87] - Loading nacos data, dataId: 'merchant-application.yaml', group: 'SHANJUPAY_GROUP'
[${project.name}][${env:SERVER_PORT}] 2021-11-01 10:54:17,095 [32mINFO[m [main][PropertySourceBootstrapConfiguration.java:98] - Located property source: CompositePropertySource {name='NACOS', propertySources=[NacosPropertySource {name='merchant-application.yaml'}, NacosPropertySource {name='spring-boot-http.yaml'}]}
[${project.name}][${env:SERVER_PORT}] 2021-11-01 10:54:17,114 [32mINFO[m [main][SpringApplication.java:675] - No active profile set, falling back to default profiles: default
[${project.name}][${env:SERVER_PORT}] 2021-11-01 10:54:17,578 [33mWARN[m [main][EndpointId.java:135] - Endpoint ID 'nacos-config' contains invalid characters, please migrate to a valid format.
[${project.name}][${env:SERVER_PORT}] 2021-11-01 10:54:17,579 [33mWARN[m [main][EndpointId.java:135] - Endpoint ID 'nacos-discovery' contains invalid characters, please migrate to a valid format.
[${project.name}][${env:SERVER_PORT}] 2021-11-01 10:54:17,583 [32mINFO[m [main][DubboConfigBindingRegistrar.java:127] - The dubbo config bean definition [name : org.apache.dubbo.config.ApplicationConfig#0, class : org.apache.dubbo.config.ApplicationConfig] has been registered.
[${project.name}][${env:SERVER_PORT}] 2021-11-01 10:54:17,584 [32mINFO[m [main][DubboConfigBindingRegistrar.java:151] - The BeanPostProcessor bean definition [org.apache.dubbo.config.spring.beans.factory.annotation.DubboConfigBindingBeanPostProcessor] for dubbo config bean [name : org.apache.dubbo.config.ApplicationConfig#0] has been registered.
[${project.name}][${env:SERVER_PORT}] 2021-11-01 10:54:17,584 [32mINFO[m [main][DubboConfigBindingRegistrar.java:127] - The dubbo config bean definition [name : org.apache.dubbo.config.RegistryConfig#0, class : org.apache.dubbo.config.RegistryConfig] has been registered.
[${project.name}][${env:SERVER_PORT}] 2021-11-01 10:54:17,584 [32mINFO[m [main][DubboConfigBindingRegistrar.java:151] - The BeanPostProcessor bean definition [org.apache.dubbo.config.spring.beans.factory.annotation.DubboConfigBindingBeanPostProcessor] for dubbo config bean [name : org.apache.dubbo.config.RegistryConfig#0] has been registered.
[${project.name}][${env:SERVER_PORT}] 2021-11-01 10:54:17,584 [32mINFO[m [main][DubboConfigBindingRegistrar.java:127] - The dubbo config bean definition [name : org.apache.dubbo.config.ProtocolConfig#0, class : org.apache.dubbo.config.ProtocolConfig] has been registered.
[${project.name}][${env:SERVER_PORT}] 2021-11-01 10:54:17,584 [32mINFO[m [main][DubboConfigBindingRegistrar.java:151] - The BeanPostProcessor bean definition [org.apache.dubbo.config.spring.beans.factory.annotation.DubboConfigBindingBeanPostProcessor] for dubbo config bean [name : org.apache.dubbo.config.ProtocolConfig#0] has been registered.
[${project.name}][${env:SERVER_PORT}] 2021-11-01 10:54:17,585 [32mINFO[m [main][DubboConfigBindingRegistrar.java:127] - The dubbo config bean definition [name : org.apache.dubbo.config.ConsumerConfig#0, class : org.apache.dubbo.config.ConsumerConfig] has been registered.
[${project.name}][${env:SERVER_PORT}] 2021-11-01 10:54:17,585 [32mINFO[m [main][DubboConfigBindingRegistrar.java:151] - The BeanPostProcessor bean definition [org.apache.dubbo.config.spring.beans.factory.annotation.DubboConfigBindingBeanPostProcessor] for dubbo config bean [name : org.apache.dubbo.config.ConsumerConfig#0] has been registered.
[${project.name}][${env:SERVER_PORT}] 2021-11-01 10:54:17,663 [33mWARN[m [main][EndpointId.java:135] - Endpoint ID 'service-registry' contains invalid characters, please migrate to a valid format.
[${project.name}][${env:SERVER_PORT}] 2021-11-01 10:54:17,699 [32mINFO[m [main][ServiceAnnotationBeanPostProcessor.java:204] -  [DUBBO] BeanNameGenerator bean can't be found in BeanFactory with name [org.springframework.context.annotation.internalConfigurationBeanNameGenerator], dubbo version: 2.7.3, current host: 10.18.19.38
[${project.name}][${env:SERVER_PORT}] 2021-11-01 10:54:17,699 [32mINFO[m [main][ServiceAnnotationBeanPostProcessor.java:206] -  [DUBBO] BeanNameGenerator will be a instance of org.springframework.context.annotation.AnnotationBeanNameGenerator , it maybe a potential problem on bean name generation., dubbo version: 2.7.3, current host: 10.18.19.38
[${project.name}][${env:SERVER_PORT}] 2021-11-01 10:54:17,707 [33mWARN[m [main][ServiceAnnotationBeanPostProcessor.java:169] -  [DUBBO] No Spring Bean annotating Dubbo's @Service was found under package[com.shanjupay], dubbo version: 2.7.3, current host: 10.18.19.38
[${project.name}][${env:SERVER_PORT}] 2021-11-01 10:54:17,709 [32mINFO[m [main][ConfigurationClassPostProcessor.java:380] - Cannot enhance @Configuration bean definition 'org.apache.dubbo.spring.boot.autoconfigure.DubboRelaxedBinding2AutoConfiguration' since its singleton instance has been created too early. The typical cause is a non-static @Bean method with a BeanDefinitionRegistryPostProcessor return type: Consider declaring such methods as 'static'.
[${project.name}][${env:SERVER_PORT}] 2021-11-01 10:54:17,709 [32mINFO[m [main][ConfigurationClassPostProcessor.java:380] - Cannot enhance @Configuration bean definition 'org.apache.dubbo.spring.boot.autoconfigure.DubboAutoConfiguration' since its singleton instance has been created too early. The typical cause is a non-static @Bean method with a BeanDefinitionRegistryPostProcessor return type: Consider declaring such methods as 'static'.
[${project.name}][${env:SERVER_PORT}] 2021-11-01 10:54:17,809 [32mINFO[m [main][GenericScope.java:294] - BeanFactory id=838f2d68-6b7a-3d7f-a817-afbe4459c572
[${project.name}][${env:SERVER_PORT}] 2021-11-01 10:54:17,957 [32mINFO[m [main][PostProcessorRegistrationDelegate.java:330] - Bean 'com.alibaba.cloud.dubbo.autoconfigure.DubboOpenFeignAutoConfiguration' of type [com.alibaba.cloud.dubbo.autoconfigure.DubboOpenFeignAutoConfiguration$$EnhancerBySpringCGLIB$$60309484] is not eligible for getting processed by all BeanPostProcessors (for example: not eligible for auto-proxying)
[${project.name}][${env:SERVER_PORT}] 2021-11-01 10:54:17,965 [32mINFO[m [main][PostProcessorRegistrationDelegate.java:330] - Bean 'dubbo.cloud-com.alibaba.cloud.dubbo.env.DubboCloudProperties' of type [com.alibaba.cloud.dubbo.env.DubboCloudProperties] is not eligible for getting processed by all BeanPostProcessors (for example: not eligible for auto-proxying)
[${project.name}][${env:SERVER_PORT}] 2021-11-01 10:54:17,973 [32mINFO[m [main][PostProcessorRegistrationDelegate.java:330] - Bean 'metadataJsonResolver' of type [com.alibaba.cloud.dubbo.metadata.resolver.DubboServiceBeanMetadataResolver] is not eligible for getting processed by all BeanPostProcessors (for example: not eligible for auto-proxying)
[${project.name}][${env:SERVER_PORT}] 2021-11-01 10:54:17,979 [32mINFO[m [main][PostProcessorRegistrationDelegate.java:330] - Bean 'org.apache.dubbo.config.ApplicationConfig#0' of type [org.apache.dubbo.config.ApplicationConfig] is not eligible for getting processed by all BeanPostProcessors (for example: not eligible for auto-proxying)
[${project.name}][${env:SERVER_PORT}] 2021-11-01 10:54:17,982 [32mINFO[m [main][PostProcessorRegistrationDelegate.java:330] - Bean 'dubboProtocolConfigSupplier' of type [com.alibaba.cloud.dubbo.metadata.DubboProtocolConfigSupplier] is not eligible for getting processed by all BeanPostProcessors (for example: not eligible for auto-proxying)
[${project.name}][${env:SERVER_PORT}] 2021-11-01 10:54:17,983 [32mINFO[m [main][PostProcessorRegistrationDelegate.java:330] - Bean 'com.alibaba.cloud.dubbo.service.DubboMetadataServiceExporter' of type [com.alibaba.cloud.dubbo.service.DubboMetadataServiceExporter] is not eligible for getting processed by all BeanPostProcessors (for example: not eligible for auto-proxying)
[${project.name}][${env:SERVER_PORT}] 2021-11-01 10:54:17,983 [32mINFO[m [main][PostProcessorRegistrationDelegate.java:330] - Bean 'com.alibaba.cloud.dubbo.autoconfigure.DubboMetadataAutoConfiguration' of type [com.alibaba.cloud.dubbo.autoconfigure.DubboMetadataAutoConfiguration$$EnhancerBySpringCGLIB$$d27030fe] is not eligible for getting processed by all BeanPostProcessors (for example: not eligible for auto-proxying)
[${project.name}][${env:SERVER_PORT}] 2021-11-01 10:54:17,986 [32mINFO[m [main][PostProcessorRegistrationDelegate.java:330] - Bean 'com.alibaba.cloud.dubbo.autoconfigure.DubboServiceAutoConfiguration' of type [com.alibaba.cloud.dubbo.autoconfigure.DubboServiceAutoConfiguration$$EnhancerBySpringCGLIB$$651a3956] is not eligible for getting processed by all BeanPostProcessors (for example: not eligible for auto-proxying)
[${project.name}][${env:SERVER_PORT}] 2021-11-01 10:54:17,991 [32mINFO[m [main][PostProcessorRegistrationDelegate.java:330] - Bean 'dubboGenericServiceFactory' of type [com.alibaba.cloud.dubbo.service.DubboGenericServiceFactory] is not eligible for getting processed by all BeanPostProcessors (for example: not eligible for auto-proxying)
[${project.name}][${env:SERVER_PORT}] 2021-11-01 10:54:17,993 [32mINFO[m [main][PostProcessorRegistrationDelegate.java:330] - Bean 'dubboMetadataConfigServiceProxy' of type [com.alibaba.cloud.dubbo.service.DubboMetadataServiceProxy] is not eligible for getting processed by all BeanPostProcessors (for example: not eligible for auto-proxying)
[${project.name}][${env:SERVER_PORT}] 2021-11-01 10:54:17,996 [32mINFO[m [main][PostProcessorRegistrationDelegate.java:330] - Bean 'org.springframework.cloud.client.discovery.composite.CompositeDiscoveryClientAutoConfiguration' of type [org.springframework.cloud.client.discovery.composite.CompositeDiscoveryClientAutoConfiguration$$EnhancerBySpringCGLIB$$255f7310] is not eligible for getting processed by all BeanPostProcessors (for example: not eligible for auto-proxying)
[${project.name}][${env:SERVER_PORT}] 2021-11-01 10:54:17,999 [32mINFO[m [main][PostProcessorRegistrationDelegate.java:330] - Bean 'com.alibaba.cloud.nacos.discovery.NacosDiscoveryClientAutoConfiguration' of type [com.alibaba.cloud.nacos.discovery.NacosDiscoveryClientAutoConfiguration$$EnhancerBySpringCGLIB$$192a7bd5] is not eligible for getting processed by all BeanPostProcessors (for example: not eligible for auto-proxying)
[${project.name}][${env:SERVER_PORT}] 2021-11-01 10:54:18,005 [32mINFO[m [main][PostProcessorRegistrationDelegate.java:330] - Bean 'org.springframework.cloud.commons.util.UtilAutoConfiguration' of type [org.springframework.cloud.commons.util.UtilAutoConfiguration$$EnhancerBySpringCGLIB$$a41d0f04] is not eligible for getting processed by all BeanPostProcessors (for example: not eligible for auto-proxying)
[${project.name}][${env:SERVER_PORT}] 2021-11-01 10:54:18,009 [32mINFO[m [main][PostProcessorRegistrationDelegate.java:330] - Bean 'inetUtilsProperties' of type [org.springframework.cloud.commons.util.InetUtilsProperties] is not eligible for getting processed by all BeanPostProcessors (for example: not eligible for auto-proxying)
[${project.name}][${env:SERVER_PORT}] 2021-11-01 10:54:18,010 [32mINFO[m [main][PostProcessorRegistrationDelegate.java:330] - Bean 'inetUtils' of type [org.springframework.cloud.commons.util.InetUtils] is not eligible for getting processed by all BeanPostProcessors (for example: not eligible for auto-proxying)
[${project.name}][${env:SERVER_PORT}] 2021-11-01 10:54:18,016 [32mINFO[m [main][PostProcessorRegistrationDelegate.java:330] - Bean 'nacosProperties' of type [com.alibaba.cloud.nacos.NacosDiscoveryProperties] is not eligible for getting processed by all BeanPostProcessors (for example: not eligible for auto-proxying)
[${project.name}][${env:SERVER_PORT}] 2021-11-01 10:54:18,020 [32mINFO[m [main][PostProcessorRegistrationDelegate.java:330] - Bean 'nacosDiscoveryClient' of type [com.alibaba.cloud.nacos.discovery.NacosDiscoveryClient] is not eligible for getting processed by all BeanPostProcessors (for example: not eligible for auto-proxying)
[${project.name}][${env:SERVER_PORT}] 2021-11-01 10:54:18,036 [32mINFO[m [main][PostProcessorRegistrationDelegate.java:330] - Bean 'server-org.springframework.boot.autoconfigure.web.ServerProperties' of type [org.springframework.boot.autoconfigure.web.ServerProperties] is not eligible for getting processed by all BeanPostProcessors (for example: not eligible for auto-proxying)
[${project.name}][${env:SERVER_PORT}] 2021-11-01 10:54:18,038 [32mINFO[m [main][PostProcessorRegistrationDelegate.java:330] - Bean 'org.springframework.cloud.client.discovery.simple.SimpleDiscoveryClientAutoConfiguration' of type [org.springframework.cloud.client.discovery.simple.SimpleDiscoveryClientAutoConfiguration$$EnhancerBySpringCGLIB$$f18e0bde] is not eligible for getting processed by all BeanPostProcessors (for example: not eligible for auto-proxying)
[${project.name}][${env:SERVER_PORT}] 2021-11-01 10:54:18,046 [32mINFO[m [main][PostProcessorRegistrationDelegate.java:330] - Bean 'simpleDiscoveryProperties' of type [org.springframework.cloud.client.discovery.simple.SimpleDiscoveryProperties] is not eligible for getting processed by all BeanPostProcessors (for example: not eligible for auto-proxying)
[${project.name}][${env:SERVER_PORT}] 2021-11-01 10:54:18,047 [32mINFO[m [main][PostProcessorRegistrationDelegate.java:330] - Bean 'simpleDiscoveryClient' of type [org.springframework.cloud.client.discovery.simple.SimpleDiscoveryClient] is not eligible for getting processed by all BeanPostProcessors (for example: not eligible for auto-proxying)
[${project.name}][${env:SERVER_PORT}] 2021-11-01 10:54:18,052 [32mINFO[m [main][PostProcessorRegistrationDelegate.java:330] - Bean 'compositeDiscoveryClient' of type [org.springframework.cloud.client.discovery.composite.CompositeDiscoveryClient] is not eligible for getting processed by all BeanPostProcessors (for example: not eligible for auto-proxying)
[${project.name}][${env:SERVER_PORT}] 2021-11-01 10:54:18,054 [32mINFO[m [main][PostProcessorRegistrationDelegate.java:330] - Bean 'com.alibaba.cloud.dubbo.util.JSONUtils' of type [com.alibaba.cloud.dubbo.util.JSONUtils] is not eligible for getting processed by all BeanPostProcessors (for example: not eligible for auto-proxying)
[${project.name}][${env:SERVER_PORT}] 2021-11-01 10:54:18,168 [33mWARN[m [main][DubboServiceMetadataRepository.java:216] - Current application will subscribe all services(size:0) in registry, a lot of memory and CPU cycles may be used, thus it's strongly recommend you using the externalized property 'dubbo.cloud.subscribed-services' to specify the services
[${project.name}][${env:SERVER_PORT}] 2021-11-01 10:54:18,169 [32mINFO[m [main][PostProcessorRegistrationDelegate.java:330] - Bean 'com.alibaba.cloud.dubbo.metadata.repository.DubboServiceMetadataRepository' of type [com.alibaba.cloud.dubbo.metadata.repository.DubboServiceMetadataRepository] is not eligible for getting processed by all BeanPostProcessors (for example: not eligible for auto-proxying)
[${project.name}][${env:SERVER_PORT}] 2021-11-01 10:54:18,177 [32mINFO[m [main][PostProcessorRegistrationDelegate.java:330] - Bean 'com.alibaba.cloud.dubbo.service.parameter.RequestParamServiceParameterResolver' of type [com.alibaba.cloud.dubbo.service.parameter.RequestParamServiceParameterResolver] is not eligible for getting processed by all BeanPostProcessors (for example: not eligible for auto-proxying)
[${project.name}][${env:SERVER_PORT}] 2021-11-01 10:54:18,186 [32mINFO[m [main][PostProcessorRegistrationDelegate.java:330] - Bean 'spring.http-org.springframework.boot.autoconfigure.http.HttpProperties' of type [org.springframework.boot.autoconfigure.http.HttpProperties] is not eligible for getting processed by all BeanPostProcessors (for example: not eligible for auto-proxying)
[${project.name}][${env:SERVER_PORT}] 2021-11-01 10:54:18,189 [32mINFO[m [main][PostProcessorRegistrationDelegate.java:330] - Bean 'org.springframework.boot.autoconfigure.http.HttpMessageConvertersAutoConfiguration$StringHttpMessageConverterConfiguration' of type [org.springframework.boot.autoconfigure.http.HttpMessageConvertersAutoConfiguration$StringHttpMessageConverterConfiguration$$EnhancerBySpringCGLIB$$29b0d7b4] is not eligible for getting processed by all BeanPostProcessors (for example: not eligible for auto-proxying)
[${project.name}][${env:SERVER_PORT}] 2021-11-01 10:54:18,194 [32mINFO[m [main][PostProcessorRegistrationDelegate.java:330] - Bean 'stringHttpMessageConverter' of type [org.springframework.http.converter.StringHttpMessageConverter] is not eligible for getting processed by all BeanPostProcessors (for example: not eligible for auto-proxying)
[${project.name}][${env:SERVER_PORT}] 2021-11-01 10:54:18,197 [32mINFO[m [main][PostProcessorRegistrationDelegate.java:330] - Bean 'org.springframework.boot.autoconfigure.http.JacksonHttpMessageConvertersConfiguration$MappingJackson2HttpMessageConverterConfiguration' of type [org.springframework.boot.autoconfigure.http.JacksonHttpMessageConvertersConfiguration$MappingJackson2HttpMessageConverterConfiguration$$EnhancerBySpringCGLIB$$6386d3b4] is not eligible for getting processed by all BeanPostProcessors (for example: not eligible for auto-proxying)
[${project.name}][${env:SERVER_PORT}] 2021-11-01 10:54:18,200 [32mINFO[m [main][PostProcessorRegistrationDelegate.java:330] - Bean 'org.springframework.boot.autoconfigure.jackson.JacksonAutoConfiguration$JacksonObjectMapperConfiguration' of type [org.springframework.boot.autoconfigure.jackson.JacksonAutoConfiguration$JacksonObjectMapperConfiguration$$EnhancerBySpringCGLIB$$3802c511] is not eligible for getting processed by all BeanPostProcessors (for example: not eligible for auto-proxying)
[${project.name}][${env:SERVER_PORT}] 2021-11-01 10:54:18,205 [32mINFO[m [main][PostProcessorRegistrationDelegate.java:330] - Bean 'org.springframework.boot.autoconfigure.jackson.JacksonAutoConfiguration$JacksonObjectMapperBuilderConfiguration' of type [org.springframework.boot.autoconfigure.jackson.JacksonAutoConfiguration$JacksonObjectMapperBuilderConfiguration$$EnhancerBySpringCGLIB$$ea4f872a] is not eligible for getting processed by all BeanPostProcessors (for example: not eligible for auto-proxying)
[${project.name}][${env:SERVER_PORT}] 2021-11-01 10:54:18,208 [32mINFO[m [main][PostProcessorRegistrationDelegate.java:330] - Bean 'org.springframework.boot.autoconfigure.jackson.JacksonAutoConfiguration$Jackson2ObjectMapperBuilderCustomizerConfiguration' of type [org.springframework.boot.autoconfigure.jackson.JacksonAutoConfiguration$Jackson2ObjectMapperBuilderCustomizerConfiguration$$EnhancerBySpringCGLIB$$a5666d19] is not eligible for getting processed by all BeanPostProcessors (for example: not eligible for auto-proxying)
[${project.name}][${env:SERVER_PORT}] 2021-11-01 10:54:18,211 [32mINFO[m [main][PostProcessorRegistrationDelegate.java:330] - Bean 'spring.jackson-org.springframework.boot.autoconfigure.jackson.JacksonProperties' of type [org.springframework.boot.autoconfigure.jackson.JacksonProperties] is not eligible for getting processed by all BeanPostProcessors (for example: not eligible for auto-proxying)
[${project.name}][${env:SERVER_PORT}] 2021-11-01 10:54:18,214 [32mINFO[m [main][PostProcessorRegistrationDelegate.java:330] - Bean 'standardJacksonObjectMapperBuilderCustomizer' of type [org.springframework.boot.autoconfigure.jackson.JacksonAutoConfiguration$Jackson2ObjectMapperBuilderCustomizerConfiguration$StandardJackson2ObjectMapperBuilderCustomizer] is not eligible for getting processed by all BeanPostProcessors (for example: not eligible for auto-proxying)
[${project.name}][${env:SERVER_PORT}] 2021-11-01 10:54:18,219 [32mINFO[m [main][PostProcessorRegistrationDelegate.java:330] - Bean 'org.springframework.boot.autoconfigure.jackson.JacksonAutoConfiguration$ParameterNamesModuleConfiguration' of type [org.springframework.boot.autoconfigure.jackson.JacksonAutoConfiguration$ParameterNamesModuleConfiguration$$EnhancerBySpringCGLIB$$cc31e447] is not eligible for getting processed by all BeanPostProcessors (for example: not eligible for auto-proxying)
[${project.name}][${env:SERVER_PORT}] 2021-11-01 10:54:18,228 [32mINFO[m [main][PostProcessorRegistrationDelegate.java:330] - Bean 'parameterNamesModule' of type [com.fasterxml.jackson.module.paramnames.ParameterNamesModule] is not eligible for getting processed by all BeanPostProcessors (for example: not eligible for auto-proxying)
[${project.name}][${env:SERVER_PORT}] 2021-11-01 10:54:18,232 [32mINFO[m [main][PostProcessorRegistrationDelegate.java:330] - Bean 'org.springframework.boot.autoconfigure.jackson.JacksonAutoConfiguration' of type [org.springframework.boot.autoconfigure.jackson.JacksonAutoConfiguration$$EnhancerBySpringCGLIB$$1a0e62a0] is not eligible for getting processed by all BeanPostProcessors (for example: not eligible for auto-proxying)
[${project.name}][${env:SERVER_PORT}] 2021-11-01 10:54:18,238 [32mINFO[m [main][PostProcessorRegistrationDelegate.java:330] - Bean 'jsonComponentModule' of type [org.springframework.boot.jackson.JsonComponentModule] is not eligible for getting processed by all BeanPostProcessors (for example: not eligible for auto-proxying)
[${project.name}][${env:SERVER_PORT}] 2021-11-01 10:54:18,241 [32mINFO[m [main][PostProcessorRegistrationDelegate.java:330] - Bean 'jacksonObjectMapperBuilder' of type [org.springframework.http.converter.json.Jackson2ObjectMapperBuilder] is not eligible for getting processed by all BeanPostProcessors (for example: not eligible for auto-proxying)
[${project.name}][${env:SERVER_PORT}] 2021-11-01 10:54:18,262 [32mINFO[m [main][PostProcessorRegistrationDelegate.java:330] - Bean 'jacksonObjectMapper' of type [com.fasterxml.jackson.databind.ObjectMapper] is not eligible for getting processed by all BeanPostProcessors (for example: not eligible for auto-proxying)
[${project.name}][${env:SERVER_PORT}] 2021-11-01 10:54:18,273 [32mINFO[m [main][PostProcessorRegistrationDelegate.java:330] - Bean 'mappingJackson2HttpMessageConverter' of type [org.springframework.http.converter.json.MappingJackson2HttpMessageConverter] is not eligible for getting processed by all BeanPostProcessors (for example: not eligible for auto-proxying)
[${project.name}][${env:SERVER_PORT}] 2021-11-01 10:54:18,277 [32mINFO[m [main][PostProcessorRegistrationDelegate.java:330] - Bean 'org.springframework.boot.autoconfigure.http.HttpMessageConvertersAutoConfiguration' of type [org.springframework.boot.autoconfigure.http.HttpMessageConvertersAutoConfiguration$$EnhancerBySpringCGLIB$$f6a31114] is not eligible for getting processed by all BeanPostProcessors (for example: not eligible for auto-proxying)
[${project.name}][${env:SERVER_PORT}] 2021-11-01 10:54:18,286 [32mINFO[m [main][PostProcessorRegistrationDelegate.java:330] - Bean 'messageConverters' of type [org.springframework.boot.autoconfigure.http.HttpMessageConverters] is not eligible for getting processed by all BeanPostProcessors (for example: not eligible for auto-proxying)
[${project.name}][${env:SERVER_PORT}] 2021-11-01 10:54:18,288 [32mINFO[m [main][PostProcessorRegistrationDelegate.java:330] - Bean 'com.alibaba.cloud.dubbo.service.parameter.RequestBodyServiceParameterResolver' of type [com.alibaba.cloud.dubbo.service.parameter.RequestBodyServiceParameterResolver] is not eligible for getting processed by all BeanPostProcessors (for example: not eligible for auto-proxying)
[${project.name}][${env:SERVER_PORT}] 2021-11-01 10:54:18,291 [32mINFO[m [main][PostProcessorRegistrationDelegate.java:330] - Bean 'com.alibaba.cloud.dubbo.service.parameter.RequestHeaderServiceParameterResolver' of type [com.alibaba.cloud.dubbo.service.parameter.RequestHeaderServiceParameterResolver] is not eligible for getting processed by all BeanPostProcessors (for example: not eligible for auto-proxying)
[${project.name}][${env:SERVER_PORT}] 2021-11-01 10:54:18,296 [32mINFO[m [main][PostProcessorRegistrationDelegate.java:330] - Bean 'com.alibaba.cloud.dubbo.service.parameter.PathVariableServiceParameterResolver' of type [com.alibaba.cloud.dubbo.service.parameter.PathVariableServiceParameterResolver] is not eligible for getting processed by all BeanPostProcessors (for example: not eligible for auto-proxying)
[${project.name}][${env:SERVER_PORT}] 2021-11-01 10:54:18,296 [32mINFO[m [main][PostProcessorRegistrationDelegate.java:330] - Bean 'com.alibaba.cloud.dubbo.service.DubboGenericServiceExecutionContextFactory' of type [com.alibaba.cloud.dubbo.service.DubboGenericServiceExecutionContextFactory] is not eligible for getting processed by all BeanPostProcessors (for example: not eligible for auto-proxying)
[${project.name}][${env:SERVER_PORT}] 2021-11-01 10:54:18,305 [32mINFO[m [main][PostProcessorRegistrationDelegate.java:330] - Bean 'relaxedDubboConfigBinder' of type [org.apache.dubbo.spring.boot.autoconfigure.BinderDubboConfigBinder] is not eligible for getting processed by all BeanPostProcessors (for example: not eligible for auto-proxying)
[${project.name}][${env:SERVER_PORT}] 2021-11-01 10:54:18,311 [32mINFO[m [main][PostProcessorRegistrationDelegate.java:330] - Bean 'relaxedDubboConfigBinder' of type [org.apache.dubbo.spring.boot.autoconfigure.BinderDubboConfigBinder] is not eligible for getting processed by all BeanPostProcessors (for example: not eligible for auto-proxying)
[${project.name}][${env:SERVER_PORT}] 2021-11-01 10:54:18,312 [32mINFO[m [main][PostProcessorRegistrationDelegate.java:330] - Bean 'relaxedDubboConfigBinder' of type [org.apache.dubbo.spring.boot.autoconfigure.BinderDubboConfigBinder] is not eligible for getting processed by all BeanPostProcessors (for example: not eligible for auto-proxying)
[${project.name}][${env:SERVER_PORT}] 2021-11-01 10:54:18,313 [32mINFO[m [main][PostProcessorRegistrationDelegate.java:330] - Bean 'relaxedDubboConfigBinder' of type [org.apache.dubbo.spring.boot.autoconfigure.BinderDubboConfigBinder] is not eligible for getting processed by all BeanPostProcessors (for example: not eligible for auto-proxying)
[${project.name}][${env:SERVER_PORT}] 2021-11-01 10:54:18,319 [32mINFO[m [main][PostProcessorRegistrationDelegate.java:330] - Bean 'org.springframework.cloud.autoconfigure.ConfigurationPropertiesRebinderAutoConfiguration' of type [org.springframework.cloud.autoconfigure.ConfigurationPropertiesRebinderAutoConfiguration$$EnhancerBySpringCGLIB$$f889487d] is not eligible for getting processed by all BeanPostProcessors (for example: not eligible for auto-proxying)
[${project.name}][${env:SERVER_PORT}] 2021-11-01 10:54:18,471 [32mINFO[m [main][DubboConfigBindingBeanPostProcessor.java:109] - The properties of bean [name : org.apache.dubbo.config.ConsumerConfig#0] have been binding by prefix of configuration properties : dubbo.consumer
[${project.name}][${env:SERVER_PORT}] 2021-11-01 10:54:18,483 [32mINFO[m [main][DubboConfigBindingBeanPostProcessor.java:109] - The properties of bean [name : org.apache.dubbo.config.RegistryConfig#0] have been binding by prefix of configuration properties : dubbo.registry
[${project.name}][${env:SERVER_PORT}] 2021-11-01 10:54:18,485 [32mINFO[m [main][AnnotatedInterfaceConfigBeanBuilder.java:84] - The configBean[type:ReferenceBean] has been built.
[${project.name}][${env:SERVER_PORT}] 2021-11-01 10:54:18,501 [33mWARN[m [main][AbstractInterfaceConfig.java:265] -  [DUBBO] There's no valid metadata config found, if you are using the simplified mode of registry url, please make sure you have a metadata address configured properly., dubbo version: 2.7.3, current host: 10.18.19.38
[${project.name}][${env:SERVER_PORT}] 2021-11-01 10:54:18,517 [32mINFO[m [main][AbstractInterfaceConfig.java:237] -  [DUBBO] There's no valid monitor config found, if you want to open monitor statistics for Dubbo, please make sure your monitor is configured properly., dubbo version: 2.7.3, current host: 10.18.19.38
[${project.name}][${env:SERVER_PORT}] 2021-11-01 10:54:18,518 [32mINFO[m [main][AbstractInterfaceConfig.java:237] -  [DUBBO] There's no valid monitor config found, if you want to open monitor statistics for Dubbo, please make sure your monitor is configured properly., dubbo version: 2.7.3, current host: 10.18.19.38
[${project.name}][${env:SERVER_PORT}] 2021-11-01 10:54:18,529 [32mINFO[m [main][QosProtocolWrapper.java:89] -  [DUBBO] qos won't be started because it is disabled. Please check dubbo.application.qos.enable is configured either in system property, dubbo.properties or XML/spring-boot configuration., dubbo version: 2.7.3, current host: 10.18.19.38
[${project.name}][${env:SERVER_PORT}] 2021-11-01 10:54:18,530 [33mWARN[m [main][SpringExtensionFactory.java:86] -  [DUBBO] No spring extension (bean) named:applicationContext, try to find an extension (bean) of type org.springframework.context.ConfigurableApplicationContext, dubbo version: 2.7.3, current host: 10.18.19.38
[${project.name}][${env:SERVER_PORT}] 2021-11-01 10:54:18,531 [33mWARN[m [main][SpringExtensionFactory.java:104] -  [DUBBO] No spring extension (bean) named:applicationContext, type:org.springframework.context.ConfigurableApplicationContext found, stop get bean., dubbo version: 2.7.3, current host: 10.18.19.38
[${project.name}][${env:SERVER_PORT}] 2021-11-01 10:54:18,547 [32mINFO[m [main][AbstractRegistry.java:280] -  [DUBBO] Register: consumer://10.18.19.38/com.shanjupay.merchant.api.MerchantService?application=merchant-application&category=consumers&check=false&dubbo=2.0.2&interface=com.shanjupay.merchant.api.MerchantService&lazy=false&methods=queryMerchantById&pid=2116&qos.enable=false&qos.port=22310&release=2.7.3&retries=-1&side=consumer&sticky=false&timeout=3000&timestamp=1635735258502, dubbo version: 2.7.3, current host: 10.18.19.38
[${project.name}][${env:SERVER_PORT}] 2021-11-01 10:54:18,552 [32mINFO[m [main][AbstractRegistry.java:305] -  [DUBBO] Subscribe: consumer://10.18.19.38/com.shanjupay.merchant.api.MerchantService?application=merchant-application&category=providers,configurators,routers&check=false&dubbo=2.0.2&interface=com.shanjupay.merchant.api.MerchantService&lazy=false&methods=queryMerchantById&pid=2116&qos.enable=false&qos.port=22310&release=2.7.3&retries=-1&side=consumer&sticky=false&timeout=3000&timestamp=1635735258502, dubbo version: 2.7.3, current host: 10.18.19.38
[${project.name}][${env:SERVER_PORT}] 2021-11-01 10:54:18,558 [32mINFO[m [main][AbstractRegistry.java:212] -  [DUBBO] Load registry cache file /Users/guolonghang/.dubbo/dubbo-registry-merchant-application-127.0.0.1:8848.cache, data: {com.shanjupay.merchant.api.MerchantService=dubbo://192.168.31.112:20890/com.shanjupay.merchant.api.MerchantService?anyhost=true&application=merchant-service&bean.name=ServiceBean:com.shanjupay.merchant.api.MerchantService&category=providers&deprecated=false&dubbo=2.0.2&dynamic=true&generic=false&interface=com.shanjupay.merchant.api.MerchantService&methods=queryMerchantById&path=com.shanjupay.merchant.api.MerchantService&pid=5769&protocol=dubbo&register=true&release=2.7.3&side=provider&timestamp=1635664419606, merchant-service/com.alibaba.cloud.dubbo.service.DubboMetadataService:1.0.0=dubbo://192.168.31.112:20890/com.alibaba.cloud.dubbo.service.DubboMetadataService?anyhost=true&application=merchant-service&category=providers&deprecated=false&dubbo=2.0.2&dynamic=true&generic=false&group=merchant-service&interface=com.alibaba.cloud.dubbo.service.DubboMetadataService&methods=getAllServiceKeys,getServiceRestMetadata,getExportedURLs,getAllExportedURLs&path=com.alibaba.cloud.dubbo.service.DubboMetadataService&pid=5658&protocol=dubbo&register=true&release=2.7.3&revision=2.1.0.RELEASE&side=provider&timestamp=1635664095829&version=1.0.0}, dubbo version: 2.7.3, current host: 10.18.19.38
[${project.name}][${env:SERVER_PORT}] 2021-11-01 10:54:18,558 [32mINFO[m [main][AbstractRegistry.java:280] -  [DUBBO] Register: consumer://10.18.19.38/com.shanjupay.merchant.api.MerchantService?application=merchant-application&category=consumers&check=false&dubbo=2.0.2&interface=com.shanjupay.merchant.api.MerchantService&lazy=false&methods=queryMerchantById&pid=2116&qos.enable=false&qos.port=22310&release=2.7.3&retries=-1&side=consumer&sticky=false&timeout=3000&timestamp=1635735258502, dubbo version: 2.7.3, current host: 10.18.19.38
[${project.name}][${env:SERVER_PORT}] 2021-11-01 10:54:18,620 [32mINFO[m [main][AbstractRegistry.java:305] -  [DUBBO] Subscribe: consumer://10.18.19.38/com.shanjupay.merchant.api.MerchantService?application=merchant-application&category=providers,configurators,routers&check=false&dubbo=2.0.2&interface=com.shanjupay.merchant.api.MerchantService&lazy=false&methods=queryMerchantById&pid=2116&qos.enable=false&qos.port=22310&release=2.7.3&retries=-1&side=consumer&sticky=false&timeout=3000&timestamp=1635735258502, dubbo version: 2.7.3, current host: 10.18.19.38
[${project.name}][${env:SERVER_PORT}] 2021-11-01 10:54:18,640 [33mWARN[m [main][AbstractRegistry.java:395] -  [DUBBO] Ignore empty notify urls for subscribe url consumer://10.18.19.38/com.shanjupay.merchant.api.MerchantService?application=merchant-application&category=providers,configurators,routers&check=false&dubbo=2.0.2&interface=com.shanjupay.merchant.api.MerchantService&lazy=false&methods=queryMerchantById&pid=2116&qos.enable=false&qos.port=22310&release=2.7.3&retries=-1&side=consumer&sticky=false&timeout=3000&timestamp=1635735258502, dubbo version: 2.7.3, current host: 10.18.19.38
[${project.name}][${env:SERVER_PORT}] 2021-11-01 10:54:18,641 [33mWARN[m [com.alibaba.nacos.naming.client.listener][AbstractRegistry.java:395] -  [DUBBO] Ignore empty notify urls for subscribe url consumer://10.18.19.38/com.shanjupay.merchant.api.MerchantService?application=merchant-application&category=providers,configurators,routers&check=false&dubbo=2.0.2&interface=com.shanjupay.merchant.api.MerchantService&lazy=false&methods=queryMerchantById&pid=2116&qos.enable=false&qos.port=22310&release=2.7.3&retries=-1&side=consumer&sticky=false&timeout=3000&timestamp=1635735258502, dubbo version: 2.7.3, current host: 10.18.19.38
[${project.name}][${env:SERVER_PORT}] 2021-11-01 10:54:18,642 [32mINFO[m [main][ReferenceConfig.java:421] -  [DUBBO] Refer dubbo service com.shanjupay.merchant.api.MerchantService from url registry://127.0.0.1:8848/org.apache.dubbo.registry.RegistryService?application=merchant-application&check=false&cluster=registryaware&dubbo=2.0.2&interface=com.shanjupay.merchant.api.MerchantService&lazy=false&methods=queryMerchantById&pid=2116&qos.enable=false&qos.port=22310&refer=application%3Dmerchant-application%26check%3Dfalse%26dubbo%3D2.0.2%26interface%3Dcom.shanjupay.merchant.api.MerchantService%26lazy%3Dfalse%26methods%3DqueryMerchantById%26pid%3D2116%26qos.enable%3Dfalse%26qos.port%3D22310%26register.ip%3D10.18.19.38%26release%3D2.7.3%26retries%3D-1%26side%3Dconsumer%26sticky%3Dfalse%26timeout%3D3000%26timestamp%3D1635735258502&register.ip=10.18.19.38&registry=nacos&release=2.7.3&retries=-1&side=consumer&sticky=false&timeout=3000&timestamp=1635735258502, dubbo version: 2.7.3, current host: 10.18.19.38
[${project.name}][${env:SERVER_PORT}] 2021-11-01 10:54:19,257 [32mINFO[m [main][EndpointLinksResolver.java:59] - Exposing 4 endpoint(s) beneath base path '/actuator'
[${project.name}][${env:SERVER_PORT}] 2021-11-01 10:54:19,355 [32mINFO[m [main][PropertySourcedRequestMappingHandlerMapping.java:69] - Mapped URL path [/v2/api-docs] onto method [public org.springframework.http.ResponseEntity<springfox.documentation.spring.web.json.Json> springfox.documentation.swagger2.web.Swagger2Controller.getDocumentation(java.lang.String,javax.servlet.http.HttpServletRequest)]
[${project.name}][${env:SERVER_PORT}] 2021-11-01 10:54:19,593 [33mWARN[m [main][URLConfigurationSource.java:121] - No URLs will be polled as dynamic configuration sources.
[${project.name}][${env:SERVER_PORT}] 2021-11-01 10:54:19,593 [32mINFO[m [main][URLConfigurationSource.java:122] - To enable URLs as dynamic configuration sources, define System property archaius.configurationSource.additionalUrls or make config.properties available on classpath.
[${project.name}][${env:SERVER_PORT}] 2021-11-01 10:54:19,597 [33mWARN[m [main][URLConfigurationSource.java:121] - No URLs will be polled as dynamic configuration sources.
[${project.name}][${env:SERVER_PORT}] 2021-11-01 10:54:19,597 [32mINFO[m [main][URLConfigurationSource.java:122] - To enable URLs as dynamic configuration sources, define System property archaius.configurationSource.additionalUrls or make config.properties available on classpath.
[${project.name}][${env:SERVER_PORT}] 2021-11-01 10:54:19,674 [32mINFO[m [main][ExecutorConfigurationSupport.java:171] - Initializing ExecutorService 'applicationTaskExecutor'
[${project.name}][${env:SERVER_PORT}] 2021-11-01 10:54:19,856 [32mINFO[m [main][ExecutorConfigurationSupport.java:171] - Initializing ExecutorService
[${project.name}][${env:SERVER_PORT}] 2021-11-01 10:54:19,864 [32mINFO[m [main][DubboConfigBindingBeanPostProcessor.java:109] - The properties of bean [name : org.apache.dubbo.config.ProtocolConfig#0] have been binding by prefix of configuration properties : dubbo.protocol
[${project.name}][${env:SERVER_PORT}] 2021-11-01 10:54:20,069 [32mINFO[m [main][DubboServiceMetadataRepository.java:262] - The metadata of Dubbo services has been initialized
[${project.name}][${env:SERVER_PORT}] 2021-11-01 10:54:20,078 [32mINFO[m [main][DocumentationPluginsBootstrapper.java:160] - Context refreshed
[${project.name}][${env:SERVER_PORT}] 2021-11-01 10:54:20,084 [33mWARN[m [ThreadPoolTaskScheduler-1][DubboServiceMetadataRepository.java:216] - Current application will subscribe all services(size:0) in registry, a lot of memory and CPU cycles may be used, thus it's strongly recommend you using the externalized property 'dubbo.cloud.subscribed-services' to specify the services
[${project.name}][${env:SERVER_PORT}] 2021-11-01 10:54:20,097 [32mINFO[m [main][DocumentationPluginsBootstrapper.java:163] - Found 1 custom documentation plugin(s)
[${project.name}][${env:SERVER_PORT}] 2021-11-01 10:54:20,122 [32mINFO[m [main][ApiListingReferenceScanner.java:41] - Scanning for api listing references
[${project.name}][${env:SERVER_PORT}] 2021-11-01 10:54:20,230 [32mINFO[m [main][StartupInfoLogger.java:59] - Started RestTemplateTest in 3.727 seconds (JVM running for 4.447)
[${project.name}][${env:SERVER_PORT}] 2021-11-01 10:54:20,499 [32mINFO[m [Thread-9][AwaitingNonWebApplicationListener.java:155] -  [Dubbo] Current Spring Boot Application is about to shutdown...
[${project.name}][${env:SERVER_PORT}] 2021-11-01 10:54:20,499 [32mINFO[m [Thread-9][AbstractRegistryFactory.java:68] -  [DUBBO] Close all registries [nacos://127.0.0.1:8848/org.apache.dubbo.registry.RegistryService?application=merchant-application&dubbo=2.0.2&interface=org.apache.dubbo.registry.RegistryService&pid=2116&qos.enable=false&qos.port=22310&release=2.7.3&timestamp=1635735258516], dubbo version: 2.7.3, current host: 10.18.19.38
[${project.name}][${env:SERVER_PORT}] 2021-11-01 10:54:20,500 [32mINFO[m [Thread-9][AbstractRegistry.java:458] -  [DUBBO] Destroy registry:nacos://127.0.0.1:8848/org.apache.dubbo.registry.RegistryService?application=merchant-application&dubbo=2.0.2&interface=org.apache.dubbo.registry.RegistryService&pid=2116&qos.enable=false&qos.port=22310&release=2.7.3&timestamp=1635735258516, dubbo version: 2.7.3, current host: 10.18.19.38
[${project.name}][${env:SERVER_PORT}] 2021-11-01 10:54:20,500 [32mINFO[m [Thread-9][AbstractRegistry.java:291] -  [DUBBO] Unregister: consumer://10.18.19.38/com.shanjupay.merchant.api.MerchantService?application=merchant-application&category=consumers&check=false&dubbo=2.0.2&interface=com.shanjupay.merchant.api.MerchantService&lazy=false&methods=queryMerchantById&pid=2116&qos.enable=false&qos.port=22310&release=2.7.3&retries=-1&side=consumer&sticky=false&timeout=3000&timestamp=1635735258502, dubbo version: 2.7.3, current host: 10.18.19.38
[${project.name}][${env:SERVER_PORT}] 2021-11-01 10:54:20,504 [32mINFO[m [Thread-9][AbstractRegistry.java:467] -  [DUBBO] Destroy unregister url consumer://10.18.19.38/com.shanjupay.merchant.api.MerchantService?application=merchant-application&category=consumers&check=false&dubbo=2.0.2&interface=com.shanjupay.merchant.api.MerchantService&lazy=false&methods=queryMerchantById&pid=2116&qos.enable=false&qos.port=22310&release=2.7.3&retries=-1&side=consumer&sticky=false&timeout=3000&timestamp=1635735258502, dubbo version: 2.7.3, current host: 10.18.19.38
[${project.name}][${env:SERVER_PORT}] 2021-11-01 10:54:20,505 [32mINFO[m [Thread-9][AbstractRegistry.java:320] -  [DUBBO] Unsubscribe: consumer://10.18.19.38/com.shanjupay.merchant.api.MerchantService?application=merchant-application&category=providers,configurators,routers&check=false&dubbo=2.0.2&interface=com.shanjupay.merchant.api.MerchantService&lazy=false&methods=queryMerchantById&pid=2116&qos.enable=false&qos.port=22310&release=2.7.3&retries=-1&side=consumer&sticky=false&timeout=3000&timestamp=1635735258502, dubbo version: 2.7.3, current host: 10.18.19.38
[${project.name}][${env:SERVER_PORT}] 2021-11-01 10:54:20,505 [32mINFO[m [Thread-9][AbstractRegistry.java:483] -  [DUBBO] Destroy unsubscribe url consumer://10.18.19.38/com.shanjupay.merchant.api.MerchantService?application=merchant-application&category=providers,configurators,routers&check=false&dubbo=2.0.2&interface=com.shanjupay.merchant.api.MerchantService&lazy=false&methods=queryMerchantById&pid=2116&qos.enable=false&qos.port=22310&release=2.7.3&retries=-1&side=consumer&sticky=false&timeout=3000&timestamp=1635735258502, dubbo version: 2.7.3, current host: 10.18.19.38
[${project.name}][${env:SERVER_PORT}] 2021-11-01 10:54:20,507 [32mINFO[m [Thread-9][Server.java:112] -  [DUBBO] qos-server stopped., dubbo version: 2.7.3, current host: 10.18.19.38
[${project.name}][${env:SERVER_PORT}] 2021-11-01 10:54:20,509 [32mINFO[m [Thread-9][ExecutorConfigurationSupport.java:208] - Shutting down ExecutorService 'applicationTaskExecutor'
[${project.name}][${env:SERVER_PORT}] 2021-11-01 10:54:20,513 [32mINFO[m [Thread-9][DubboGenericServiceFactory.java:159] - The Dubbo GenericService ReferenceBeans are destroying...
[${project.name}][${env:SERVER_PORT}] 2021-11-01 10:54:20,513 [32mINFO[m [Thread-9][AnnotationInjectedBeanPostProcessor.java:293] - org.apache.dubbo.common.bytecode.proxy0@4607f23d was destroying!
[${project.name}][${env:SERVER_PORT}] 2021-11-01 10:54:20,513 [32mINFO[m [Thread-9][AnnotationInjectedBeanPostProcessor.java:305] - class org.apache.dubbo.config.spring.beans.factory.annotation.ReferenceAnnotationBeanPostProcessor was destroying!
