[${project.name}][${env:SERVER_PORT}] 2021-11-04 09:45:31,207 [32mINFO[m [main][:] - using logger: org.apache.dubbo.common.logger.slf4j.Slf4jLoggerAdapter
[${project.name}][${env:SERVER_PORT}] 2021-11-04 09:45:31,220 [32mINFO[m [main][WelcomeLogoApplicationListener.java:63] - 

 :: Dubbo Spring Boot (v2.7.1) : https://github.com/apache/incubator-dubbo-spring-boot-project
 :: Dubbo (v2.7.3) : https://github.com/apache/incubator-dubbo
 :: Discuss group : dev@dubbo.apache.org

[${project.name}][${env:SERVER_PORT}] 2021-11-04 09:45:31,226 [32mINFO[m [main][OverrideDubboConfigApplicationListener.java:68] - Dubbo Config was overridden by externalized configuration {dubbo.application.name=merchant-service, dubbo.application.qos-enable=false, dubbo.application.qos.port=22240, dubbo.config.multiple=true, dubbo.consumer.check=false, dubbo.consumer.retries=-1, dubbo.consumer.timeout=90000, dubbo.protocol.name=dubbo, dubbo.protocol.port=20890, dubbo.registry.address=nacos://127.0.0.1:8848, dubbo.scan.base-packages=com.shanjupay}
[${project.name}][${env:SERVER_PORT}] 2021-11-04 09:45:31,513 [32mINFO[m [main][PostProcessorRegistrationDelegate.java:330] - Bean 'org.springframework.cloud.autoconfigure.ConfigurationPropertiesRebinderAutoConfiguration' of type [org.springframework.cloud.autoconfigure.ConfigurationPropertiesRebinderAutoConfiguration$$EnhancerBySpringCGLIB$$c5bf7d10] is not eligible for getting processed by all BeanPostProcessors (for example: not eligible for auto-proxying)
[${project.name}][${env:SERVER_PORT}] 2021-11-04 09:45:31,549 [32mINFO[m [pool-3-thread-1][AwaitingNonWebApplicationListener.java:140] -  [Dubbo] Current Spring Boot Application is await...
[${project.name}][${env:SERVER_PORT}] 2021-11-04 09:45:31,570 [32mINFO[m [main][OverrideDubboConfigApplicationListener.java:68] - Dubbo Config was overridden by externalized configuration {dubbo.application.name=merchant-service, dubbo.application.qos-enable=false, dubbo.application.qos.port=22240, dubbo.config.multiple=true, dubbo.consumer.check=false, dubbo.consumer.retries=-1, dubbo.consumer.timeout=90000, dubbo.protocol.name=dubbo, dubbo.protocol.port=20890, dubbo.registry.address=nacos://127.0.0.1:8848, dubbo.scan.base-packages=com.shanjupay}
[${project.name}][${env:SERVER_PORT}] 2021-11-04 09:45:31,699 [32mINFO[m [main][NacosPropertySourceBuilder.java:87] - Loading nacos data, dataId: 'spring-boot-http.yaml', group: 'COMMON_GROUP'
[${project.name}][${env:SERVER_PORT}] 2021-11-04 09:45:31,709 [32mINFO[m [main][NacosPropertySourceBuilder.java:87] - Loading nacos data, dataId: 'spring-boot-starter-druid.yaml', group: 'COMMON_GROUP'
[${project.name}][${env:SERVER_PORT}] 2021-11-04 09:45:31,710 [1;31mERROR[m [main][NacosPropertySourceBuilder.java:109] - parse data from Nacos error,dataId:spring-boot-starter-druid.yaml,data:spring:
    datasource:
        type: com.alibaba.druid.pool.DruidDataSource
        driver‐class‐name: com.mysql.cj.jdbc.Driver
        url: jdbc:mysql://localhost:3306/oauth?useUnicode=true
        username: root
        password: yourpassword
        druid: 
            initial‐size: 5
            min‐idle: 5
            max‐active: 20
            max‐wait: 60000
            time‐between‐eviction‐runs‐millis: 60000
            min‐evictable‐idle‐time‐millis: 300000
            validation‐query: SELECT 1 FROM DUAL
            test‐while‐idle: true
            test‐on‐borrow: true
            test‐on‐return: false
            pool‐prepared‐statements: true
            max‐pool‐prepared‐statement‐per‐connection‐size: 20
            filter:
                stat:
                slow‐sql‐millis: 1
                log‐slow‐sql: true
            filters: config,stat,wall,log4j2
            web‐stat‐filter:
                enabled: true
                url‐pattern: /*
                exclusions: "*.js,*.gif,*.jpg,*.png,*.css,*.ico,/druid/*"
                session‐stat‐enable: false
                session‐stat‐max‐count: 1000
                principal‐cookie‐name: admin
                principal‐session‐name: admin
                profile‐enable: true
            stat‐view‐servlet:
                enabled: true
                url‐pattern: /druid/*
                allow: 127.0.0.1
                deny: 192.168.1.73
                reset‐enable: false
                login‐password: admin
                login‐username: admin
            aop‐patterns: com.shanjupay.*.service.*,
mapping values are not allowed here
 in 'reader', line 8, column 14:
            druid: 
                 ^

	at org.yaml.snakeyaml.scanner.ScannerImpl.fetchValue(ScannerImpl.java:870)
	at org.yaml.snakeyaml.scanner.ScannerImpl.fetchMoreTokens(ScannerImpl.java:358)
	at org.yaml.snakeyaml.scanner.ScannerImpl.checkToken(ScannerImpl.java:227)
	at org.yaml.snakeyaml.parser.ParserImpl$ParseBlockMappingKey.produce(ParserImpl.java:558)
	at org.yaml.snakeyaml.parser.ParserImpl.peekEvent(ParserImpl.java:158)
	at org.yaml.snakeyaml.parser.ParserImpl.checkEvent(ParserImpl.java:148)
	at org.yaml.snakeyaml.composer.Composer.composeMappingNode(Composer.java:214)
	at org.yaml.snakeyaml.composer.Composer.composeNode(Composer.java:144)
	at org.yaml.snakeyaml.composer.Composer.getNode(Composer.java:85)
	at org.yaml.snakeyaml.constructor.BaseConstructor.getData(BaseConstructor.java:123)
	at org.yaml.snakeyaml.Yaml$1.next(Yaml.java:547)
	at org.springframework.beans.factory.config.YamlProcessor.process(YamlProcessor.java:161)
	at org.springframework.beans.factory.config.YamlProcessor.process(YamlProcessor.java:134)
	at org.springframework.beans.factory.config.YamlPropertiesFactoryBean.createProperties(YamlPropertiesFactoryBean.java:135)
	at org.springframework.beans.factory.config.YamlPropertiesFactoryBean.getObject(YamlPropertiesFactoryBean.java:115)
	at com.alibaba.cloud.nacos.client.NacosPropertySourceBuilder.loadNacosData(NacosPropertySourceBuilder.java:100)
	at com.alibaba.cloud.nacos.client.NacosPropertySourceBuilder.build(NacosPropertySourceBuilder.java:75)
	at com.alibaba.cloud.nacos.client.NacosPropertySourceLocator.loadNacosDataIfPresent(NacosPropertySourceLocator.java:179)
	at com.alibaba.cloud.nacos.client.NacosPropertySourceLocator.loadExtConfiguration(NacosPropertySourceLocator.java:129)
	at com.alibaba.cloud.nacos.client.NacosPropertySourceLocator.locate(NacosPropertySourceLocator.java:87)
	at org.springframework.cloud.bootstrap.config.PropertySourceBootstrapConfiguration.initialize(PropertySourceBootstrapConfiguration.java:94)
	at org.springframework.boot.SpringApplication.applyInitializers(SpringApplication.java:649)
	at org.springframework.boot.SpringApplication.prepareContext(SpringApplication.java:373)
	at org.springframework.boot.SpringApplication.run(SpringApplication.java:314)
	at org.springframework.boot.SpringApplication.run(SpringApplication.java:1260)
	at org.springframework.boot.SpringApplication.run(SpringApplication.java:1248)
	at com.shanjupay.merchant.MerchantBootstrap.main(MerchantBootstrap.java:16)
[${project.name}][${env:SERVER_PORT}] 2021-11-04 09:45:31,726 [32mINFO[m [main][NacosPropertySourceBuilder.java:87] - Loading nacos data, dataId: 'spring-boot-mybatis-plus.yaml', group: 'COMMON_GROUP'
[${project.name}][${env:SERVER_PORT}] 2021-11-04 09:45:31,735 [32mINFO[m [main][NacosPropertySourceBuilder.java:87] - Loading nacos data, dataId: 'merchant-service.yaml', group: 'SHANJUPAY_GROUP'
[${project.name}][${env:SERVER_PORT}] 2021-11-04 09:45:31,736 [32mINFO[m [main][PropertySourceBootstrapConfiguration.java:98] - Located property source: CompositePropertySource {name='NACOS', propertySources=[NacosPropertySource {name='merchant-service.yaml'}, NacosPropertySource {name='spring-boot-mybatis-plus.yaml'}, NacosPropertySource {name='spring-boot-starter-druid.yaml'}, NacosPropertySource {name='spring-boot-http.yaml'}]}
[${project.name}][${env:SERVER_PORT}] 2021-11-04 09:45:31,750 [32mINFO[m [main][SpringApplication.java:675] - No active profile set, falling back to default profiles: default
[${project.name}][${env:SERVER_PORT}] 2021-11-04 09:45:32,160 [33mWARN[m [main][EndpointId.java:135] - Endpoint ID 'nacos-config' contains invalid characters, please migrate to a valid format.
[${project.name}][${env:SERVER_PORT}] 2021-11-04 09:45:32,161 [33mWARN[m [main][EndpointId.java:135] - Endpoint ID 'nacos-discovery' contains invalid characters, please migrate to a valid format.
[${project.name}][${env:SERVER_PORT}] 2021-11-04 09:45:32,176 [32mINFO[m [main][DubboConfigBindingRegistrar.java:127] - The dubbo config bean definition [name : org.apache.dubbo.config.ApplicationConfig#0, class : org.apache.dubbo.config.ApplicationConfig] has been registered.
[${project.name}][${env:SERVER_PORT}] 2021-11-04 09:45:32,176 [32mINFO[m [main][DubboConfigBindingRegistrar.java:151] - The BeanPostProcessor bean definition [org.apache.dubbo.config.spring.beans.factory.annotation.DubboConfigBindingBeanPostProcessor] for dubbo config bean [name : org.apache.dubbo.config.ApplicationConfig#0] has been registered.
[${project.name}][${env:SERVER_PORT}] 2021-11-04 09:45:32,177 [32mINFO[m [main][DubboConfigBindingRegistrar.java:127] - The dubbo config bean definition [name : org.apache.dubbo.config.RegistryConfig#0, class : org.apache.dubbo.config.RegistryConfig] has been registered.
[${project.name}][${env:SERVER_PORT}] 2021-11-04 09:45:32,177 [32mINFO[m [main][DubboConfigBindingRegistrar.java:151] - The BeanPostProcessor bean definition [org.apache.dubbo.config.spring.beans.factory.annotation.DubboConfigBindingBeanPostProcessor] for dubbo config bean [name : org.apache.dubbo.config.RegistryConfig#0] has been registered.
[${project.name}][${env:SERVER_PORT}] 2021-11-04 09:45:32,177 [32mINFO[m [main][DubboConfigBindingRegistrar.java:127] - The dubbo config bean definition [name : org.apache.dubbo.config.ProtocolConfig#0, class : org.apache.dubbo.config.ProtocolConfig] has been registered.
[${project.name}][${env:SERVER_PORT}] 2021-11-04 09:45:32,177 [32mINFO[m [main][DubboConfigBindingRegistrar.java:151] - The BeanPostProcessor bean definition [org.apache.dubbo.config.spring.beans.factory.annotation.DubboConfigBindingBeanPostProcessor] for dubbo config bean [name : org.apache.dubbo.config.ProtocolConfig#0] has been registered.
[${project.name}][${env:SERVER_PORT}] 2021-11-04 09:45:32,177 [32mINFO[m [main][DubboConfigBindingRegistrar.java:127] - The dubbo config bean definition [name : org.apache.dubbo.config.ConsumerConfig#0, class : org.apache.dubbo.config.ConsumerConfig] has been registered.
[${project.name}][${env:SERVER_PORT}] 2021-11-04 09:45:32,177 [32mINFO[m [main][DubboConfigBindingRegistrar.java:151] - The BeanPostProcessor bean definition [org.apache.dubbo.config.spring.beans.factory.annotation.DubboConfigBindingBeanPostProcessor] for dubbo config bean [name : org.apache.dubbo.config.ConsumerConfig#0] has been registered.
[${project.name}][${env:SERVER_PORT}] 2021-11-04 09:45:32,312 [33mWARN[m [main][EndpointId.java:135] - Endpoint ID 'service-registry' contains invalid characters, please migrate to a valid format.
[${project.name}][${env:SERVER_PORT}] 2021-11-04 09:45:32,351 [32mINFO[m [main][ServiceAnnotationBeanPostProcessor.java:204] -  [DUBBO] BeanNameGenerator bean can't be found in BeanFactory with name [org.springframework.context.annotation.internalConfigurationBeanNameGenerator], dubbo version: 2.7.3, current host: 10.18.19.38
[${project.name}][${env:SERVER_PORT}] 2021-11-04 09:45:32,351 [32mINFO[m [main][ServiceAnnotationBeanPostProcessor.java:206] -  [DUBBO] BeanNameGenerator will be a instance of org.springframework.context.annotation.AnnotationBeanNameGenerator , it maybe a potential problem on bean name generation., dubbo version: 2.7.3, current host: 10.18.19.38
[${project.name}][${env:SERVER_PORT}] 2021-11-04 09:45:32,368 [32mINFO[m [main][ServiceAnnotationBeanPostProcessor.java:284] -  [DUBBO] The BeanDefinition[Root bean: class [org.apache.dubbo.config.spring.ServiceBean]; scope=; abstract=false; lazyInit=false; autowireMode=0; dependencyCheck=0; autowireCandidate=true; primary=false; factoryBeanName=null; factoryMethodName=null; initMethodName=null; destroyMethodName=null] of ServiceBean has been registered with name : ServiceBean:com.shanjupay.merchant.api.MerchantService, dubbo version: 2.7.3, current host: 10.18.19.38
[${project.name}][${env:SERVER_PORT}] 2021-11-04 09:45:32,369 [32mINFO[m [main][ServiceAnnotationBeanPostProcessor.java:161] -  [DUBBO] 1 annotated Dubbo's @Service Components { [Bean definition with name 'merchantServiceImpl': Generic bean: class [com.shanjupay.merchant.service.MerchantServiceImpl]; scope=; abstract=false; lazyInit=false; autowireMode=0; dependencyCheck=0; autowireCandidate=true; primary=false; factoryBeanName=null; factoryMethodName=null; initMethodName=null; destroyMethodName=null; defined in file [/Users/guolonghang/Documents/郭隆杭/项目材料/javaProject/shanjupay/shanjupay-merchant/shanjupay-merchant-service/target/classes/com/shanjupay/merchant/service/MerchantServiceImpl.class]] } were scanned under package[com.shanjupay], dubbo version: 2.7.3, current host: 10.18.19.38
[${project.name}][${env:SERVER_PORT}] 2021-11-04 09:45:32,370 [32mINFO[m [main][ConfigurationClassPostProcessor.java:380] - Cannot enhance @Configuration bean definition 'org.apache.dubbo.spring.boot.autoconfigure.DubboRelaxedBinding2AutoConfiguration' since its singleton instance has been created too early. The typical cause is a non-static @Bean method with a BeanDefinitionRegistryPostProcessor return type: Consider declaring such methods as 'static'.
[${project.name}][${env:SERVER_PORT}] 2021-11-04 09:45:32,371 [32mINFO[m [main][ConfigurationClassPostProcessor.java:380] - Cannot enhance @Configuration bean definition 'org.apache.dubbo.spring.boot.autoconfigure.DubboAutoConfiguration' since its singleton instance has been created too early. The typical cause is a non-static @Bean method with a BeanDefinitionRegistryPostProcessor return type: Consider declaring such methods as 'static'.
[${project.name}][${env:SERVER_PORT}] 2021-11-04 09:45:32,520 [32mINFO[m [main][GenericScope.java:294] - BeanFactory id=94f75401-4508-32b6-ac5b-b5c4fdcfb9ed
[${project.name}][${env:SERVER_PORT}] 2021-11-04 09:45:32,614 [32mINFO[m [main][PostProcessorRegistrationDelegate.java:330] - Bean 'org.springframework.transaction.annotation.ProxyTransactionManagementConfiguration' of type [org.springframework.transaction.annotation.ProxyTransactionManagementConfiguration$$EnhancerBySpringCGLIB$$a9a57a13] is not eligible for getting processed by all BeanPostProcessors (for example: not eligible for auto-proxying)
[${project.name}][${env:SERVER_PORT}] 2021-11-04 09:45:32,763 [32mINFO[m [main][PostProcessorRegistrationDelegate.java:330] - Bean 'com.alibaba.cloud.dubbo.autoconfigure.DubboOpenFeignAutoConfiguration' of type [com.alibaba.cloud.dubbo.autoconfigure.DubboOpenFeignAutoConfiguration$$EnhancerBySpringCGLIB$$2d66c917] is not eligible for getting processed by all BeanPostProcessors (for example: not eligible for auto-proxying)
[${project.name}][${env:SERVER_PORT}] 2021-11-04 09:45:32,775 [32mINFO[m [main][PostProcessorRegistrationDelegate.java:330] - Bean 'dubbo.cloud-com.alibaba.cloud.dubbo.env.DubboCloudProperties' of type [com.alibaba.cloud.dubbo.env.DubboCloudProperties] is not eligible for getting processed by all BeanPostProcessors (for example: not eligible for auto-proxying)
[${project.name}][${env:SERVER_PORT}] 2021-11-04 09:45:32,791 [32mINFO[m [main][PostProcessorRegistrationDelegate.java:330] - Bean 'metadataJsonResolver' of type [com.alibaba.cloud.dubbo.metadata.resolver.DubboServiceBeanMetadataResolver] is not eligible for getting processed by all BeanPostProcessors (for example: not eligible for auto-proxying)
[${project.name}][${env:SERVER_PORT}] 2021-11-04 09:45:32,799 [32mINFO[m [main][PostProcessorRegistrationDelegate.java:330] - Bean 'org.apache.dubbo.config.ApplicationConfig#0' of type [org.apache.dubbo.config.ApplicationConfig] is not eligible for getting processed by all BeanPostProcessors (for example: not eligible for auto-proxying)
[${project.name}][${env:SERVER_PORT}] 2021-11-04 09:45:32,804 [32mINFO[m [main][PostProcessorRegistrationDelegate.java:330] - Bean 'dubboProtocolConfigSupplier' of type [com.alibaba.cloud.dubbo.metadata.DubboProtocolConfigSupplier] is not eligible for getting processed by all BeanPostProcessors (for example: not eligible for auto-proxying)
[${project.name}][${env:SERVER_PORT}] 2021-11-04 09:45:32,805 [32mINFO[m [main][PostProcessorRegistrationDelegate.java:330] - Bean 'com.alibaba.cloud.dubbo.service.DubboMetadataServiceExporter' of type [com.alibaba.cloud.dubbo.service.DubboMetadataServiceExporter] is not eligible for getting processed by all BeanPostProcessors (for example: not eligible for auto-proxying)
[${project.name}][${env:SERVER_PORT}] 2021-11-04 09:45:32,805 [32mINFO[m [main][PostProcessorRegistrationDelegate.java:330] - Bean 'com.alibaba.cloud.dubbo.autoconfigure.DubboMetadataAutoConfiguration' of type [com.alibaba.cloud.dubbo.autoconfigure.DubboMetadataAutoConfiguration$$EnhancerBySpringCGLIB$$9fa66591] is not eligible for getting processed by all BeanPostProcessors (for example: not eligible for auto-proxying)
[${project.name}][${env:SERVER_PORT}] 2021-11-04 09:45:32,810 [32mINFO[m [main][PostProcessorRegistrationDelegate.java:330] - Bean 'com.alibaba.cloud.dubbo.autoconfigure.DubboServiceAutoConfiguration' of type [com.alibaba.cloud.dubbo.autoconfigure.DubboServiceAutoConfiguration$$EnhancerBySpringCGLIB$$32506de9] is not eligible for getting processed by all BeanPostProcessors (for example: not eligible for auto-proxying)
[${project.name}][${env:SERVER_PORT}] 2021-11-04 09:45:32,814 [32mINFO[m [main][PostProcessorRegistrationDelegate.java:330] - Bean 'dubboGenericServiceFactory' of type [com.alibaba.cloud.dubbo.service.DubboGenericServiceFactory] is not eligible for getting processed by all BeanPostProcessors (for example: not eligible for auto-proxying)
[${project.name}][${env:SERVER_PORT}] 2021-11-04 09:45:32,816 [32mINFO[m [main][PostProcessorRegistrationDelegate.java:330] - Bean 'dubboMetadataConfigServiceProxy' of type [com.alibaba.cloud.dubbo.service.DubboMetadataServiceProxy] is not eligible for getting processed by all BeanPostProcessors (for example: not eligible for auto-proxying)
[${project.name}][${env:SERVER_PORT}] 2021-11-04 09:45:32,820 [32mINFO[m [main][PostProcessorRegistrationDelegate.java:330] - Bean 'org.springframework.cloud.client.discovery.composite.CompositeDiscoveryClientAutoConfiguration' of type [org.springframework.cloud.client.discovery.composite.CompositeDiscoveryClientAutoConfiguration$$EnhancerBySpringCGLIB$$f295a7a3] is not eligible for getting processed by all BeanPostProcessors (for example: not eligible for auto-proxying)
[${project.name}][${env:SERVER_PORT}] 2021-11-04 09:45:32,823 [32mINFO[m [main][PostProcessorRegistrationDelegate.java:330] - Bean 'com.alibaba.cloud.nacos.discovery.NacosDiscoveryClientAutoConfiguration' of type [com.alibaba.cloud.nacos.discovery.NacosDiscoveryClientAutoConfiguration$$EnhancerBySpringCGLIB$$e660b068] is not eligible for getting processed by all BeanPostProcessors (for example: not eligible for auto-proxying)
[${project.name}][${env:SERVER_PORT}] 2021-11-04 09:45:32,830 [32mINFO[m [main][PostProcessorRegistrationDelegate.java:330] - Bean 'org.springframework.cloud.commons.util.UtilAutoConfiguration' of type [org.springframework.cloud.commons.util.UtilAutoConfiguration$$EnhancerBySpringCGLIB$$71534397] is not eligible for getting processed by all BeanPostProcessors (for example: not eligible for auto-proxying)
[${project.name}][${env:SERVER_PORT}] 2021-11-04 09:45:32,835 [32mINFO[m [main][PostProcessorRegistrationDelegate.java:330] - Bean 'inetUtilsProperties' of type [org.springframework.cloud.commons.util.InetUtilsProperties] is not eligible for getting processed by all BeanPostProcessors (for example: not eligible for auto-proxying)
[${project.name}][${env:SERVER_PORT}] 2021-11-04 09:45:32,836 [32mINFO[m [main][PostProcessorRegistrationDelegate.java:330] - Bean 'inetUtils' of type [org.springframework.cloud.commons.util.InetUtils] is not eligible for getting processed by all BeanPostProcessors (for example: not eligible for auto-proxying)
[${project.name}][${env:SERVER_PORT}] 2021-11-04 09:45:32,841 [32mINFO[m [main][PostProcessorRegistrationDelegate.java:330] - Bean 'nacosProperties' of type [com.alibaba.cloud.nacos.NacosDiscoveryProperties] is not eligible for getting processed by all BeanPostProcessors (for example: not eligible for auto-proxying)
[${project.name}][${env:SERVER_PORT}] 2021-11-04 09:45:32,844 [32mINFO[m [main][PostProcessorRegistrationDelegate.java:330] - Bean 'nacosDiscoveryClient' of type [com.alibaba.cloud.nacos.discovery.NacosDiscoveryClient] is not eligible for getting processed by all BeanPostProcessors (for example: not eligible for auto-proxying)
[${project.name}][${env:SERVER_PORT}] 2021-11-04 09:45:32,856 [32mINFO[m [main][PostProcessorRegistrationDelegate.java:330] - Bean 'server-org.springframework.boot.autoconfigure.web.ServerProperties' of type [org.springframework.boot.autoconfigure.web.ServerProperties] is not eligible for getting processed by all BeanPostProcessors (for example: not eligible for auto-proxying)
[${project.name}][${env:SERVER_PORT}] 2021-11-04 09:45:32,858 [32mINFO[m [main][PostProcessorRegistrationDelegate.java:330] - Bean 'org.springframework.cloud.client.discovery.simple.SimpleDiscoveryClientAutoConfiguration' of type [org.springframework.cloud.client.discovery.simple.SimpleDiscoveryClientAutoConfiguration$$EnhancerBySpringCGLIB$$bec44071] is not eligible for getting processed by all BeanPostProcessors (for example: not eligible for auto-proxying)
[${project.name}][${env:SERVER_PORT}] 2021-11-04 09:45:32,865 [32mINFO[m [main][PostProcessorRegistrationDelegate.java:330] - Bean 'simpleDiscoveryProperties' of type [org.springframework.cloud.client.discovery.simple.SimpleDiscoveryProperties] is not eligible for getting processed by all BeanPostProcessors (for example: not eligible for auto-proxying)
[${project.name}][${env:SERVER_PORT}] 2021-11-04 09:45:32,867 [32mINFO[m [main][PostProcessorRegistrationDelegate.java:330] - Bean 'simpleDiscoveryClient' of type [org.springframework.cloud.client.discovery.simple.SimpleDiscoveryClient] is not eligible for getting processed by all BeanPostProcessors (for example: not eligible for auto-proxying)
[${project.name}][${env:SERVER_PORT}] 2021-11-04 09:45:32,870 [32mINFO[m [main][PostProcessorRegistrationDelegate.java:330] - Bean 'compositeDiscoveryClient' of type [org.springframework.cloud.client.discovery.composite.CompositeDiscoveryClient] is not eligible for getting processed by all BeanPostProcessors (for example: not eligible for auto-proxying)
[${project.name}][${env:SERVER_PORT}] 2021-11-04 09:45:32,875 [32mINFO[m [main][PostProcessorRegistrationDelegate.java:330] - Bean 'com.alibaba.cloud.dubbo.util.JSONUtils' of type [com.alibaba.cloud.dubbo.util.JSONUtils] is not eligible for getting processed by all BeanPostProcessors (for example: not eligible for auto-proxying)
[${project.name}][${env:SERVER_PORT}] 2021-11-04 09:45:32,957 [33mWARN[m [main][DubboServiceMetadataRepository.java:216] - Current application will subscribe all services(size:0) in registry, a lot of memory and CPU cycles may be used, thus it's strongly recommend you using the externalized property 'dubbo.cloud.subscribed-services' to specify the services
[${project.name}][${env:SERVER_PORT}] 2021-11-04 09:45:32,957 [32mINFO[m [main][PostProcessorRegistrationDelegate.java:330] - Bean 'com.alibaba.cloud.dubbo.metadata.repository.DubboServiceMetadataRepository' of type [com.alibaba.cloud.dubbo.metadata.repository.DubboServiceMetadataRepository] is not eligible for getting processed by all BeanPostProcessors (for example: not eligible for auto-proxying)
[${project.name}][${env:SERVER_PORT}] 2021-11-04 09:45:32,982 [32mINFO[m [main][PostProcessorRegistrationDelegate.java:330] - Bean 'com.alibaba.cloud.dubbo.service.parameter.RequestParamServiceParameterResolver' of type [com.alibaba.cloud.dubbo.service.parameter.RequestParamServiceParameterResolver] is not eligible for getting processed by all BeanPostProcessors (for example: not eligible for auto-proxying)
[${project.name}][${env:SERVER_PORT}] 2021-11-04 09:45:32,992 [32mINFO[m [main][PostProcessorRegistrationDelegate.java:330] - Bean 'spring.http-org.springframework.boot.autoconfigure.http.HttpProperties' of type [org.springframework.boot.autoconfigure.http.HttpProperties] is not eligible for getting processed by all BeanPostProcessors (for example: not eligible for auto-proxying)
[${project.name}][${env:SERVER_PORT}] 2021-11-04 09:45:32,995 [32mINFO[m [main][PostProcessorRegistrationDelegate.java:330] - Bean 'org.springframework.boot.autoconfigure.http.HttpMessageConvertersAutoConfiguration$StringHttpMessageConverterConfiguration' of type [org.springframework.boot.autoconfigure.http.HttpMessageConvertersAutoConfiguration$StringHttpMessageConverterConfiguration$$EnhancerBySpringCGLIB$$f6e70c47] is not eligible for getting processed by all BeanPostProcessors (for example: not eligible for auto-proxying)
[${project.name}][${env:SERVER_PORT}] 2021-11-04 09:45:33,002 [32mINFO[m [main][PostProcessorRegistrationDelegate.java:330] - Bean 'stringHttpMessageConverter' of type [org.springframework.http.converter.StringHttpMessageConverter] is not eligible for getting processed by all BeanPostProcessors (for example: not eligible for auto-proxying)
[${project.name}][${env:SERVER_PORT}] 2021-11-04 09:45:33,005 [32mINFO[m [main][PostProcessorRegistrationDelegate.java:330] - Bean 'org.springframework.boot.autoconfigure.http.JacksonHttpMessageConvertersConfiguration$MappingJackson2HttpMessageConverterConfiguration' of type [org.springframework.boot.autoconfigure.http.JacksonHttpMessageConvertersConfiguration$MappingJackson2HttpMessageConverterConfiguration$$EnhancerBySpringCGLIB$$30bd0847] is not eligible for getting processed by all BeanPostProcessors (for example: not eligible for auto-proxying)
[${project.name}][${env:SERVER_PORT}] 2021-11-04 09:45:33,010 [32mINFO[m [main][PostProcessorRegistrationDelegate.java:330] - Bean 'org.springframework.boot.autoconfigure.jackson.JacksonAutoConfiguration$JacksonObjectMapperConfiguration' of type [org.springframework.boot.autoconfigure.jackson.JacksonAutoConfiguration$JacksonObjectMapperConfiguration$$EnhancerBySpringCGLIB$$538f9a4] is not eligible for getting processed by all BeanPostProcessors (for example: not eligible for auto-proxying)
[${project.name}][${env:SERVER_PORT}] 2021-11-04 09:45:33,016 [32mINFO[m [main][PostProcessorRegistrationDelegate.java:330] - Bean 'org.springframework.boot.autoconfigure.jackson.JacksonAutoConfiguration$JacksonObjectMapperBuilderConfiguration' of type [org.springframework.boot.autoconfigure.jackson.JacksonAutoConfiguration$JacksonObjectMapperBuilderConfiguration$$EnhancerBySpringCGLIB$$b785bbbd] is not eligible for getting processed by all BeanPostProcessors (for example: not eligible for auto-proxying)
[${project.name}][${env:SERVER_PORT}] 2021-11-04 09:45:33,020 [32mINFO[m [main][PostProcessorRegistrationDelegate.java:330] - Bean 'org.springframework.boot.autoconfigure.jackson.JacksonAutoConfiguration$Jackson2ObjectMapperBuilderCustomizerConfiguration' of type [org.springframework.boot.autoconfigure.jackson.JacksonAutoConfiguration$Jackson2ObjectMapperBuilderCustomizerConfiguration$$EnhancerBySpringCGLIB$$729ca1ac] is not eligible for getting processed by all BeanPostProcessors (for example: not eligible for auto-proxying)
[${project.name}][${env:SERVER_PORT}] 2021-11-04 09:45:33,023 [32mINFO[m [main][PostProcessorRegistrationDelegate.java:330] - Bean 'spring.jackson-org.springframework.boot.autoconfigure.jackson.JacksonProperties' of type [org.springframework.boot.autoconfigure.jackson.JacksonProperties] is not eligible for getting processed by all BeanPostProcessors (for example: not eligible for auto-proxying)
[${project.name}][${env:SERVER_PORT}] 2021-11-04 09:45:33,026 [32mINFO[m [main][PostProcessorRegistrationDelegate.java:330] - Bean 'standardJacksonObjectMapperBuilderCustomizer' of type [org.springframework.boot.autoconfigure.jackson.JacksonAutoConfiguration$Jackson2ObjectMapperBuilderCustomizerConfiguration$StandardJackson2ObjectMapperBuilderCustomizer] is not eligible for getting processed by all BeanPostProcessors (for example: not eligible for auto-proxying)
[${project.name}][${env:SERVER_PORT}] 2021-11-04 09:45:33,030 [32mINFO[m [main][PostProcessorRegistrationDelegate.java:330] - Bean 'org.springframework.boot.autoconfigure.jackson.JacksonAutoConfiguration$ParameterNamesModuleConfiguration' of type [org.springframework.boot.autoconfigure.jackson.JacksonAutoConfiguration$ParameterNamesModuleConfiguration$$EnhancerBySpringCGLIB$$996818da] is not eligible for getting processed by all BeanPostProcessors (for example: not eligible for auto-proxying)
[${project.name}][${env:SERVER_PORT}] 2021-11-04 09:45:33,038 [32mINFO[m [main][PostProcessorRegistrationDelegate.java:330] - Bean 'parameterNamesModule' of type [com.fasterxml.jackson.module.paramnames.ParameterNamesModule] is not eligible for getting processed by all BeanPostProcessors (for example: not eligible for auto-proxying)
[${project.name}][${env:SERVER_PORT}] 2021-11-04 09:45:33,040 [32mINFO[m [main][PostProcessorRegistrationDelegate.java:330] - Bean 'org.springframework.boot.autoconfigure.jackson.JacksonAutoConfiguration' of type [org.springframework.boot.autoconfigure.jackson.JacksonAutoConfiguration$$EnhancerBySpringCGLIB$$e7449733] is not eligible for getting processed by all BeanPostProcessors (for example: not eligible for auto-proxying)
[${project.name}][${env:SERVER_PORT}] 2021-11-04 09:45:33,048 [32mINFO[m [main][PostProcessorRegistrationDelegate.java:330] - Bean 'jsonComponentModule' of type [org.springframework.boot.jackson.JsonComponentModule] is not eligible for getting processed by all BeanPostProcessors (for example: not eligible for auto-proxying)
[${project.name}][${env:SERVER_PORT}] 2021-11-04 09:45:33,051 [32mINFO[m [main][PostProcessorRegistrationDelegate.java:330] - Bean 'jacksonObjectMapperBuilder' of type [org.springframework.http.converter.json.Jackson2ObjectMapperBuilder] is not eligible for getting processed by all BeanPostProcessors (for example: not eligible for auto-proxying)
[${project.name}][${env:SERVER_PORT}] 2021-11-04 09:45:33,066 [32mINFO[m [main][PostProcessorRegistrationDelegate.java:330] - Bean 'jacksonObjectMapper' of type [com.fasterxml.jackson.databind.ObjectMapper] is not eligible for getting processed by all BeanPostProcessors (for example: not eligible for auto-proxying)
[${project.name}][${env:SERVER_PORT}] 2021-11-04 09:45:33,073 [32mINFO[m [main][PostProcessorRegistrationDelegate.java:330] - Bean 'mappingJackson2HttpMessageConverter' of type [org.springframework.http.converter.json.MappingJackson2HttpMessageConverter] is not eligible for getting processed by all BeanPostProcessors (for example: not eligible for auto-proxying)
[${project.name}][${env:SERVER_PORT}] 2021-11-04 09:45:33,076 [32mINFO[m [main][PostProcessorRegistrationDelegate.java:330] - Bean 'org.springframework.boot.autoconfigure.http.HttpMessageConvertersAutoConfiguration' of type [org.springframework.boot.autoconfigure.http.HttpMessageConvertersAutoConfiguration$$EnhancerBySpringCGLIB$$c3d945a7] is not eligible for getting processed by all BeanPostProcessors (for example: not eligible for auto-proxying)
[${project.name}][${env:SERVER_PORT}] 2021-11-04 09:45:33,081 [32mINFO[m [main][PostProcessorRegistrationDelegate.java:330] - Bean 'messageConverters' of type [org.springframework.boot.autoconfigure.http.HttpMessageConverters] is not eligible for getting processed by all BeanPostProcessors (for example: not eligible for auto-proxying)
[${project.name}][${env:SERVER_PORT}] 2021-11-04 09:45:33,082 [32mINFO[m [main][PostProcessorRegistrationDelegate.java:330] - Bean 'com.alibaba.cloud.dubbo.service.parameter.RequestBodyServiceParameterResolver' of type [com.alibaba.cloud.dubbo.service.parameter.RequestBodyServiceParameterResolver] is not eligible for getting processed by all BeanPostProcessors (for example: not eligible for auto-proxying)
[${project.name}][${env:SERVER_PORT}] 2021-11-04 09:45:33,086 [32mINFO[m [main][PostProcessorRegistrationDelegate.java:330] - Bean 'com.alibaba.cloud.dubbo.service.parameter.RequestHeaderServiceParameterResolver' of type [com.alibaba.cloud.dubbo.service.parameter.RequestHeaderServiceParameterResolver] is not eligible for getting processed by all BeanPostProcessors (for example: not eligible for auto-proxying)
[${project.name}][${env:SERVER_PORT}] 2021-11-04 09:45:33,089 [32mINFO[m [main][PostProcessorRegistrationDelegate.java:330] - Bean 'com.alibaba.cloud.dubbo.service.parameter.PathVariableServiceParameterResolver' of type [com.alibaba.cloud.dubbo.service.parameter.PathVariableServiceParameterResolver] is not eligible for getting processed by all BeanPostProcessors (for example: not eligible for auto-proxying)
[${project.name}][${env:SERVER_PORT}] 2021-11-04 09:45:33,090 [32mINFO[m [main][PostProcessorRegistrationDelegate.java:330] - Bean 'com.alibaba.cloud.dubbo.service.DubboGenericServiceExecutionContextFactory' of type [com.alibaba.cloud.dubbo.service.DubboGenericServiceExecutionContextFactory] is not eligible for getting processed by all BeanPostProcessors (for example: not eligible for auto-proxying)
[${project.name}][${env:SERVER_PORT}] 2021-11-04 09:45:33,096 [32mINFO[m [main][PostProcessorRegistrationDelegate.java:330] - Bean 'relaxedDubboConfigBinder' of type [org.apache.dubbo.spring.boot.autoconfigure.BinderDubboConfigBinder] is not eligible for getting processed by all BeanPostProcessors (for example: not eligible for auto-proxying)
[${project.name}][${env:SERVER_PORT}] 2021-11-04 09:45:33,100 [32mINFO[m [main][PostProcessorRegistrationDelegate.java:330] - Bean 'relaxedDubboConfigBinder' of type [org.apache.dubbo.spring.boot.autoconfigure.BinderDubboConfigBinder] is not eligible for getting processed by all BeanPostProcessors (for example: not eligible for auto-proxying)
[${project.name}][${env:SERVER_PORT}] 2021-11-04 09:45:33,101 [32mINFO[m [main][PostProcessorRegistrationDelegate.java:330] - Bean 'relaxedDubboConfigBinder' of type [org.apache.dubbo.spring.boot.autoconfigure.BinderDubboConfigBinder] is not eligible for getting processed by all BeanPostProcessors (for example: not eligible for auto-proxying)
[${project.name}][${env:SERVER_PORT}] 2021-11-04 09:45:33,102 [32mINFO[m [main][PostProcessorRegistrationDelegate.java:330] - Bean 'relaxedDubboConfigBinder' of type [org.apache.dubbo.spring.boot.autoconfigure.BinderDubboConfigBinder] is not eligible for getting processed by all BeanPostProcessors (for example: not eligible for auto-proxying)
[${project.name}][${env:SERVER_PORT}] 2021-11-04 09:45:33,106 [32mINFO[m [main][PostProcessorRegistrationDelegate.java:330] - Bean 'org.springframework.cloud.autoconfigure.ConfigurationPropertiesRebinderAutoConfiguration' of type [org.springframework.cloud.autoconfigure.ConfigurationPropertiesRebinderAutoConfiguration$$EnhancerBySpringCGLIB$$c5bf7d10] is not eligible for getting processed by all BeanPostProcessors (for example: not eligible for auto-proxying)
[${project.name}][${env:SERVER_PORT}] 2021-11-04 09:45:33,284 [32mINFO[m [main][TomcatWebServer.java:90] - Tomcat initialized with port(s): 56040 (http)
[${project.name}][${env:SERVER_PORT}] 2021-11-04 09:45:33,294 [32mINFO[m [main][DirectJDKLog.java:173] - Initializing ProtocolHandler ["http-nio-56040"]
[${project.name}][${env:SERVER_PORT}] 2021-11-04 09:45:33,300 [32mINFO[m [main][DirectJDKLog.java:173] - Starting service [Tomcat]
[${project.name}][${env:SERVER_PORT}] 2021-11-04 09:45:33,300 [32mINFO[m [main][DirectJDKLog.java:173] - Starting Servlet engine: [Apache Tomcat/9.0.16]
[${project.name}][${env:SERVER_PORT}] 2021-11-04 09:45:33,304 [32mINFO[m [main][DirectJDKLog.java:173] - The APR based Apache Tomcat Native library which allows optimal performance in production environments was not found on the java.library.path: [/Users/guolonghang/Library/Java/Extensions:/Library/Java/Extensions:/Network/Library/Java/Extensions:/System/Library/Java/Extensions:/usr/lib/java:.]
[${project.name}][${env:SERVER_PORT}] 2021-11-04 09:45:33,368 [32mINFO[m [main][DirectJDKLog.java:173] - Initializing Spring embedded WebApplicationContext
[${project.name}][${env:SERVER_PORT}] 2021-11-04 09:45:33,368 [32mINFO[m [main][ServletWebServerApplicationContext.java:296] - Root WebApplicationContext: initialization completed in 1613 ms
[${project.name}][${env:SERVER_PORT}] 2021-11-04 09:45:33,595 [32mINFO[m [main][DruidDataSourceAutoConfigure.java:56] - Init DruidDataSource
[${project.name}][${env:SERVER_PORT}] 2021-11-04 09:45:33,663 [32mINFO[m [main][DruidDataSource.java:1002] - {dataSource-1} inited
[${project.name}][${env:SERVER_PORT}] 2021-11-04 09:45:34,363 [33mWARN[m [main][URLConfigurationSource.java:121] - No URLs will be polled as dynamic configuration sources.
[${project.name}][${env:SERVER_PORT}] 2021-11-04 09:45:34,363 [32mINFO[m [main][URLConfigurationSource.java:122] - To enable URLs as dynamic configuration sources, define System property archaius.configurationSource.additionalUrls or make config.properties available on classpath.
[${project.name}][${env:SERVER_PORT}] 2021-11-04 09:45:34,366 [33mWARN[m [main][URLConfigurationSource.java:121] - No URLs will be polled as dynamic configuration sources.
[${project.name}][${env:SERVER_PORT}] 2021-11-04 09:45:34,366 [32mINFO[m [main][URLConfigurationSource.java:122] - To enable URLs as dynamic configuration sources, define System property archaius.configurationSource.additionalUrls or make config.properties available on classpath.
[${project.name}][${env:SERVER_PORT}] 2021-11-04 09:45:34,474 [32mINFO[m [main][ExecutorConfigurationSupport.java:171] - Initializing ExecutorService 'applicationTaskExecutor'
[${project.name}][${env:SERVER_PORT}] 2021-11-04 09:45:34,649 [32mINFO[m [main][ExecutorConfigurationSupport.java:171] - Initializing ExecutorService
[${project.name}][${env:SERVER_PORT}] 2021-11-04 09:45:34,671 [32mINFO[m [main][DubboConfigBindingBeanPostProcessor.java:109] - The properties of bean [name : org.apache.dubbo.config.RegistryConfig#0] have been binding by prefix of configuration properties : dubbo.registry
[${project.name}][${env:SERVER_PORT}] 2021-11-04 09:45:34,675 [32mINFO[m [main][DubboConfigBindingBeanPostProcessor.java:109] - The properties of bean [name : org.apache.dubbo.config.ProtocolConfig#0] have been binding by prefix of configuration properties : dubbo.protocol
[${project.name}][${env:SERVER_PORT}] 2021-11-04 09:45:34,684 [32mINFO[m [main][DubboConfigBindingBeanPostProcessor.java:109] - The properties of bean [name : org.apache.dubbo.config.ConsumerConfig#0] have been binding by prefix of configuration properties : dubbo.consumer
[${project.name}][${env:SERVER_PORT}] 2021-11-04 09:45:34,957 [32mINFO[m [main][EndpointLinksResolver.java:59] - Exposing 4 endpoint(s) beneath base path '/actuator'
[${project.name}][${env:SERVER_PORT}] 2021-11-04 09:45:35,078 [32mINFO[m [main][DubboServiceMetadataRepository.java:262] - The metadata of Dubbo services has been initialized
[${project.name}][${env:SERVER_PORT}] 2021-11-04 09:45:35,114 [33mWARN[m [ThreadPoolTaskScheduler-1][DubboServiceMetadataRepository.java:216] - Current application will subscribe all services(size:0) in registry, a lot of memory and CPU cycles may be used, thus it's strongly recommend you using the externalized property 'dubbo.cloud.subscribed-services' to specify the services
[${project.name}][${env:SERVER_PORT}] 2021-11-04 09:45:35,118 [32mINFO[m [main][ServiceBean.java:112] -  [DUBBO] The service ready on spring started. service: com.shanjupay.merchant.api.MerchantService, dubbo version: 2.7.3, current host: 10.18.19.38
[${project.name}][${env:SERVER_PORT}] 2021-11-04 09:45:35,128 [33mWARN[m [main][AbstractInterfaceConfig.java:265] -  [DUBBO] There's no valid metadata config found, if you are using the simplified mode of registry url, please make sure you have a metadata address configured properly., dubbo version: 2.7.3, current host: 10.18.19.38
[${project.name}][${env:SERVER_PORT}] 2021-11-04 09:45:35,186 [32mINFO[m [main][ServiceConfig.java:643] -  [DUBBO] Export dubbo service com.shanjupay.merchant.api.MerchantService to local registry url : injvm://127.0.0.1/com.shanjupay.merchant.api.MerchantService?anyhost=true&application=merchant-service&bean.name=ServiceBean:com.shanjupay.merchant.api.MerchantService&bind.ip=10.18.19.38&bind.port=20890&deprecated=false&dubbo=2.0.2&dynamic=true&generic=false&interface=com.shanjupay.merchant.api.MerchantService&methods=queryMerchantById,applyMerchant,createMerchant&pid=1339&qos.enable=false&qos.port=22240&register=true&release=2.7.3&side=provider&timestamp=1635990335130, dubbo version: 2.7.3, current host: 10.18.19.38
[${project.name}][${env:SERVER_PORT}] 2021-11-04 09:45:35,186 [32mINFO[m [main][ServiceConfig.java:581] -  [DUBBO] Export dubbo service com.shanjupay.merchant.api.MerchantService to url dubbo://10.18.19.38:20890/com.shanjupay.merchant.api.MerchantService?anyhost=true&application=merchant-service&bean.name=ServiceBean:com.shanjupay.merchant.api.MerchantService&bind.ip=10.18.19.38&bind.port=20890&deprecated=false&dubbo=2.0.2&dynamic=true&generic=false&interface=com.shanjupay.merchant.api.MerchantService&methods=queryMerchantById,applyMerchant,createMerchant&pid=1339&qos.enable=false&qos.port=22240&register=true&release=2.7.3&side=provider&timestamp=1635990335130, dubbo version: 2.7.3, current host: 10.18.19.38
[${project.name}][${env:SERVER_PORT}] 2021-11-04 09:45:35,186 [32mINFO[m [main][AbstractInterfaceConfig.java:237] -  [DUBBO] There's no valid monitor config found, if you want to open monitor statistics for Dubbo, please make sure your monitor is configured properly., dubbo version: 2.7.3, current host: 10.18.19.38
[${project.name}][${env:SERVER_PORT}] 2021-11-04 09:45:35,186 [32mINFO[m [main][ServiceConfig.java:595] -  [DUBBO] Register dubbo service com.shanjupay.merchant.api.MerchantService url dubbo://10.18.19.38:20890/com.shanjupay.merchant.api.MerchantService?anyhost=true&application=merchant-service&bean.name=ServiceBean:com.shanjupay.merchant.api.MerchantService&bind.ip=10.18.19.38&bind.port=20890&deprecated=false&dubbo=2.0.2&dynamic=true&generic=false&interface=com.shanjupay.merchant.api.MerchantService&methods=queryMerchantById,applyMerchant,createMerchant&pid=1339&qos.enable=false&qos.port=22240&register=true&release=2.7.3&side=provider&timestamp=1635990335130 to registry registry://localhost:9090/org.apache.dubbo.registry.RegistryService?application=merchant-service&dubbo=2.0.2&pid=1339&qos.enable=false&qos.port=22240&registry=spring-cloud&release=2.7.3&timestamp=1635990335128, dubbo version: 2.7.3, current host: 10.18.19.38
[${project.name}][${env:SERVER_PORT}] 2021-11-04 09:45:35,201 [32mINFO[m [main][QosProtocolWrapper.java:89] -  [DUBBO] qos won't be started because it is disabled. Please check dubbo.application.qos.enable is configured either in system property, dubbo.properties or XML/spring-boot configuration., dubbo version: 2.7.3, current host: 10.18.19.38
[${project.name}][${env:SERVER_PORT}] 2021-11-04 09:45:35,315 [32mINFO[m [main][AbstractServer.java:73] -  [DUBBO] Start NettyServer bind /0.0.0.0:20890, export /10.18.19.38:20890, dubbo version: 2.7.3, current host: 10.18.19.38
[${project.name}][${env:SERVER_PORT}] 2021-11-04 09:45:35,317 [33mWARN[m [main][SpringExtensionFactory.java:86] -  [DUBBO] No spring extension (bean) named:applicationContext, try to find an extension (bean) of type org.springframework.context.ConfigurableApplicationContext, dubbo version: 2.7.3, current host: 10.18.19.38
[${project.name}][${env:SERVER_PORT}] 2021-11-04 09:45:35,318 [33mWARN[m [main][SpringExtensionFactory.java:104] -  [DUBBO] No spring extension (bean) named:applicationContext, type:org.springframework.context.ConfigurableApplicationContext found, stop get bean., dubbo version: 2.7.3, current host: 10.18.19.38
[${project.name}][${env:SERVER_PORT}] 2021-11-04 09:45:35,322 [32mINFO[m [main][AbstractRegistry.java:280] -  [DUBBO] Register: dubbo://10.18.19.38:20890/com.shanjupay.merchant.api.MerchantService?anyhost=true&application=merchant-service&bean.name=ServiceBean:com.shanjupay.merchant.api.MerchantService&deprecated=false&dubbo=2.0.2&dynamic=true&generic=false&interface=com.shanjupay.merchant.api.MerchantService&methods=queryMerchantById,applyMerchant,createMerchant&pid=1339&register=true&release=2.7.3&side=provider&timestamp=1635990335130, dubbo version: 2.7.3, current host: 10.18.19.38
[${project.name}][${env:SERVER_PORT}] 2021-11-04 09:45:35,324 [32mINFO[m [main][AbstractRegistry.java:305] -  [DUBBO] Subscribe: provider://10.18.19.38:20890/com.shanjupay.merchant.api.MerchantService?anyhost=true&application=merchant-service&bean.name=ServiceBean:com.shanjupay.merchant.api.MerchantService&bind.ip=10.18.19.38&bind.port=20890&category=configurators&check=false&deprecated=false&dubbo=2.0.2&dynamic=true&generic=false&interface=com.shanjupay.merchant.api.MerchantService&methods=queryMerchantById,applyMerchant,createMerchant&pid=1339&qos.enable=false&qos.port=22240&register=true&release=2.7.3&side=provider&timestamp=1635990335130, dubbo version: 2.7.3, current host: 10.18.19.38
[${project.name}][${env:SERVER_PORT}] 2021-11-04 09:45:35,325 [32mINFO[m [main][AbstractInterfaceConfig.java:237] -  [DUBBO] There's no valid monitor config found, if you want to open monitor statistics for Dubbo, please make sure your monitor is configured properly., dubbo version: 2.7.3, current host: 10.18.19.38
[${project.name}][${env:SERVER_PORT}] 2021-11-04 09:45:35,325 [32mINFO[m [main][ServiceConfig.java:595] -  [DUBBO] Register dubbo service com.shanjupay.merchant.api.MerchantService url dubbo://10.18.19.38:20890/com.shanjupay.merchant.api.MerchantService?anyhost=true&application=merchant-service&bean.name=ServiceBean:com.shanjupay.merchant.api.MerchantService&bind.ip=10.18.19.38&bind.port=20890&deprecated=false&dubbo=2.0.2&dynamic=true&generic=false&interface=com.shanjupay.merchant.api.MerchantService&methods=queryMerchantById,applyMerchant,createMerchant&pid=1339&qos.enable=false&qos.port=22240&register=true&release=2.7.3&side=provider&timestamp=1635990335130 to registry registry://127.0.0.1:8848/org.apache.dubbo.registry.RegistryService?application=merchant-service&dubbo=2.0.2&pid=1339&qos.enable=false&qos.port=22240&registry=nacos&release=2.7.3&timestamp=1635990335130, dubbo version: 2.7.3, current host: 10.18.19.38
[${project.name}][${env:SERVER_PORT}] 2021-11-04 09:45:35,328 [32mINFO[m [main][AbstractRegistry.java:212] -  [DUBBO] Load registry cache file /Users/guolonghang/.dubbo/dubbo-registry-merchant-service-127.0.0.1:8848.cache, data: {merchant-application/com.alibaba.cloud.dubbo.service.DubboMetadataService:1.0.0=dubbo://10.18.19.38:20891/com.alibaba.cloud.dubbo.service.DubboMetadataService?anyhost=true&application=merchant-application&category=providers&deprecated=false&dubbo=2.0.2&dynamic=true&generic=false&group=merchant-application&interface=com.alibaba.cloud.dubbo.service.DubboMetadataService&methods=getAllServiceKeys,getServiceRestMetadata,getExportedURLs,getAllExportedURLs&path=com.alibaba.cloud.dubbo.service.DubboMetadataService&pid=6135&protocol=dubbo&register=true&release=2.7.3&revision=2.1.0.RELEASE&side=provider&timestamp=1635926076792&version=1.0.0}, dubbo version: 2.7.3, current host: 10.18.19.38
[${project.name}][${env:SERVER_PORT}] 2021-11-04 09:45:35,328 [32mINFO[m [main][AbstractRegistry.java:280] -  [DUBBO] Register: dubbo://10.18.19.38:20890/com.shanjupay.merchant.api.MerchantService?anyhost=true&application=merchant-service&bean.name=ServiceBean:com.shanjupay.merchant.api.MerchantService&deprecated=false&dubbo=2.0.2&dynamic=true&generic=false&interface=com.shanjupay.merchant.api.MerchantService&methods=queryMerchantById,applyMerchant,createMerchant&pid=1339&register=true&release=2.7.3&side=provider&timestamp=1635990335130, dubbo version: 2.7.3, current host: 10.18.19.38
[${project.name}][${env:SERVER_PORT}] 2021-11-04 09:45:35,338 [32mINFO[m [main][AbstractRegistry.java:305] -  [DUBBO] Subscribe: provider://10.18.19.38:20890/com.shanjupay.merchant.api.MerchantService?anyhost=true&application=merchant-service&bean.name=ServiceBean:com.shanjupay.merchant.api.MerchantService&bind.ip=10.18.19.38&bind.port=20890&category=configurators&check=false&deprecated=false&dubbo=2.0.2&dynamic=true&generic=false&interface=com.shanjupay.merchant.api.MerchantService&methods=queryMerchantById,applyMerchant,createMerchant&pid=1339&qos.enable=false&qos.port=22240&register=true&release=2.7.3&side=provider&timestamp=1635990335130, dubbo version: 2.7.3, current host: 10.18.19.38
[${project.name}][${env:SERVER_PORT}] 2021-11-04 09:45:35,461 [33mWARN[m [main][AbstractRegistry.java:395] -  [DUBBO] Ignore empty notify urls for subscribe url provider://10.18.19.38:20890/com.shanjupay.merchant.api.MerchantService?anyhost=true&application=merchant-service&bean.name=ServiceBean:com.shanjupay.merchant.api.MerchantService&bind.ip=10.18.19.38&bind.port=20890&category=configurators&check=false&deprecated=false&dubbo=2.0.2&dynamic=true&generic=false&interface=com.shanjupay.merchant.api.MerchantService&methods=queryMerchantById,applyMerchant,createMerchant&pid=1339&qos.enable=false&qos.port=22240&register=true&release=2.7.3&side=provider&timestamp=1635990335130, dubbo version: 2.7.3, current host: 10.18.19.38
[${project.name}][${env:SERVER_PORT}] 2021-11-04 09:45:35,462 [33mWARN[m [com.alibaba.nacos.naming.client.listener][AbstractRegistry.java:395] -  [DUBBO] Ignore empty notify urls for subscribe url provider://10.18.19.38:20890/com.shanjupay.merchant.api.MerchantService?anyhost=true&application=merchant-service&bean.name=ServiceBean:com.shanjupay.merchant.api.MerchantService&bind.ip=10.18.19.38&bind.port=20890&category=configurators&check=false&deprecated=false&dubbo=2.0.2&dynamic=true&generic=false&interface=com.shanjupay.merchant.api.MerchantService&methods=queryMerchantById,applyMerchant,createMerchant&pid=1339&qos.enable=false&qos.port=22240&register=true&release=2.7.3&side=provider&timestamp=1635990335130, dubbo version: 2.7.3, current host: 10.18.19.38
[${project.name}][${env:SERVER_PORT}] 2021-11-04 09:45:35,464 [32mINFO[m [main][DirectJDKLog.java:173] - Starting ProtocolHandler ["http-nio-56040"]
[${project.name}][${env:SERVER_PORT}] 2021-11-04 09:45:35,471 [32mINFO[m [main][TomcatWebServer.java:204] - Tomcat started on port(s): 56040 (http) with context path ''
[${project.name}][${env:SERVER_PORT}] 2021-11-04 09:45:35,479 [33mWARN[m [main][AbstractInterfaceConfig.java:265] -  [DUBBO] There's no valid metadata config found, if you are using the simplified mode of registry url, please make sure you have a metadata address configured properly., dubbo version: 2.7.3, current host: 10.18.19.38
[${project.name}][${env:SERVER_PORT}] 2021-11-04 09:45:35,484 [32mINFO[m [main][ServiceConfig.java:643] -  [DUBBO] Export dubbo service com.alibaba.cloud.dubbo.service.DubboMetadataService to local registry url : injvm://127.0.0.1/com.alibaba.cloud.dubbo.service.DubboMetadataService?anyhost=true&application=merchant-service&bind.ip=10.18.19.38&bind.port=20890&deprecated=false&dubbo=2.0.2&dynamic=true&generic=false&group=merchant-service&interface=com.alibaba.cloud.dubbo.service.DubboMetadataService&methods=getAllServiceKeys,getServiceRestMetadata,getExportedURLs,getAllExportedURLs&pid=1339&qos.enable=false&qos.port=22240&register=true&release=2.7.3&revision=2.1.0.RELEASE&side=provider&timestamp=1635990335479&version=1.0.0, dubbo version: 2.7.3, current host: 10.18.19.38
[${project.name}][${env:SERVER_PORT}] 2021-11-04 09:45:35,484 [32mINFO[m [main][ServiceConfig.java:581] -  [DUBBO] Export dubbo service com.alibaba.cloud.dubbo.service.DubboMetadataService to url dubbo://10.18.19.38:20890/com.alibaba.cloud.dubbo.service.DubboMetadataService?anyhost=true&application=merchant-service&bind.ip=10.18.19.38&bind.port=20890&deprecated=false&dubbo=2.0.2&dynamic=true&generic=false&group=merchant-service&interface=com.alibaba.cloud.dubbo.service.DubboMetadataService&methods=getAllServiceKeys,getServiceRestMetadata,getExportedURLs,getAllExportedURLs&pid=1339&qos.enable=false&qos.port=22240&register=true&release=2.7.3&revision=2.1.0.RELEASE&side=provider&timestamp=1635990335479&version=1.0.0, dubbo version: 2.7.3, current host: 10.18.19.38
[${project.name}][${env:SERVER_PORT}] 2021-11-04 09:45:35,484 [32mINFO[m [main][AbstractInterfaceConfig.java:237] -  [DUBBO] There's no valid monitor config found, if you want to open monitor statistics for Dubbo, please make sure your monitor is configured properly., dubbo version: 2.7.3, current host: 10.18.19.38
[${project.name}][${env:SERVER_PORT}] 2021-11-04 09:45:35,485 [32mINFO[m [main][ServiceConfig.java:595] -  [DUBBO] Register dubbo service com.alibaba.cloud.dubbo.service.DubboMetadataService url dubbo://10.18.19.38:20890/com.alibaba.cloud.dubbo.service.DubboMetadataService?anyhost=true&application=merchant-service&bind.ip=10.18.19.38&bind.port=20890&deprecated=false&dubbo=2.0.2&dynamic=true&generic=false&group=merchant-service&interface=com.alibaba.cloud.dubbo.service.DubboMetadataService&methods=getAllServiceKeys,getServiceRestMetadata,getExportedURLs,getAllExportedURLs&pid=1339&qos.enable=false&qos.port=22240&register=true&release=2.7.3&revision=2.1.0.RELEASE&side=provider&timestamp=1635990335479&version=1.0.0 to registry registry://127.0.0.1:8848/org.apache.dubbo.registry.RegistryService?application=merchant-service&dubbo=2.0.2&pid=1339&qos.enable=false&qos.port=22240&registry=nacos&release=2.7.3&timestamp=1635990335479, dubbo version: 2.7.3, current host: 10.18.19.38
[${project.name}][${env:SERVER_PORT}] 2021-11-04 09:45:35,485 [32mINFO[m [main][AbstractRegistry.java:280] -  [DUBBO] Register: dubbo://10.18.19.38:20890/com.alibaba.cloud.dubbo.service.DubboMetadataService?anyhost=true&application=merchant-service&deprecated=false&dubbo=2.0.2&dynamic=true&generic=false&group=merchant-service&interface=com.alibaba.cloud.dubbo.service.DubboMetadataService&methods=getAllServiceKeys,getServiceRestMetadata,getExportedURLs,getAllExportedURLs&pid=1339&register=true&release=2.7.3&revision=2.1.0.RELEASE&side=provider&timestamp=1635990335479&version=1.0.0, dubbo version: 2.7.3, current host: 10.18.19.38
[${project.name}][${env:SERVER_PORT}] 2021-11-04 09:45:35,493 [32mINFO[m [main][AbstractRegistry.java:305] -  [DUBBO] Subscribe: provider://10.18.19.38:20890/com.alibaba.cloud.dubbo.service.DubboMetadataService?anyhost=true&application=merchant-service&bind.ip=10.18.19.38&bind.port=20890&category=configurators&check=false&deprecated=false&dubbo=2.0.2&dynamic=true&generic=false&group=merchant-service&interface=com.alibaba.cloud.dubbo.service.DubboMetadataService&methods=getAllServiceKeys,getServiceRestMetadata,getExportedURLs,getAllExportedURLs&pid=1339&qos.enable=false&qos.port=22240&register=true&release=2.7.3&revision=2.1.0.RELEASE&side=provider&timestamp=1635990335479&version=1.0.0, dubbo version: 2.7.3, current host: 10.18.19.38
[${project.name}][${env:SERVER_PORT}] 2021-11-04 09:45:35,500 [33mWARN[m [main][AbstractRegistry.java:395] -  [DUBBO] Ignore empty notify urls for subscribe url provider://10.18.19.38:20890/com.alibaba.cloud.dubbo.service.DubboMetadataService?anyhost=true&application=merchant-service&bind.ip=10.18.19.38&bind.port=20890&category=configurators&check=false&deprecated=false&dubbo=2.0.2&dynamic=true&generic=false&group=merchant-service&interface=com.alibaba.cloud.dubbo.service.DubboMetadataService&methods=getAllServiceKeys,getServiceRestMetadata,getExportedURLs,getAllExportedURLs&pid=1339&qos.enable=false&qos.port=22240&register=true&release=2.7.3&revision=2.1.0.RELEASE&side=provider&timestamp=1635990335479&version=1.0.0, dubbo version: 2.7.3, current host: 10.18.19.38
[${project.name}][${env:SERVER_PORT}] 2021-11-04 09:45:35,500 [33mWARN[m [com.alibaba.nacos.naming.client.listener][AbstractRegistry.java:395] -  [DUBBO] Ignore empty notify urls for subscribe url provider://10.18.19.38:20890/com.alibaba.cloud.dubbo.service.DubboMetadataService?anyhost=true&application=merchant-service&bind.ip=10.18.19.38&bind.port=20890&category=configurators&check=false&deprecated=false&dubbo=2.0.2&dynamic=true&generic=false&group=merchant-service&interface=com.alibaba.cloud.dubbo.service.DubboMetadataService&methods=getAllServiceKeys,getServiceRestMetadata,getExportedURLs,getAllExportedURLs&pid=1339&qos.enable=false&qos.port=22240&register=true&release=2.7.3&revision=2.1.0.RELEASE&side=provider&timestamp=1635990335479&version=1.0.0, dubbo version: 2.7.3, current host: 10.18.19.38
[${project.name}][${env:SERVER_PORT}] 2021-11-04 09:45:35,501 [32mINFO[m [main][DubboMetadataServiceExporter.java:86] - The Dubbo service[<dubbo:service path="com.alibaba.cloud.dubbo.service.DubboMetadataService" ref="com.alibaba.cloud.dubbo.service.IntrospectiveDubboMetadataService@4809c771" prefix="dubbo.service.com.alibaba.cloud.dubbo.service.DubboMetadataService" exported="true" unexported="false" generic="false" interface="com.alibaba.cloud.dubbo.service.DubboMetadataService" dynamic="true" version="1.0.0" register="true" deprecated="false" group="merchant-service" valid="true" id="com.alibaba.cloud.dubbo.service.DubboMetadataService" />] has been exported.
[${project.name}][${env:SERVER_PORT}] 2021-11-04 09:45:35,514 [32mINFO[m [main][NacosServiceRegistry.java:62] - nacos registry, merchant-service 10.18.19.38:56040 register finished
[${project.name}][${env:SERVER_PORT}] 2021-11-04 09:45:35,517 [32mINFO[m [main][StartupInfoLogger.java:59] - Started MerchantBootstrap in 4.568 seconds (JVM running for 5.147)
[${project.name}][${env:SERVER_PORT}] 2021-11-04 09:45:35,860 [32mINFO[m [RMI TCP Connection(1)-10.18.19.38][DirectJDKLog.java:173] - Initializing Spring DispatcherServlet 'dispatcherServlet'
[${project.name}][${env:SERVER_PORT}] 2021-11-04 09:45:35,860 [32mINFO[m [RMI TCP Connection(1)-10.18.19.38][FrameworkServlet.java:524] - Initializing Servlet 'dispatcherServlet'
[${project.name}][${env:SERVER_PORT}] 2021-11-04 09:45:35,871 [32mINFO[m [RMI TCP Connection(1)-10.18.19.38][FrameworkServlet.java:546] - Completed initialization in 11 ms
[${project.name}][${env:SERVER_PORT}] 2021-11-04 09:46:05,127 [33mWARN[m [ThreadPoolTaskScheduler-1][DubboServiceMetadataRepository.java:216] - Current application will subscribe all services(size:2) in registry, a lot of memory and CPU cycles may be used, thus it's strongly recommend you using the externalized property 'dubbo.cloud.subscribed-services' to specify the services
[${project.name}][${env:SERVER_PORT}] 2021-11-04 09:46:05,133 [32mINFO[m [com.alibaba.nacos.naming.client.listener][DubboServiceDiscoveryAutoConfiguration.java:157] - The event of the service instances[name : merchant-application , size : 1] change is about to be dispatched
[${project.name}][${env:SERVER_PORT}] 2021-11-04 09:46:05,133 [32mINFO[m [com.alibaba.nacos.naming.client.listener][AbstractSpringCloudRegistry.java:213] - The Dubbo Service URL[ID : provider://10.18.19.38:20890/com.shanjupay.merchant.api.MerchantService] is being subscribed for service[name : merchant-application]
[${project.name}][${env:SERVER_PORT}] 2021-11-04 09:46:05,133 [32mINFO[m [com.alibaba.nacos.naming.client.listener][AbstractSpringCloudRegistry.java:223] - The metadata of Dubbo service[key : com.shanjupay.merchant.api.MerchantService] can't be found when the subscribed service[name : merchant-application], and then try to initialize it
[${project.name}][${env:SERVER_PORT}] 2021-11-04 09:46:05,134 [32mINFO[m [com.alibaba.nacos.naming.client.listener][DubboServiceMetadataRepository.java:280] - The metadata of Dubbo service[name : merchant-application] is about to be initialized
[${project.name}][${env:SERVER_PORT}] 2021-11-04 09:46:05,152 [33mWARN[m [com.alibaba.nacos.naming.client.listener][AbstractInterfaceConfig.java:265] -  [DUBBO] There's no valid metadata config found, if you are using the simplified mode of registry url, please make sure you have a metadata address configured properly., dubbo version: 2.7.3, current host: 10.18.19.38
[${project.name}][${env:SERVER_PORT}] 2021-11-04 09:46:05,154 [32mINFO[m [com.alibaba.nacos.naming.client.listener][AbstractInterfaceConfig.java:237] -  [DUBBO] There's no valid monitor config found, if you want to open monitor statistics for Dubbo, please make sure your monitor is configured properly., dubbo version: 2.7.3, current host: 10.18.19.38
[${project.name}][${env:SERVER_PORT}] 2021-11-04 09:46:05,154 [32mINFO[m [com.alibaba.nacos.naming.client.listener][AbstractInterfaceConfig.java:237] -  [DUBBO] There's no valid monitor config found, if you want to open monitor statistics for Dubbo, please make sure your monitor is configured properly., dubbo version: 2.7.3, current host: 10.18.19.38
[${project.name}][${env:SERVER_PORT}] 2021-11-04 09:46:05,163 [32mINFO[m [com.alibaba.nacos.naming.client.listener][AbstractRegistry.java:280] -  [DUBBO] Register: consumer://10.18.19.38/org.apache.dubbo.rpc.service.GenericService?application=merchant-service&category=consumers&check=false&dubbo=2.0.2&generic=true&group=merchant-application&interface=com.alibaba.cloud.dubbo.service.DubboMetadataService&lazy=false&pid=1339&qos.enable=false&qos.port=22240&release=2.7.3&retries=-1&side=consumer&sticky=false&timeout=90000&timestamp=1635990365152&version=1.0.0, dubbo version: 2.7.3, current host: 10.18.19.38
[${project.name}][${env:SERVER_PORT}] 2021-11-04 09:46:05,166 [32mINFO[m [com.alibaba.nacos.naming.client.listener][AbstractRegistry.java:305] -  [DUBBO] Subscribe: consumer://10.18.19.38/org.apache.dubbo.rpc.service.GenericService?application=merchant-service&category=providers,configurators,routers&check=false&dubbo=2.0.2&generic=true&group=merchant-application&interface=com.alibaba.cloud.dubbo.service.DubboMetadataService&lazy=false&pid=1339&qos.enable=false&qos.port=22240&release=2.7.3&retries=-1&side=consumer&sticky=false&timeout=90000&timestamp=1635990365152&version=1.0.0, dubbo version: 2.7.3, current host: 10.18.19.38
[${project.name}][${env:SERVER_PORT}] 2021-11-04 09:46:05,180 [32mINFO[m [com.alibaba.nacos.naming.client.listener][AbstractClient.java:199] -  [DUBBO] Succeed connect to server /10.18.19.38:20891 from NettyClient 10.18.19.38 using dubbo version 2.7.3, channel is NettyChannel [channel=[id: 0x5ee9001a, L:/10.18.19.38:49902 - R:/10.18.19.38:20891]], dubbo version: 2.7.3, current host: 10.18.19.38
[${project.name}][${env:SERVER_PORT}] 2021-11-04 09:46:05,180 [32mINFO[m [com.alibaba.nacos.naming.client.listener][AbstractClient.java:71] -  [DUBBO] Start NettyClient guolonghangdeMacBook-Pro.local/10.18.19.38 connect to the server /10.18.19.38:20891, dubbo version: 2.7.3, current host: 10.18.19.38
[${project.name}][${env:SERVER_PORT}] 2021-11-04 09:46:05,186 [32mINFO[m [com.alibaba.nacos.naming.client.listener][AbstractRegistry.java:280] -  [DUBBO] Register: consumer://10.18.19.38/org.apache.dubbo.rpc.service.GenericService?application=merchant-service&category=consumers&check=false&dubbo=2.0.2&generic=true&group=merchant-application&interface=com.alibaba.cloud.dubbo.service.DubboMetadataService&lazy=false&pid=1339&qos.enable=false&qos.port=22240&release=2.7.3&retries=-1&side=consumer&sticky=false&timeout=90000&timestamp=1635990365152&version=1.0.0, dubbo version: 2.7.3, current host: 10.18.19.38
[${project.name}][${env:SERVER_PORT}] 2021-11-04 09:46:05,192 [32mINFO[m [com.alibaba.nacos.naming.client.listener][AbstractRegistry.java:305] -  [DUBBO] Subscribe: consumer://10.18.19.38/org.apache.dubbo.rpc.service.GenericService?application=merchant-service&category=providers,configurators,routers&check=false&dubbo=2.0.2&generic=true&group=merchant-application&interface=com.alibaba.cloud.dubbo.service.DubboMetadataService&lazy=false&pid=1339&qos.enable=false&qos.port=22240&release=2.7.3&retries=-1&side=consumer&sticky=false&timeout=90000&timestamp=1635990365152&version=1.0.0, dubbo version: 2.7.3, current host: 10.18.19.38
[${project.name}][${env:SERVER_PORT}] 2021-11-04 09:46:05,197 [32mINFO[m [com.alibaba.nacos.naming.client.listener][AbstractRegistry.java:399] -  [DUBBO] Notify urls for subscribe url consumer://10.18.19.38/org.apache.dubbo.rpc.service.GenericService?application=merchant-service&category=providers,configurators,routers&check=false&dubbo=2.0.2&generic=true&group=merchant-application&interface=com.alibaba.cloud.dubbo.service.DubboMetadataService&lazy=false&pid=1339&qos.enable=false&qos.port=22240&release=2.7.3&retries=-1&side=consumer&sticky=false&timeout=90000&timestamp=1635990365152&version=1.0.0, urls: [dubbo://10.18.19.38:20891/com.alibaba.cloud.dubbo.service.DubboMetadataService?anyhost=true&application=merchant-application&category=providers&deprecated=false&dubbo=2.0.2&dynamic=true&generic=false&group=merchant-application&interface=com.alibaba.cloud.dubbo.service.DubboMetadataService&methods=getAllServiceKeys,getServiceRestMetadata,getExportedURLs,getAllExportedURLs&path=com.alibaba.cloud.dubbo.service.DubboMetadataService&pid=1345&protocol=dubbo&register=true&release=2.7.3&revision=2.1.0.RELEASE&side=provider&timestamp=1635990336153&version=1.0.0], dubbo version: 2.7.3, current host: 10.18.19.38
[${project.name}][${env:SERVER_PORT}] 2021-11-04 09:46:05,198 [32mINFO[m [com.alibaba.nacos.naming.client.listener][AbstractRegistry.java:399] -  [DUBBO] Notify urls for subscribe url consumer://10.18.19.38/org.apache.dubbo.rpc.service.GenericService?application=merchant-service&category=providers,configurators,routers&check=false&dubbo=2.0.2&generic=true&group=merchant-application&interface=com.alibaba.cloud.dubbo.service.DubboMetadataService&lazy=false&pid=1339&qos.enable=false&qos.port=22240&release=2.7.3&retries=-1&side=consumer&sticky=false&timeout=90000&timestamp=1635990365152&version=1.0.0, urls: [dubbo://10.18.19.38:20891/com.alibaba.cloud.dubbo.service.DubboMetadataService?anyhost=true&application=merchant-application&category=providers&deprecated=false&dubbo=2.0.2&dynamic=true&generic=false&group=merchant-application&interface=com.alibaba.cloud.dubbo.service.DubboMetadataService&methods=getAllServiceKeys,getServiceRestMetadata,getExportedURLs,getAllExportedURLs&path=com.alibaba.cloud.dubbo.service.DubboMetadataService&pid=1345&protocol=dubbo&register=true&release=2.7.3&revision=2.1.0.RELEASE&side=provider&timestamp=1635990336153&version=1.0.0], dubbo version: 2.7.3, current host: 10.18.19.38
[${project.name}][${env:SERVER_PORT}] 2021-11-04 09:46:05,200 [32mINFO[m [com.alibaba.nacos.naming.client.listener][ReferenceConfig.java:421] -  [DUBBO] Refer dubbo service org.apache.dubbo.rpc.service.GenericService from url registry://127.0.0.1:8848/org.apache.dubbo.registry.RegistryService?application=merchant-service&check=false&cluster=registryaware&dubbo=2.0.2&generic=true&group=merchant-application&interface=com.alibaba.cloud.dubbo.service.DubboMetadataService&lazy=false&pid=1339&qos.enable=false&qos.port=22240&refer=application%3Dmerchant-service%26check%3Dfalse%26dubbo%3D2.0.2%26generic%3Dtrue%26group%3Dmerchant-application%26interface%3Dcom.alibaba.cloud.dubbo.service.DubboMetadataService%26lazy%3Dfalse%26pid%3D1339%26qos.enable%3Dfalse%26qos.port%3D22240%26register.ip%3D10.18.19.38%26release%3D2.7.3%26retries%3D-1%26side%3Dconsumer%26sticky%3Dfalse%26timeout%3D90000%26timestamp%3D1635990365152%26version%3D1.0.0&register.ip=10.18.19.38&registry=nacos&release=2.7.3&retries=-1&side=consumer&sticky=false&timeout=90000&timestamp=1635990365152&version=1.0.0, dubbo version: 2.7.3, current host: 10.18.19.38
[${project.name}][${env:SERVER_PORT}] 2021-11-04 09:46:05,213 [33mWARN[m [com.alibaba.nacos.naming.client.listener][DubboServiceMetadataRepository.java:484] - The Spring application[name : merchant-application] does not expose The REST metadata in the Dubbo services.
[${project.name}][${env:SERVER_PORT}] 2021-11-04 09:46:35,142 [33mWARN[m [ThreadPoolTaskScheduler-1][DubboServiceMetadataRepository.java:216] - Current application will subscribe all services(size:2) in registry, a lot of memory and CPU cycles may be used, thus it's strongly recommend you using the externalized property 'dubbo.cloud.subscribed-services' to specify the services
[${project.name}][${env:SERVER_PORT}] 2021-11-04 09:47:05,154 [33mWARN[m [ThreadPoolTaskScheduler-1][DubboServiceMetadataRepository.java:216] - Current application will subscribe all services(size:2) in registry, a lot of memory and CPU cycles may be used, thus it's strongly recommend you using the externalized property 'dubbo.cloud.subscribed-services' to specify the services
[${project.name}][${env:SERVER_PORT}] 2021-11-04 09:47:35,169 [33mWARN[m [ThreadPoolTaskScheduler-1][DubboServiceMetadataRepository.java:216] - Current application will subscribe all services(size:2) in registry, a lot of memory and CPU cycles may be used, thus it's strongly recommend you using the externalized property 'dubbo.cloud.subscribed-services' to specify the services
[${project.name}][${env:SERVER_PORT}] 2021-11-04 09:48:05,179 [33mWARN[m [ThreadPoolTaskScheduler-1][DubboServiceMetadataRepository.java:216] - Current application will subscribe all services(size:2) in registry, a lot of memory and CPU cycles may be used, thus it's strongly recommend you using the externalized property 'dubbo.cloud.subscribed-services' to specify the services
[${project.name}][${env:SERVER_PORT}] 2021-11-04 09:48:35,187 [33mWARN[m [ThreadPoolTaskScheduler-1][DubboServiceMetadataRepository.java:216] - Current application will subscribe all services(size:2) in registry, a lot of memory and CPU cycles may be used, thus it's strongly recommend you using the externalized property 'dubbo.cloud.subscribed-services' to specify the services
[${project.name}][${env:SERVER_PORT}] 2021-11-04 09:49:05,201 [33mWARN[m [ThreadPoolTaskScheduler-1][DubboServiceMetadataRepository.java:216] - Current application will subscribe all services(size:2) in registry, a lot of memory and CPU cycles may be used, thus it's strongly recommend you using the externalized property 'dubbo.cloud.subscribed-services' to specify the services
[${project.name}][${env:SERVER_PORT}] 2021-11-04 09:49:35,210 [33mWARN[m [ThreadPoolTaskScheduler-1][DubboServiceMetadataRepository.java:216] - Current application will subscribe all services(size:2) in registry, a lot of memory and CPU cycles may be used, thus it's strongly recommend you using the externalized property 'dubbo.cloud.subscribed-services' to specify the services
[${project.name}][${env:SERVER_PORT}] 2021-11-04 09:50:05,222 [33mWARN[m [ThreadPoolTaskScheduler-1][DubboServiceMetadataRepository.java:216] - Current application will subscribe all services(size:2) in registry, a lot of memory and CPU cycles may be used, thus it's strongly recommend you using the externalized property 'dubbo.cloud.subscribed-services' to specify the services
[${project.name}][${env:SERVER_PORT}] 2021-11-04 09:50:35,234 [33mWARN[m [ThreadPoolTaskScheduler-1][DubboServiceMetadataRepository.java:216] - Current application will subscribe all services(size:2) in registry, a lot of memory and CPU cycles may be used, thus it's strongly recommend you using the externalized property 'dubbo.cloud.subscribed-services' to specify the services
[${project.name}][${env:SERVER_PORT}] 2021-11-04 09:51:05,245 [33mWARN[m [ThreadPoolTaskScheduler-1][DubboServiceMetadataRepository.java:216] - Current application will subscribe all services(size:2) in registry, a lot of memory and CPU cycles may be used, thus it's strongly recommend you using the externalized property 'dubbo.cloud.subscribed-services' to specify the services
[${project.name}][${env:SERVER_PORT}] 2021-11-04 09:51:35,256 [33mWARN[m [ThreadPoolTaskScheduler-1][DubboServiceMetadataRepository.java:216] - Current application will subscribe all services(size:2) in registry, a lot of memory and CPU cycles may be used, thus it's strongly recommend you using the externalized property 'dubbo.cloud.subscribed-services' to specify the services
[${project.name}][${env:SERVER_PORT}] 2021-11-04 09:52:05,267 [33mWARN[m [ThreadPoolTaskScheduler-1][DubboServiceMetadataRepository.java:216] - Current application will subscribe all services(size:2) in registry, a lot of memory and CPU cycles may be used, thus it's strongly recommend you using the externalized property 'dubbo.cloud.subscribed-services' to specify the services
[${project.name}][${env:SERVER_PORT}] 2021-11-04 09:52:13,053 [32mINFO[m [Thread-17][AbstractRegistry.java:291] -  [DUBBO] Unregister: dubbo://10.18.19.38:20890/com.alibaba.cloud.dubbo.service.DubboMetadataService?anyhost=true&application=merchant-service&deprecated=false&dubbo=2.0.2&dynamic=true&generic=false&group=merchant-service&interface=com.alibaba.cloud.dubbo.service.DubboMetadataService&methods=getAllServiceKeys,getServiceRestMetadata,getExportedURLs,getAllExportedURLs&pid=1339&register=true&release=2.7.3&revision=2.1.0.RELEASE&side=provider&timestamp=1635990335479&version=1.0.0, dubbo version: 2.7.3, current host: 10.18.19.38
[${project.name}][${env:SERVER_PORT}] 2021-11-04 09:52:13,056 [32mINFO[m [Thread-17][AbstractRegistry.java:320] -  [DUBBO] Unsubscribe: provider://10.18.19.38:20890/com.alibaba.cloud.dubbo.service.DubboMetadataService?anyhost=true&application=merchant-service&bind.ip=10.18.19.38&bind.port=20890&category=configurators&check=false&deprecated=false&dubbo=2.0.2&dynamic=true&generic=false&group=merchant-service&interface=com.alibaba.cloud.dubbo.service.DubboMetadataService&methods=getAllServiceKeys,getServiceRestMetadata,getExportedURLs,getAllExportedURLs&pid=1339&qos.enable=false&qos.port=22240&register=true&release=2.7.3&revision=2.1.0.RELEASE&side=provider&timestamp=1635990335479&version=1.0.0, dubbo version: 2.7.3, current host: 10.18.19.38
[${project.name}][${env:SERVER_PORT}] 2021-11-04 09:52:13,057 [32mINFO[m [Exporter-Unexport-thread-1][RegistryProtocol.java:689] -  [DUBBO] Waiting 10000ms for registry to notify all consumers before unexport. Usually, this is called when you use dubbo API, dubbo version: 2.7.3, current host: 10.18.19.38
[${project.name}][${env:SERVER_PORT}] 2021-11-04 09:52:13,057 [32mINFO[m [Thread-17][DubboMetadataServiceExporter.java:107] - The Dubbo service[<dubbo:service path="com.alibaba.cloud.dubbo.service.DubboMetadataService" ref="com.alibaba.cloud.dubbo.service.IntrospectiveDubboMetadataService@4809c771" prefix="dubbo.service.com.alibaba.cloud.dubbo.service.DubboMetadataService" exported="true" unexported="true" generic="false" interface="com.alibaba.cloud.dubbo.service.DubboMetadataService" dynamic="true" version="1.0.0" register="true" deprecated="false" group="merchant-service" valid="true" id="com.alibaba.cloud.dubbo.service.DubboMetadataService" />] has been unexported.
[${project.name}][${env:SERVER_PORT}] 2021-11-04 09:52:13,057 [32mINFO[m [Thread-17][AwaitingNonWebApplicationListener.java:155] -  [Dubbo] Current Spring Boot Application is about to shutdown...
[${project.name}][${env:SERVER_PORT}] 2021-11-04 09:52:13,057 [32mINFO[m [Thread-17][AbstractRegistryFactory.java:68] -  [DUBBO] Close all registries [nacos://127.0.0.1:8848/org.apache.dubbo.registry.RegistryService?application=merchant-service&dubbo=2.0.2&interface=org.apache.dubbo.registry.RegistryService&pid=1339&qos.enable=false&qos.port=22240&release=2.7.3&timestamp=1635990335130], dubbo version: 2.7.3, current host: 10.18.19.38
[${project.name}][${env:SERVER_PORT}] 2021-11-04 09:52:13,057 [32mINFO[m [Thread-17][AbstractRegistry.java:458] -  [DUBBO] Destroy registry:nacos://127.0.0.1:8848/org.apache.dubbo.registry.RegistryService?application=merchant-service&dubbo=2.0.2&interface=org.apache.dubbo.registry.RegistryService&pid=1339&qos.enable=false&qos.port=22240&release=2.7.3&timestamp=1635990335130, dubbo version: 2.7.3, current host: 10.18.19.38
[${project.name}][${env:SERVER_PORT}] 2021-11-04 09:52:13,058 [32mINFO[m [Thread-17][AbstractRegistry.java:291] -  [DUBBO] Unregister: consumer://10.18.19.38/org.apache.dubbo.rpc.service.GenericService?application=merchant-service&category=consumers&check=false&dubbo=2.0.2&generic=true&group=merchant-application&interface=com.alibaba.cloud.dubbo.service.DubboMetadataService&lazy=false&pid=1339&qos.enable=false&qos.port=22240&release=2.7.3&retries=-1&side=consumer&sticky=false&timeout=90000&timestamp=1635990365152&version=1.0.0, dubbo version: 2.7.3, current host: 10.18.19.38
[${project.name}][${env:SERVER_PORT}] 2021-11-04 09:52:13,060 [32mINFO[m [Thread-17][AbstractRegistry.java:467] -  [DUBBO] Destroy unregister url consumer://10.18.19.38/org.apache.dubbo.rpc.service.GenericService?application=merchant-service&category=consumers&check=false&dubbo=2.0.2&generic=true&group=merchant-application&interface=com.alibaba.cloud.dubbo.service.DubboMetadataService&lazy=false&pid=1339&qos.enable=false&qos.port=22240&release=2.7.3&retries=-1&side=consumer&sticky=false&timeout=90000&timestamp=1635990365152&version=1.0.0, dubbo version: 2.7.3, current host: 10.18.19.38
[${project.name}][${env:SERVER_PORT}] 2021-11-04 09:52:13,060 [32mINFO[m [Thread-17][AbstractRegistry.java:291] -  [DUBBO] Unregister: dubbo://10.18.19.38:20890/com.shanjupay.merchant.api.MerchantService?anyhost=true&application=merchant-service&bean.name=ServiceBean:com.shanjupay.merchant.api.MerchantService&deprecated=false&dubbo=2.0.2&dynamic=true&generic=false&interface=com.shanjupay.merchant.api.MerchantService&methods=queryMerchantById,applyMerchant,createMerchant&pid=1339&register=true&release=2.7.3&side=provider&timestamp=1635990335130, dubbo version: 2.7.3, current host: 10.18.19.38
[${project.name}][${env:SERVER_PORT}] 2021-11-04 09:52:13,061 [32mINFO[m [Thread-17][AbstractRegistry.java:467] -  [DUBBO] Destroy unregister url dubbo://10.18.19.38:20890/com.shanjupay.merchant.api.MerchantService?anyhost=true&application=merchant-service&bean.name=ServiceBean:com.shanjupay.merchant.api.MerchantService&deprecated=false&dubbo=2.0.2&dynamic=true&generic=false&interface=com.shanjupay.merchant.api.MerchantService&methods=queryMerchantById,applyMerchant,createMerchant&pid=1339&register=true&release=2.7.3&side=provider&timestamp=1635990335130, dubbo version: 2.7.3, current host: 10.18.19.38
[${project.name}][${env:SERVER_PORT}] 2021-11-04 09:52:13,061 [32mINFO[m [Thread-17][AbstractRegistry.java:320] -  [DUBBO] Unsubscribe: consumer://10.18.19.38/org.apache.dubbo.rpc.service.GenericService?application=merchant-service&category=providers,configurators,routers&check=false&dubbo=2.0.2&generic=true&group=merchant-application&interface=com.alibaba.cloud.dubbo.service.DubboMetadataService&lazy=false&pid=1339&qos.enable=false&qos.port=22240&release=2.7.3&retries=-1&side=consumer&sticky=false&timeout=90000&timestamp=1635990365152&version=1.0.0, dubbo version: 2.7.3, current host: 10.18.19.38
[${project.name}][${env:SERVER_PORT}] 2021-11-04 09:52:13,061 [32mINFO[m [Thread-17][AbstractRegistry.java:483] -  [DUBBO] Destroy unsubscribe url consumer://10.18.19.38/org.apache.dubbo.rpc.service.GenericService?application=merchant-service&category=providers,configurators,routers&check=false&dubbo=2.0.2&generic=true&group=merchant-application&interface=com.alibaba.cloud.dubbo.service.DubboMetadataService&lazy=false&pid=1339&qos.enable=false&qos.port=22240&release=2.7.3&retries=-1&side=consumer&sticky=false&timeout=90000&timestamp=1635990365152&version=1.0.0, dubbo version: 2.7.3, current host: 10.18.19.38
[${project.name}][${env:SERVER_PORT}] 2021-11-04 09:52:13,061 [32mINFO[m [Thread-17][AbstractRegistry.java:320] -  [DUBBO] Unsubscribe: provider://10.18.19.38:20890/com.shanjupay.merchant.api.MerchantService?anyhost=true&application=merchant-service&bean.name=ServiceBean:com.shanjupay.merchant.api.MerchantService&bind.ip=10.18.19.38&bind.port=20890&category=configurators&check=false&deprecated=false&dubbo=2.0.2&dynamic=true&generic=false&interface=com.shanjupay.merchant.api.MerchantService&methods=queryMerchantById,applyMerchant,createMerchant&pid=1339&qos.enable=false&qos.port=22240&register=true&release=2.7.3&side=provider&timestamp=1635990335130, dubbo version: 2.7.3, current host: 10.18.19.38
[${project.name}][${env:SERVER_PORT}] 2021-11-04 09:52:13,061 [32mINFO[m [Thread-17][AbstractRegistry.java:483] -  [DUBBO] Destroy unsubscribe url provider://10.18.19.38:20890/com.shanjupay.merchant.api.MerchantService?anyhost=true&application=merchant-service&bean.name=ServiceBean:com.shanjupay.merchant.api.MerchantService&bind.ip=10.18.19.38&bind.port=20890&category=configurators&check=false&deprecated=false&dubbo=2.0.2&dynamic=true&generic=false&interface=com.shanjupay.merchant.api.MerchantService&methods=queryMerchantById,applyMerchant,createMerchant&pid=1339&qos.enable=false&qos.port=22240&register=true&release=2.7.3&side=provider&timestamp=1635990335130, dubbo version: 2.7.3, current host: 10.18.19.38
[${project.name}][${env:SERVER_PORT}] 2021-11-04 09:52:13,061 [32mINFO[m [Thread-17][DubboProtocol.java:616] -  [DUBBO] Close dubbo server: /10.18.19.38:20890, dubbo version: 2.7.3, current host: 10.18.19.38
[${project.name}][${env:SERVER_PORT}] 2021-11-04 09:52:14,063 [33mWARN[m [com.alibaba.nacos.naming.client.listener][AbstractRegistry.java:395] -  [DUBBO] Ignore empty notify urls for subscribe url provider://10.18.19.38:20890/com.alibaba.cloud.dubbo.service.DubboMetadataService?anyhost=true&application=merchant-service&bind.ip=10.18.19.38&bind.port=20890&category=configurators&check=false&deprecated=false&dubbo=2.0.2&dynamic=true&generic=false&group=merchant-service&interface=com.alibaba.cloud.dubbo.service.DubboMetadataService&methods=getAllServiceKeys,getServiceRestMetadata,getExportedURLs,getAllExportedURLs&pid=1339&qos.enable=false&qos.port=22240&register=true&release=2.7.3&revision=2.1.0.RELEASE&side=provider&timestamp=1635990335479&version=1.0.0, dubbo version: 2.7.3, current host: 10.18.19.38
[${project.name}][${env:SERVER_PORT}] 2021-11-04 09:52:14,066 [33mWARN[m [com.alibaba.nacos.naming.client.listener][AbstractRegistry.java:395] -  [DUBBO] Ignore empty notify urls for subscribe url provider://10.18.19.38:20890/com.shanjupay.merchant.api.MerchantService?anyhost=true&application=merchant-service&bean.name=ServiceBean:com.shanjupay.merchant.api.MerchantService&bind.ip=10.18.19.38&bind.port=20890&category=configurators&check=false&deprecated=false&dubbo=2.0.2&dynamic=true&generic=false&interface=com.shanjupay.merchant.api.MerchantService&methods=queryMerchantById,applyMerchant,createMerchant&pid=1339&qos.enable=false&qos.port=22240&register=true&release=2.7.3&side=provider&timestamp=1635990335130, dubbo version: 2.7.3, current host: 10.18.19.38
[${project.name}][${env:SERVER_PORT}] 2021-11-04 09:52:14,082 [33mWARN[m [com.alibaba.nacos.naming.client.listener][AbstractRegistry.java:395] -  [DUBBO] Ignore empty notify urls for subscribe url consumer://10.18.19.38/org.apache.dubbo.rpc.service.GenericService?application=merchant-service&category=providers,configurators,routers&check=false&dubbo=2.0.2&generic=true&group=merchant-application&interface=com.alibaba.cloud.dubbo.service.DubboMetadataService&lazy=false&pid=1339&qos.enable=false&qos.port=22240&release=2.7.3&retries=-1&side=consumer&sticky=false&timeout=90000&timestamp=1635990365152&version=1.0.0, dubbo version: 2.7.3, current host: 10.18.19.38
